ERROR - 2025-06-11 06:09:17 --> DEBUG: $sGroupBy = 
CRITICAL - 2025-06-11 06:09:17 --> Data Retrieved isArray
(
    [pur_order_number] => #-00001-May-2025
    [vendor] => 0
    [order_date] => 2025-05-22
    [type] => capex
    [project] => 3
    [department] => 0
    [pur_order_name] => #-00001-May-2025
    [subtotal] => 0.00
    [total_tax] => 0.00
    [total] => 0.00
    [approve_status] => 2
    [delivery_date] => 2025-05-24
    [delivery_status] => 0
    [number] => 1
    [expense_convert] => 0
    [id] => 0
    [company] => Surya Infotech
    [project_name] => Automatice Soap Dispensor Machine Jig
    [department_name] => 
    [currency] => INR
)

ERROR - 2025-06-11 06:09:31 --> DEBUG: $sGroupBy = 
ERROR - 2025-06-11 06:09:36 --> DEBUG: $sGroupBy = 
ERROR - 2025-06-11 06:09:38 --> DEBUG: $sGroupBy = 
CRITICAL - 2025-06-11 06:09:38 --> Data Retrieved isArray
(
    [pur_order_number] => #-00001-May-2025
    [vendor] => 0
    [order_date] => 2025-05-22
    [type] => capex
    [project] => 3
    [department] => 0
    [pur_order_name] => #-00001-May-2025
    [subtotal] => 0.00
    [total_tax] => 0.00
    [total] => 0.00
    [approve_status] => 2
    [delivery_date] => 2025-05-24
    [delivery_status] => 0
    [number] => 1
    [expense_convert] => 0
    [id] => 0
    [company] => Surya Infotech
    [project_name] => Automatice Soap Dispensor Machine Jig
    [department_name] => 
    [currency] => INR
)

ERROR - 2025-06-11 06:10:47 --> DEBUG: $sGroupBy = 
ERROR - 2025-06-11 06:10:48 --> DEBUG: $sGroupBy = 
ERROR - 2025-06-11 06:10:53 --> DEBUG: $sGroupBy = 
CRITICAL - 2025-06-11 06:10:53 --> Data Retrieved isArray
(
    [pur_order_number] => #-00001-May-2025
    [vendor] => 0
    [order_date] => 2025-05-22
    [type] => capex
    [project] => 3
    [department] => 0
    [pur_order_name] => #-00001-May-2025
    [subtotal] => 0.00
    [total_tax] => 0.00
    [total] => 0.00
    [approve_status] => 2
    [delivery_date] => 2025-05-24
    [delivery_status] => 0
    [number] => 1
    [expense_convert] => 0
    [id] => 0
    [company] => Surya Infotech
    [project_name] => Automatice Soap Dispensor Machine Jig
    [department_name] => 
    [currency] => INR
)

ERROR - 2025-06-11 06:10:56 --> DEBUG: $sGroupBy = 
CRITICAL - 2025-06-11 06:10:56 --> Data Retrieved isArray
(
    [pur_order_number] => #-00001-May-2025
    [vendor] => 0
    [order_date] => 2025-05-22
    [type] => capex
    [project] => 3
    [department] => 0
    [pur_order_name] => #-00001-May-2025
    [subtotal] => 0.00
    [total_tax] => 0.00
    [total] => 0.00
    [approve_status] => 2
    [delivery_date] => 2025-05-24
    [delivery_status] => 0
    [number] => 1
    [expense_convert] => 0
    [id] => 0
    [company] => Surya Infotech
    [project_name] => Automatice Soap Dispensor Machine Jig
    [department_name] => 
    [currency] => INR
)

ERROR - 2025-06-11 06:10:58 --> DEBUG: $sGroupBy = 
CRITICAL - 2025-06-11 06:10:58 --> Data Retrieved isArray
(
    [pur_order_number] => #-00001-May-2025
    [vendor] => 0
    [order_date] => 2025-05-22
    [type] => capex
    [project] => 3
    [department] => 0
    [pur_order_name] => #-00001-May-2025
    [subtotal] => 0.00
    [total_tax] => 0.00
    [total] => 0.00
    [approve_status] => 2
    [delivery_date] => 2025-05-24
    [delivery_status] => 0
    [number] => 1
    [expense_convert] => 0
    [id] => 0
    [company] => Surya Infotech
    [project_name] => Automatice Soap Dispensor Machine Jig
    [department_name] => 
    [currency] => INR
)

ERROR - 2025-06-11 06:11:38 --> DEBUG: $sGroupBy = 
ERROR - 2025-06-11 06:11:48 --> DEBUG: $sGroupBy = 
ERROR - 2025-06-11 06:11:51 --> DEBUG: $sGroupBy = 
ERROR - 2025-06-11 06:31:04 --> DEBUG: $sGroupBy = 
ERROR - 2025-06-11 06:31:19 --> DEBUG: $sGroupBy = 
ERROR - 2025-06-11 06:31:29 --> Email: sendWithMail throwed mail(): Failed to connect to mailserver at &quot;localhost&quot; port 25, verify your &quot;SMTP&quot; and &quot;smtp_port&quot; setting in php.ini or use ini_set()
CRITICAL - 2025-06-11 06:31:30 --> Unable to send email using PHP mail(). Your server might not be configured to send mail using this method.<br /><pre>Date: Wed, 11 Jun 2025 06:31:27 -0500
From: &lt;&gt;
Return-Path: &lt;&gt;
Reply-To: &lt;&gt;
User-Agent: CodeIgniter
X-Mailer: CodeIgniter
X-Priority: 3 (Normal)
Message-ID: &lt;6849690fe5a244.45940353&gt;
Mime-Version: 1.0
Content-Type: multipart/alternative; boundary=&quot;B_ALT_6849690fe5a366.85213107&quot;
=?UTF-8?Q?default=5Flang.request=5Fapproval?=
This is a multi-part message in MIME format.
Your email application may not support this format.

--B_ALT_6849690fe5a366.85213107
Content-Type: text/plain; charset=UTF-8
Content-Transfer-Encoding: 8bit

You receive an approval request Purchase Request
http://localhost/rsra_new/rsra/index.php/purchase/view_pur_request/0 from
Sumit Ranjan


--B_ALT_6849690fe5a366.85213107
Content-Type: text/html; charset=UTF-8
Content-Transfer-Encoding: quoted-printable

You receive an approval request Purchase Request &lt;a href=3D&quot;http://localhos=
t/rsra_new/rsra/index.php/purchase/view_pur_request/0&quot;&gt;http://localhost/rsr=
a_new/rsra/index.php/purchase/view_pur_request/0&lt;/a&gt; from Sumit Ranjan

--B_ALT_6849690fe5a366.85213107--</pre>
in APPPATH\Helpers\general_helper.php on line 662.
 1 FCPATH\plugins\Purchase\Models\Purchase_model.php(3376): send_app_mail('ananddhariwalrs@gmail.com', 'default_lang.request_approval', 'You receive an approval request Purchase Request <a href="http://localhost/rsra_new/rsra/index.php/purchase/view_pur_request/0">http://localhost/rsra_new/rsra/index.php/purchase/view_pur_request/0</a> from Sumit Ranjan')
 2 FCPATH\plugins\Purchase\Controllers\Purchase.php(2584): Purchase\Models\Purchase_model->send_mail([...])
 3 SYSTEMPATH\CodeIgniter.php(896): Purchase\Controllers\Purchase->send_mail()
 4 SYSTEMPATH\CodeIgniter.php(466): CodeIgniter\CodeIgniter->runController(Object(Purchase\Controllers\Purchase))
 5 SYSTEMPATH\CodeIgniter.php(349): CodeIgniter\CodeIgniter->handleRequest(null, Object(Config\Cache), false)
 6 FCPATH\index.php(80): CodeIgniter\CodeIgniter->run()
ERROR - 2025-06-11 06:31:34 --> DEBUG: $sGroupBy = 
ERROR - 2025-06-11 06:31:36 --> DEBUG: $sGroupBy = 
CRITICAL - 2025-06-11 06:31:36 --> Data Retrieved isArray
(
    [pur_order_number] => #-00001-May-2025
    [vendor] => 0
    [order_date] => 2025-05-22
    [type] => capex
    [project] => 3
    [department] => 0
    [pur_order_name] => #-00001-May-2025
    [subtotal] => 0.00
    [total_tax] => 0.00
    [total] => 0.00
    [approve_status] => 2
    [delivery_date] => 2025-05-24
    [delivery_status] => 0
    [number] => 1
    [expense_convert] => 0
    [id] => 0
    [company] => Surya Infotech
    [project_name] => Automatice Soap Dispensor Machine Jig
    [department_name] => 
    [currency] => INR
)

ERROR - 2025-06-11 06:31:40 --> DEBUG: $sGroupBy = 
ERROR - 2025-06-11 06:31:45 --> DEBUG: $sGroupBy = 
CRITICAL - 2025-06-11 06:36:09 --> The action you requested is not allowed.
in SYSTEMPATH\Security\Security.php on line 286.
 1 SYSTEMPATH\Security\Security.php(286): CodeIgniter\Security\Exceptions\SecurityException::forDisallowedAction()
 2 SYSTEMPATH\Filters\CSRF.php(54): CodeIgniter\Security\Security->verify(Object(CodeIgniter\HTTP\IncomingRequest))
 3 SYSTEMPATH\Filters\Filters.php(173): CodeIgniter\Filters\CSRF->before(Object(CodeIgniter\HTTP\IncomingRequest), null)
 4 SYSTEMPATH\CodeIgniter.php(440): CodeIgniter\Filters\Filters->run('messages/count_notifications', 'before')
 5 SYSTEMPATH\CodeIgniter.php(349): CodeIgniter\CodeIgniter->handleRequest(null, Object(Config\Cache), false)
 6 FCPATH\index.php(80): CodeIgniter\CodeIgniter->run()
ERROR - 2025-06-11 06:36:28 --> DEBUG: $sGroupBy = 
ERROR - 2025-06-11 06:36:37 --> DEBUG: $sGroupBy = 
ERROR - 2025-06-11 06:36:37 --> Got row asArray
(
    [number] => 1
    [total] => 5500.00
    [total_tax] => 0.00
    [vendor] => 1
    [pur_request] => 13
    [date] => 2025-06-08
    [expirydate] => 2025-06-08
    [status] => 2
    [id] => 1
    [invoiceid] => 
    [deleted_vendor_name] => 
    [currency] => 
    [company] => Surya Infotech
    [pur_rq_name] => #-00005-2025
    [pur_rq_code] => #-00005-2025
)

ERROR - 2025-06-11 06:36:39 --> DEBUG: $sGroupBy = 
CRITICAL - 2025-06-11 06:36:39 --> Data Retrieved isArray
(
    [pur_order_number] => #-00001-Jun-2025-VEND001
    [vendor] => 1
    [order_date] => 2025-06-08
    [type] => opex
    [project] => 5
    [department] => 2
    [pur_order_name] => #-00001-Jun-2025
    [subtotal] => 5000.00
    [total_tax] => 500.00
    [total] => 5225.00
    [approve_status] => 2
    [delivery_date] => 2025-06-07
    [delivery_status] => 0
    [number] => 1
    [expense_convert] => 0
    [id] => 2
    [company] => Surya Infotech
    [project_name] => Robotic Cell
    [department_name] => Electrical
    [currency] => INR
)

CRITICAL - 2025-06-11 06:36:39 --> Data Retrieved isArray
(
    [pur_order_number] => #-00001-May-2025
    [vendor] => 0
    [order_date] => 2025-05-22
    [type] => capex
    [project] => 3
    [department] => 0
    [pur_order_name] => #-00001-May-2025
    [subtotal] => 0.00
    [total_tax] => 0.00
    [total] => 0.00
    [approve_status] => 2
    [delivery_date] => 2025-05-24
    [delivery_status] => 0
    [number] => 1
    [expense_convert] => 0
    [id] => 1
    [company] => 
    [project_name] => Automatice Soap Dispensor Machine Jig
    [department_name] => 
    [currency] => INR
)

CRITICAL - 2025-06-11 10:42:57 --> The action you requested is not allowed.
in SYSTEMPATH\Security\Security.php on line 286.
 1 SYSTEMPATH\Security\Security.php(286): CodeIgniter\Security\Exceptions\SecurityException::forDisallowedAction()
 2 SYSTEMPATH\Filters\CSRF.php(54): CodeIgniter\Security\Security->verify(Object(CodeIgniter\HTTP\IncomingRequest))
 3 SYSTEMPATH\Filters\Filters.php(173): CodeIgniter\Filters\CSRF->before(Object(CodeIgniter\HTTP\IncomingRequest), null)
 4 SYSTEMPATH\CodeIgniter.php(440): CodeIgniter\Filters\Filters->run('messages/count_notifications', 'before')
 5 SYSTEMPATH\CodeIgniter.php(349): CodeIgniter\CodeIgniter->handleRequest(null, Object(Config\Cache), false)
 6 FCPATH\index.php(80): CodeIgniter\CodeIgniter->run()
ERROR - 2025-06-11 10:44:22 --> DEBUG: $sGroupBy = 
ERROR - 2025-06-11 10:44:22 --> Got row asArray
(
    [number] => 1
    [total] => 5500.00
    [total_tax] => 0.00
    [vendor] => 1
    [pur_request] => 13
    [date] => 2025-06-08
    [expirydate] => 2025-06-08
    [status] => 2
    [id] => 1
    [invoiceid] => 
    [deleted_vendor_name] => 
    [currency] => 
    [company] => Surya Infotech
    [pur_rq_name] => #-00005-2025
    [pur_rq_code] => #-00005-2025
)

ERROR - 2025-06-11 10:44:24 --> DEBUG: $sGroupBy = 
ERROR - 2025-06-11 10:44:24 --> Got row asArray
(
    [number] => 1
    [total] => 5500.00
    [total_tax] => 0.00
    [vendor] => 1
    [pur_request] => 13
    [date] => 2025-06-08
    [expirydate] => 2025-06-08
    [status] => 2
    [id] => 1
    [invoiceid] => 
    [deleted_vendor_name] => 
    [currency] => 
    [company] => Surya Infotech
    [pur_rq_name] => #-00005-2025
    [pur_rq_code] => #-00005-2025
)

ERROR - 2025-06-11 10:46:50 --> DEBUG: $sGroupBy = 
ERROR - 2025-06-11 10:46:50 --> Got row asArray
(
    [number] => 1
    [total] => 5500.00
    [total_tax] => 0.00
    [vendor] => 1
    [pur_request] => 13
    [date] => 2025-06-08
    [expirydate] => 2025-06-08
    [status] => 2
    [id] => 1
    [invoiceid] => 
    [deleted_vendor_name] => 
    [currency] => 
    [company] => Surya Infotech
    [pur_rq_name] => #-00005-2025
    [pur_rq_code] => #-00005-2025
)

ERROR - 2025-06-11 10:46:52 --> DEBUG: $sGroupBy = 
CRITICAL - 2025-06-11 10:46:52 --> Data Retrieved isArray
(
    [pur_order_number] => #-00001-Jun-2025-VEND001
    [vendor] => 1
    [order_date] => 2025-06-08
    [type] => opex
    [project] => 5
    [department] => 2
    [pur_order_name] => #-00001-Jun-2025
    [subtotal] => 5000.00
    [total_tax] => 500.00
    [total] => 5225.00
    [approve_status] => 2
    [delivery_date] => 2025-06-07
    [delivery_status] => 0
    [number] => 1
    [expense_convert] => 0
    [id] => 2
    [company] => Surya Infotech
    [project_name] => Robotic Cell
    [department_name] => Electrical
    [currency] => INR
)

CRITICAL - 2025-06-11 10:46:52 --> Data Retrieved isArray
(
    [pur_order_number] => #-00001-May-2025
    [vendor] => 0
    [order_date] => 2025-05-22
    [type] => capex
    [project] => 3
    [department] => 0
    [pur_order_name] => #-00001-May-2025
    [subtotal] => 0.00
    [total_tax] => 0.00
    [total] => 0.00
    [approve_status] => 2
    [delivery_date] => 2025-05-24
    [delivery_status] => 0
    [number] => 1
    [expense_convert] => 0
    [id] => 1
    [company] => 
    [project_name] => Automatice Soap Dispensor Machine Jig
    [department_name] => 
    [currency] => INR
)

ERROR - 2025-06-11 10:46:58 --> DEBUG: $sGroupBy = 
ERROR - 2025-06-11 10:47:03 --> DEBUG: $sGroupBy = 
ERROR - 2025-06-11 10:47:05 --> DEBUG: $sGroupBy = 
ERROR - 2025-06-11 10:47:07 --> DEBUG: $sGroupBy = 
ERROR - 2025-06-11 10:47:09 --> DEBUG: $sGroupBy = 
ERROR - 2025-06-11 10:47:12 --> DEBUG: $sGroupBy = 
ERROR - 2025-06-11 10:47:19 --> DEBUG: $sGroupBy = 
ERROR - 2025-06-11 10:49:25 --> DEBUG: $sGroupBy = 
ERROR - 2025-06-11 10:49:27 --> DEBUG: $sGroupBy = 
CRITICAL - 2025-06-11 22:40:46 --> The action you requested is not allowed.
in SYSTEMPATH\Security\Security.php on line 286.
 1 SYSTEMPATH\Security\Security.php(286): CodeIgniter\Security\Exceptions\SecurityException::forDisallowedAction()
 2 SYSTEMPATH\Filters\CSRF.php(54): CodeIgniter\Security\Security->verify(Object(CodeIgniter\HTTP\IncomingRequest))
 3 SYSTEMPATH\Filters\Filters.php(173): CodeIgniter\Filters\CSRF->before(Object(CodeIgniter\HTTP\IncomingRequest), null)
 4 SYSTEMPATH\CodeIgniter.php(440): CodeIgniter\Filters\Filters->run('messages/count_notifications', 'before')
 5 SYSTEMPATH\CodeIgniter.php(349): CodeIgniter\CodeIgniter->handleRequest(null, Object(Config\Cache), false)
 6 FCPATH\index.php(80): CodeIgniter\CodeIgniter->run()
