CRITICAL - 2025-06-03 00:44:12 --> The action you requested is not allowed.
in SYSTEMPATH\Security\Security.php on line 286.
 1 SYSTEMPATH\Security\Security.php(286): CodeIgniter\Security\Exceptions\SecurityException::forDisallowedAction()
 2 SYSTEMPATH\Filters\CSRF.php(54): CodeIgniter\Security\Security->verify(Object(CodeIgniter\HTTP\IncomingRequest))
 3 SYSTEMPATH\Filters\Filters.php(173): CodeIgniter\Filters\CSRF->before(Object(CodeIgniter\HTTP\IncomingRequest), null)
 4 SYSTEMPATH\CodeIgniter.php(440): CodeIgniter\Filters\Filters->run('messages/count_notifications', 'before')
 5 SYSTEMPATH\CodeIgniter.php(349): CodeIgniter\CodeIgniter->handleRequest(null, Object(Config\Cache), false)
 6 FCPATH\index.php(80): CodeIgniter\CodeIgniter->run()
ERROR - 2025-06-03 01:28:06 --> DEBUG: $sGroupBy = Array
(
)

CRITICAL - 2025-06-03 01:28:06 --> Undefined array key "rise_item_categories.title AS group_name"
in FCPATH\plugins\Purchase\Views\items\table_commodity_list.php on line 106.
 1 FCPATH\plugins\Purchase\Views\items\table_commodity_list.php(106): CodeIgniter\Debug\Exceptions->errorHandler(2, 'Undefined array key "rise_item_categories.title AS group_name"', 'FCPATH\\plugins\\Purchase\\Views\\items\\table_commodity_list.php', 106)
 2 FCPATH\plugins\Purchase\Models\Purchase_model.php(646): include_once('FCPATH\\plugins\\Purchase\\Views\\items\\table_commodity_list.php')
 3 FCPATH\plugins\Purchase\Controllers\Purchase.php(811): Purchase\Models\Purchase_model->get_table_data('FCPATH\\plugins/Purchase/Views/items/table_commodity_list', [...])
 4 SYSTEMPATH\CodeIgniter.php(896): Purchase\Controllers\Purchase->table_commodity_list()
 5 SYSTEMPATH\CodeIgniter.php(466): CodeIgniter\CodeIgniter->runController(Object(Purchase\Controllers\Purchase))
 6 SYSTEMPATH\CodeIgniter.php(349): CodeIgniter\CodeIgniter->handleRequest(null, Object(Config\Cache), false)
 7 FCPATH\index.php(80): CodeIgniter\CodeIgniter->run()
CRITICAL - 2025-06-03 02:44:13 --> The action you requested is not allowed.
in SYSTEMPATH\Security\Security.php on line 286.
 1 SYSTEMPATH\Security\Security.php(286): CodeIgniter\Security\Exceptions\SecurityException::forDisallowedAction()
 2 SYSTEMPATH\Filters\CSRF.php(54): CodeIgniter\Security\Security->verify(Object(CodeIgniter\HTTP\IncomingRequest))
 3 SYSTEMPATH\Filters\Filters.php(173): CodeIgniter\Filters\CSRF->before(Object(CodeIgniter\HTTP\IncomingRequest), null)
 4 SYSTEMPATH\CodeIgniter.php(440): CodeIgniter\Filters\Filters->run('messages/count_notifications', 'before')
 5 SYSTEMPATH\CodeIgniter.php(349): CodeIgniter\CodeIgniter->handleRequest(null, Object(Config\Cache), false)
 6 FCPATH\index.php(80): CodeIgniter\CodeIgniter->run()
ERROR - 2025-06-03 04:04:37 --> DEBUG: $sGroupBy = Array
(
)

CRITICAL - 2025-06-03 04:04:37 --> Undefined array key "rise_item_categories.title AS group_name"
in FCPATH\plugins\Purchase\Views\items\table_commodity_list.php on line 106.
 1 FCPATH\plugins\Purchase\Views\items\table_commodity_list.php(106): CodeIgniter\Debug\Exceptions->errorHandler(2, 'Undefined array key "rise_item_categories.title AS group_name"', 'FCPATH\\plugins\\Purchase\\Views\\items\\table_commodity_list.php', 106)
 2 FCPATH\plugins\Purchase\Models\Purchase_model.php(646): include_once('FCPATH\\plugins\\Purchase\\Views\\items\\table_commodity_list.php')
 3 FCPATH\plugins\Purchase\Controllers\Purchase.php(811): Purchase\Models\Purchase_model->get_table_data('FCPATH\\plugins/Purchase/Views/items/table_commodity_list', [...])
 4 SYSTEMPATH\CodeIgniter.php(896): Purchase\Controllers\Purchase->table_commodity_list()
 5 SYSTEMPATH\CodeIgniter.php(466): CodeIgniter\CodeIgniter->runController(Object(Purchase\Controllers\Purchase))
 6 SYSTEMPATH\CodeIgniter.php(349): CodeIgniter\CodeIgniter->handleRequest(null, Object(Config\Cache), false)
 7 FCPATH\index.php(80): CodeIgniter\CodeIgniter->run()
ERROR - 2025-06-03 04:05:17 --> DEBUG: $sGroupBy = 
ERROR - 2025-06-03 04:05:20 --> DEBUG: $sGroupBy = 
ERROR - 2025-06-03 04:08:32 --> DEBUG: $sGroupBy = Array
(
)

ERROR - 2025-06-03 04:08:32 --> Unknown column 'group_name' in 'field list'
CRITICAL - 2025-06-03 04:08:32 --> Unknown column 'group_name' in 'field list'
in SYSTEMPATH\Database\MySQLi\Connection.php on line 292.
 1 SYSTEMPATH\Database\MySQLi\Connection.php(292): mysqli->query('
	SELECT SQL_CALC_FOUND_ROWS 1, group_name, commodity_code, rise_items.title as item_title, rise_item_categories.title AS group_name, unit_id, rate, purchase_price, 2 
	FROM rise_items
	LEFT JOIN rise_taxes t1 ON t1.id = rise_items.tax LEFT JOIN rise_taxes t2 ON t2.id = rise_items.tax2 LEFT JOIN rise_item_categories ON rise_item_categories.id = rise_items.category_id
	
	WHERE  rise_items.deleted = 0
	
	
	LIMIT 0, 25
	', 0)
 2 SYSTEMPATH\Database\BaseConnection.php(695): CodeIgniter\Database\MySQLi\Connection->execute('
	SELECT SQL_CALC_FOUND_ROWS 1, group_name, commodity_code, rise_items.title as item_title, rise_item_categories.title AS group_name, unit_id, rate, purchase_price, 2 
	FROM rise_items
	LEFT JOIN rise_taxes t1 ON t1.id = rise_items.tax LEFT JOIN rise_taxes t2 ON t2.id = rise_items.tax2 LEFT JOIN rise_item_categories ON rise_item_categories.id = rise_items.category_id
	
	WHERE  rise_items.deleted = 0
	
	
	LIMIT 0, 25
	')
 3 SYSTEMPATH\Database\BaseConnection.php(609): CodeIgniter\Database\BaseConnection->simpleQuery('
	SELECT SQL_CALC_FOUND_ROWS 1, group_name, commodity_code, rise_items.title as item_title, rise_item_categories.title AS group_name, unit_id, rate, purchase_price, 2 
	FROM rise_items
	LEFT JOIN rise_taxes t1 ON t1.id = rise_items.tax LEFT JOIN rise_taxes t2 ON t2.id = rise_items.tax2 LEFT JOIN rise_item_categories ON rise_item_categories.id = rise_items.category_id
	
	WHERE  rise_items.deleted = 0
	
	
	LIMIT 0, 25
	')
 4 FCPATH\plugins\Purchase\Models\Purchase_model.php(7640): CodeIgniter\Database\BaseConnection->query('
	SELECT SQL_CALC_FOUND_ROWS 1, group_name, commodity_code, rise_items.title as item_title, rise_item_categories.title AS group_name, unit_id, rate, purchase_price, 2 
	FROM rise_items
	LEFT JOIN rise_taxes t1 ON t1.id = rise_items.tax LEFT JOIN rise_taxes t2 ON t2.id = rise_items.tax2 LEFT JOIN rise_item_categories ON rise_item_categories.id = rise_items.category_id
	
	WHERE  rise_items.deleted = 0
	
	
	LIMIT 0, 25
	')
 5 FCPATH\plugins\Purchase\Helpers\purchase_datatables_helper.php(297): Purchase\Models\Purchase_model->get_all_purchase_request('
	SELECT SQL_CALC_FOUND_ROWS 1, group_name, commodity_code, rise_items.title as item_title, rise_item_categories.title AS group_name, unit_id, rate, purchase_price, 2 
	FROM rise_items
	LEFT JOIN rise_taxes t1 ON t1.id = rise_items.tax LEFT JOIN rise_taxes t2 ON t2.id = rise_items.tax2 LEFT JOIN rise_item_categories ON rise_item_categories.id = rise_items.category_id
	
	WHERE  rise_items.deleted = 0
	
	
	LIMIT 0, 25
	')
 6 FCPATH\plugins\Purchase\Views\items\table_commodity_list.php(72): data_tables_purchase([...], 'id', 'rise_items', 'LEFT JOIN rise_taxes t1 ON t1.id = rise_items.tax LEFT JOIN rise_taxes t2 ON t2.id = rise_items.tax2 LEFT JOIN rise_item_categories ON rise_item_categories.id = rise_items.category_id', 'WHERE  rise_items.deleted = 0', 'C:\\xampp\\htdocs\\rsra\\rsra', 'C:\\xampp\\htdocs\\rsra\\rsra', [...])
 7 FCPATH\plugins\Purchase\Models\Purchase_model.php(646): include_once('FCPATH\\plugins\\Purchase\\Views\\items\\table_commodity_list.php')
 8 FCPATH\plugins\Purchase\Controllers\Purchase.php(811): Purchase\Models\Purchase_model->get_table_data('FCPATH\\plugins/Purchase/Views/items/table_commodity_list', [...])
 9 SYSTEMPATH\CodeIgniter.php(896): Purchase\Controllers\Purchase->table_commodity_list()
10 SYSTEMPATH\CodeIgniter.php(466): CodeIgniter\CodeIgniter->runController(Object(Purchase\Controllers\Purchase))
11 SYSTEMPATH\CodeIgniter.php(349): CodeIgniter\CodeIgniter->handleRequest(null, Object(Config\Cache), false)
12 FCPATH\index.php(80): CodeIgniter\CodeIgniter->run()
ERROR - 2025-06-03 04:08:34 --> DEBUG: $sGroupBy = Array
(
)

ERROR - 2025-06-03 04:08:34 --> Unknown column 'group_name' in 'field list'
CRITICAL - 2025-06-03 04:08:34 --> Unknown column 'group_name' in 'field list'
in SYSTEMPATH\Database\MySQLi\Connection.php on line 292.
 1 SYSTEMPATH\Database\MySQLi\Connection.php(292): mysqli->query('
	SELECT SQL_CALC_FOUND_ROWS 1, group_name, commodity_code, rise_items.title as item_title, rise_item_categories.title AS group_name, unit_id, rate, purchase_price, 2 
	FROM rise_items
	LEFT JOIN rise_taxes t1 ON t1.id = rise_items.tax LEFT JOIN rise_taxes t2 ON t2.id = rise_items.tax2 LEFT JOIN rise_item_categories ON rise_item_categories.id = rise_items.category_id
	
	WHERE  rise_items.deleted = 0
	
	
	LIMIT 0, 25
	', 0)
 2 SYSTEMPATH\Database\BaseConnection.php(695): CodeIgniter\Database\MySQLi\Connection->execute('
	SELECT SQL_CALC_FOUND_ROWS 1, group_name, commodity_code, rise_items.title as item_title, rise_item_categories.title AS group_name, unit_id, rate, purchase_price, 2 
	FROM rise_items
	LEFT JOIN rise_taxes t1 ON t1.id = rise_items.tax LEFT JOIN rise_taxes t2 ON t2.id = rise_items.tax2 LEFT JOIN rise_item_categories ON rise_item_categories.id = rise_items.category_id
	
	WHERE  rise_items.deleted = 0
	
	
	LIMIT 0, 25
	')
 3 SYSTEMPATH\Database\BaseConnection.php(609): CodeIgniter\Database\BaseConnection->simpleQuery('
	SELECT SQL_CALC_FOUND_ROWS 1, group_name, commodity_code, rise_items.title as item_title, rise_item_categories.title AS group_name, unit_id, rate, purchase_price, 2 
	FROM rise_items
	LEFT JOIN rise_taxes t1 ON t1.id = rise_items.tax LEFT JOIN rise_taxes t2 ON t2.id = rise_items.tax2 LEFT JOIN rise_item_categories ON rise_item_categories.id = rise_items.category_id
	
	WHERE  rise_items.deleted = 0
	
	
	LIMIT 0, 25
	')
 4 FCPATH\plugins\Purchase\Models\Purchase_model.php(7640): CodeIgniter\Database\BaseConnection->query('
	SELECT SQL_CALC_FOUND_ROWS 1, group_name, commodity_code, rise_items.title as item_title, rise_item_categories.title AS group_name, unit_id, rate, purchase_price, 2 
	FROM rise_items
	LEFT JOIN rise_taxes t1 ON t1.id = rise_items.tax LEFT JOIN rise_taxes t2 ON t2.id = rise_items.tax2 LEFT JOIN rise_item_categories ON rise_item_categories.id = rise_items.category_id
	
	WHERE  rise_items.deleted = 0
	
	
	LIMIT 0, 25
	')
 5 FCPATH\plugins\Purchase\Helpers\purchase_datatables_helper.php(297): Purchase\Models\Purchase_model->get_all_purchase_request('
	SELECT SQL_CALC_FOUND_ROWS 1, group_name, commodity_code, rise_items.title as item_title, rise_item_categories.title AS group_name, unit_id, rate, purchase_price, 2 
	FROM rise_items
	LEFT JOIN rise_taxes t1 ON t1.id = rise_items.tax LEFT JOIN rise_taxes t2 ON t2.id = rise_items.tax2 LEFT JOIN rise_item_categories ON rise_item_categories.id = rise_items.category_id
	
	WHERE  rise_items.deleted = 0
	
	
	LIMIT 0, 25
	')
 6 FCPATH\plugins\Purchase\Views\items\table_commodity_list.php(72): data_tables_purchase([...], 'id', 'rise_items', 'LEFT JOIN rise_taxes t1 ON t1.id = rise_items.tax LEFT JOIN rise_taxes t2 ON t2.id = rise_items.tax2 LEFT JOIN rise_item_categories ON rise_item_categories.id = rise_items.category_id', 'WHERE  rise_items.deleted = 0', 'C:\\xampp\\htdocs\\rsra\\rsra', 'C:\\xampp\\htdocs\\rsra\\rsra', [...])
 7 FCPATH\plugins\Purchase\Models\Purchase_model.php(646): include_once('FCPATH\\plugins\\Purchase\\Views\\items\\table_commodity_list.php')
 8 FCPATH\plugins\Purchase\Controllers\Purchase.php(811): Purchase\Models\Purchase_model->get_table_data('FCPATH\\plugins/Purchase/Views/items/table_commodity_list', [...])
 9 SYSTEMPATH\CodeIgniter.php(896): Purchase\Controllers\Purchase->table_commodity_list()
10 SYSTEMPATH\CodeIgniter.php(466): CodeIgniter\CodeIgniter->runController(Object(Purchase\Controllers\Purchase))
11 SYSTEMPATH\CodeIgniter.php(349): CodeIgniter\CodeIgniter->handleRequest(null, Object(Config\Cache), false)
12 FCPATH\index.php(80): CodeIgniter\CodeIgniter->run()
ERROR - 2025-06-03 04:09:56 --> DEBUG: $sGroupBy = Array
(
)

ERROR - 2025-06-03 04:09:56 --> Unknown column 'group_name' in 'field list'
CRITICAL - 2025-06-03 04:09:56 --> Unknown column 'group_name' in 'field list'
in SYSTEMPATH\Database\MySQLi\Connection.php on line 292.
 1 SYSTEMPATH\Database\MySQLi\Connection.php(292): mysqli->query('
	SELECT SQL_CALC_FOUND_ROWS 1, rise_items.id as item_id, commodity_code, rise_items.title as item_title, group_name, unit_id, rate, purchase_price, 2 
	FROM rise_items
	LEFT JOIN rise_taxes t1 ON t1.id = rise_items.tax LEFT JOIN rise_taxes t2 ON t2.id = rise_items.tax2 LEFT JOIN rise_item_categories ON rise_item_categories.id = rise_items.category_id
	
	WHERE  rise_items.deleted = 0
	
	
	LIMIT 0, 25
	', 0)
 2 SYSTEMPATH\Database\BaseConnection.php(695): CodeIgniter\Database\MySQLi\Connection->execute('
	SELECT SQL_CALC_FOUND_ROWS 1, rise_items.id as item_id, commodity_code, rise_items.title as item_title, group_name, unit_id, rate, purchase_price, 2 
	FROM rise_items
	LEFT JOIN rise_taxes t1 ON t1.id = rise_items.tax LEFT JOIN rise_taxes t2 ON t2.id = rise_items.tax2 LEFT JOIN rise_item_categories ON rise_item_categories.id = rise_items.category_id
	
	WHERE  rise_items.deleted = 0
	
	
	LIMIT 0, 25
	')
 3 SYSTEMPATH\Database\BaseConnection.php(609): CodeIgniter\Database\BaseConnection->simpleQuery('
	SELECT SQL_CALC_FOUND_ROWS 1, rise_items.id as item_id, commodity_code, rise_items.title as item_title, group_name, unit_id, rate, purchase_price, 2 
	FROM rise_items
	LEFT JOIN rise_taxes t1 ON t1.id = rise_items.tax LEFT JOIN rise_taxes t2 ON t2.id = rise_items.tax2 LEFT JOIN rise_item_categories ON rise_item_categories.id = rise_items.category_id
	
	WHERE  rise_items.deleted = 0
	
	
	LIMIT 0, 25
	')
 4 FCPATH\plugins\Purchase\Models\Purchase_model.php(7640): CodeIgniter\Database\BaseConnection->query('
	SELECT SQL_CALC_FOUND_ROWS 1, rise_items.id as item_id, commodity_code, rise_items.title as item_title, group_name, unit_id, rate, purchase_price, 2 
	FROM rise_items
	LEFT JOIN rise_taxes t1 ON t1.id = rise_items.tax LEFT JOIN rise_taxes t2 ON t2.id = rise_items.tax2 LEFT JOIN rise_item_categories ON rise_item_categories.id = rise_items.category_id
	
	WHERE  rise_items.deleted = 0
	
	
	LIMIT 0, 25
	')
 5 FCPATH\plugins\Purchase\Helpers\purchase_datatables_helper.php(297): Purchase\Models\Purchase_model->get_all_purchase_request('
	SELECT SQL_CALC_FOUND_ROWS 1, rise_items.id as item_id, commodity_code, rise_items.title as item_title, group_name, unit_id, rate, purchase_price, 2 
	FROM rise_items
	LEFT JOIN rise_taxes t1 ON t1.id = rise_items.tax LEFT JOIN rise_taxes t2 ON t2.id = rise_items.tax2 LEFT JOIN rise_item_categories ON rise_item_categories.id = rise_items.category_id
	
	WHERE  rise_items.deleted = 0
	
	
	LIMIT 0, 25
	')
 6 FCPATH\plugins\Purchase\Views\items\table_commodity_list.php(71): data_tables_purchase([...], 'id', 'rise_items', 'LEFT JOIN rise_taxes t1 ON t1.id = rise_items.tax LEFT JOIN rise_taxes t2 ON t2.id = rise_items.tax2 LEFT JOIN rise_item_categories ON rise_item_categories.id = rise_items.category_id', 'WHERE  rise_items.deleted = 0', 'C:\\xampp\\htdocs\\rsra\\rsra', 'C:\\xampp\\htdocs\\rsra\\rsra', [...])
 7 FCPATH\plugins\Purchase\Models\Purchase_model.php(646): include_once('FCPATH\\plugins\\Purchase\\Views\\items\\table_commodity_list.php')
 8 FCPATH\plugins\Purchase\Controllers\Purchase.php(811): Purchase\Models\Purchase_model->get_table_data('FCPATH\\plugins/Purchase/Views/items/table_commodity_list', [...])
 9 SYSTEMPATH\CodeIgniter.php(896): Purchase\Controllers\Purchase->table_commodity_list()
10 SYSTEMPATH\CodeIgniter.php(466): CodeIgniter\CodeIgniter->runController(Object(Purchase\Controllers\Purchase))
11 SYSTEMPATH\CodeIgniter.php(349): CodeIgniter\CodeIgniter->handleRequest(null, Object(Config\Cache), false)
12 FCPATH\index.php(80): CodeIgniter\CodeIgniter->run()
ERROR - 2025-06-03 04:18:00 --> DEBUG: $sGroupBy = Array
(
)

CRITICAL - 2025-06-03 04:18:00 --> Undefined array key "rise_item_categories.title AS group_name"
in FCPATH\plugins\Purchase\Views\items\table_commodity_list.php on line 106.
 1 FCPATH\plugins\Purchase\Views\items\table_commodity_list.php(106): CodeIgniter\Debug\Exceptions->errorHandler(2, 'Undefined array key "rise_item_categories.title AS group_name"', 'FCPATH\\plugins\\Purchase\\Views\\items\\table_commodity_list.php', 106)
 2 FCPATH\plugins\Purchase\Models\Purchase_model.php(646): include_once('FCPATH\\plugins\\Purchase\\Views\\items\\table_commodity_list.php')
 3 FCPATH\plugins\Purchase\Controllers\Purchase.php(811): Purchase\Models\Purchase_model->get_table_data('FCPATH\\plugins/Purchase/Views/items/table_commodity_list', [...])
 4 SYSTEMPATH\CodeIgniter.php(896): Purchase\Controllers\Purchase->table_commodity_list()
 5 SYSTEMPATH\CodeIgniter.php(466): CodeIgniter\CodeIgniter->runController(Object(Purchase\Controllers\Purchase))
 6 SYSTEMPATH\CodeIgniter.php(349): CodeIgniter\CodeIgniter->handleRequest(null, Object(Config\Cache), false)
 7 FCPATH\index.php(80): CodeIgniter\CodeIgniter->run()
ERROR - 2025-06-03 04:19:32 --> DEBUG: $sGroupBy = Array
(
)

CRITICAL - 2025-06-03 04:19:32 --> Undefined array key "rise_item_categories.commodity_group_code AS group_name"
in FCPATH\plugins\Purchase\Views\items\table_commodity_list.php on line 106.
 1 FCPATH\plugins\Purchase\Views\items\table_commodity_list.php(106): CodeIgniter\Debug\Exceptions->errorHandler(2, 'Undefined array key "rise_item_categories.commodity_group_code AS group_name"', 'FCPATH\\plugins\\Purchase\\Views\\items\\table_commodity_list.php', 106)
 2 FCPATH\plugins\Purchase\Models\Purchase_model.php(646): include_once('FCPATH\\plugins\\Purchase\\Views\\items\\table_commodity_list.php')
 3 FCPATH\plugins\Purchase\Controllers\Purchase.php(811): Purchase\Models\Purchase_model->get_table_data('FCPATH\\plugins/Purchase/Views/items/table_commodity_list', [...])
 4 SYSTEMPATH\CodeIgniter.php(896): Purchase\Controllers\Purchase->table_commodity_list()
 5 SYSTEMPATH\CodeIgniter.php(466): CodeIgniter\CodeIgniter->runController(Object(Purchase\Controllers\Purchase))
 6 SYSTEMPATH\CodeIgniter.php(349): CodeIgniter\CodeIgniter->handleRequest(null, Object(Config\Cache), false)
 7 FCPATH\index.php(80): CodeIgniter\CodeIgniter->run()
ERROR - 2025-06-03 04:20:31 --> DEBUG: $sGroupBy = Array
(
)

CRITICAL - 2025-06-03 04:20:31 --> Undefined array key "rise_item_categories.commodity_group_code AS group_name"
in FCPATH\plugins\Purchase\Views\items\table_commodity_list.php on line 106.
 1 FCPATH\plugins\Purchase\Views\items\table_commodity_list.php(106): CodeIgniter\Debug\Exceptions->errorHandler(2, 'Undefined array key "rise_item_categories.commodity_group_code AS group_name"', 'FCPATH\\plugins\\Purchase\\Views\\items\\table_commodity_list.php', 106)
 2 FCPATH\plugins\Purchase\Models\Purchase_model.php(646): include_once('FCPATH\\plugins\\Purchase\\Views\\items\\table_commodity_list.php')
 3 FCPATH\plugins\Purchase\Controllers\Purchase.php(811): Purchase\Models\Purchase_model->get_table_data('FCPATH\\plugins/Purchase/Views/items/table_commodity_list', [...])
 4 SYSTEMPATH\CodeIgniter.php(896): Purchase\Controllers\Purchase->table_commodity_list()
 5 SYSTEMPATH\CodeIgniter.php(466): CodeIgniter\CodeIgniter->runController(Object(Purchase\Controllers\Purchase))
 6 SYSTEMPATH\CodeIgniter.php(349): CodeIgniter\CodeIgniter->handleRequest(null, Object(Config\Cache), false)
 7 FCPATH\index.php(80): CodeIgniter\CodeIgniter->run()
ERROR - 2025-06-03 04:24:10 --> DEBUG: $sGroupBy = Array
(
)

CRITICAL - 2025-06-03 04:24:10 --> Undefined array key "rise_item_categories.commodity_group_code AS commodity_group_name"
in FCPATH\plugins\Purchase\Views\items\table_commodity_list.php on line 106.
 1 FCPATH\plugins\Purchase\Views\items\table_commodity_list.php(106): CodeIgniter\Debug\Exceptions->errorHandler(2, 'Undefined array key "rise_item_categories.commodity_group_code AS commodity_group_name"', 'FCPATH\\plugins\\Purchase\\Views\\items\\table_commodity_list.php', 106)
 2 FCPATH\plugins\Purchase\Models\Purchase_model.php(646): include_once('FCPATH\\plugins\\Purchase\\Views\\items\\table_commodity_list.php')
 3 FCPATH\plugins\Purchase\Controllers\Purchase.php(811): Purchase\Models\Purchase_model->get_table_data('FCPATH\\plugins/Purchase/Views/items/table_commodity_list', [...])
 4 SYSTEMPATH\CodeIgniter.php(896): Purchase\Controllers\Purchase->table_commodity_list()
 5 SYSTEMPATH\CodeIgniter.php(466): CodeIgniter\CodeIgniter->runController(Object(Purchase\Controllers\Purchase))
 6 SYSTEMPATH\CodeIgniter.php(349): CodeIgniter\CodeIgniter->handleRequest(null, Object(Config\Cache), false)
 7 FCPATH\index.php(80): CodeIgniter\CodeIgniter->run()
ERROR - 2025-06-03 04:42:39 --> DEBUG: $sGroupBy = Array
(
)

CRITICAL - 2025-06-03 04:42:39 --> Undefined array key "rise_items.title AS group_name"
in FCPATH\plugins\Purchase\Views\items\table_commodity_list.php on line 106.
 1 FCPATH\plugins\Purchase\Views\items\table_commodity_list.php(106): CodeIgniter\Debug\Exceptions->errorHandler(2, 'Undefined array key "rise_items.title AS group_name"', 'FCPATH\\plugins\\Purchase\\Views\\items\\table_commodity_list.php', 106)
 2 FCPATH\plugins\Purchase\Models\Purchase_model.php(646): include_once('FCPATH\\plugins\\Purchase\\Views\\items\\table_commodity_list.php')
 3 FCPATH\plugins\Purchase\Controllers\Purchase.php(811): Purchase\Models\Purchase_model->get_table_data('FCPATH\\plugins/Purchase/Views/items/table_commodity_list', [...])
 4 SYSTEMPATH\CodeIgniter.php(896): Purchase\Controllers\Purchase->table_commodity_list()
 5 SYSTEMPATH\CodeIgniter.php(466): CodeIgniter\CodeIgniter->runController(Object(Purchase\Controllers\Purchase))
 6 SYSTEMPATH\CodeIgniter.php(349): CodeIgniter\CodeIgniter->handleRequest(null, Object(Config\Cache), false)
 7 FCPATH\index.php(80): CodeIgniter\CodeIgniter->run()
ERROR - 2025-06-03 04:42:59 --> DEBUG: $sGroupBy = Array
(
)

CRITICAL - 2025-06-03 04:42:59 --> Undefined array key "t1.percentage AS taxrate_1"
in FCPATH\plugins\Purchase\Views\items\table_commodity_list.php on line 106.
 1 FCPATH\plugins\Purchase\Views\items\table_commodity_list.php(106): CodeIgniter\Debug\Exceptions->errorHandler(2, 'Undefined array key "t1.percentage AS taxrate_1"', 'FCPATH\\plugins\\Purchase\\Views\\items\\table_commodity_list.php', 106)
 2 FCPATH\plugins\Purchase\Models\Purchase_model.php(646): include_once('FCPATH\\plugins\\Purchase\\Views\\items\\table_commodity_list.php')
 3 FCPATH\plugins\Purchase\Controllers\Purchase.php(811): Purchase\Models\Purchase_model->get_table_data('FCPATH\\plugins/Purchase/Views/items/table_commodity_list', [...])
 4 SYSTEMPATH\CodeIgniter.php(896): Purchase\Controllers\Purchase->table_commodity_list()
 5 SYSTEMPATH\CodeIgniter.php(466): CodeIgniter\CodeIgniter->runController(Object(Purchase\Controllers\Purchase))
 6 SYSTEMPATH\CodeIgniter.php(349): CodeIgniter\CodeIgniter->handleRequest(null, Object(Config\Cache), false)
 7 FCPATH\index.php(80): CodeIgniter\CodeIgniter->run()
ERROR - 2025-06-03 04:43:02 --> DEBUG: $sGroupBy = Array
(
)

CRITICAL - 2025-06-03 04:43:02 --> Undefined array key "t1.percentage AS taxrate_1"
in FCPATH\plugins\Purchase\Views\items\table_commodity_list.php on line 106.
 1 FCPATH\plugins\Purchase\Views\items\table_commodity_list.php(106): CodeIgniter\Debug\Exceptions->errorHandler(2, 'Undefined array key "t1.percentage AS taxrate_1"', 'FCPATH\\plugins\\Purchase\\Views\\items\\table_commodity_list.php', 106)
 2 FCPATH\plugins\Purchase\Models\Purchase_model.php(646): include_once('FCPATH\\plugins\\Purchase\\Views\\items\\table_commodity_list.php')
 3 FCPATH\plugins\Purchase\Controllers\Purchase.php(811): Purchase\Models\Purchase_model->get_table_data('FCPATH\\plugins/Purchase/Views/items/table_commodity_list', [...])
 4 SYSTEMPATH\CodeIgniter.php(896): Purchase\Controllers\Purchase->table_commodity_list()
 5 SYSTEMPATH\CodeIgniter.php(466): CodeIgniter\CodeIgniter->runController(Object(Purchase\Controllers\Purchase))
 6 SYSTEMPATH\CodeIgniter.php(349): CodeIgniter\CodeIgniter->handleRequest(null, Object(Config\Cache), false)
 7 FCPATH\index.php(80): CodeIgniter\CodeIgniter->run()
CRITICAL - 2025-06-03 04:44:15 --> The action you requested is not allowed.
in SYSTEMPATH\Security\Security.php on line 286.
 1 SYSTEMPATH\Security\Security.php(286): CodeIgniter\Security\Exceptions\SecurityException::forDisallowedAction()
 2 SYSTEMPATH\Filters\CSRF.php(54): CodeIgniter\Security\Security->verify(Object(CodeIgniter\HTTP\IncomingRequest))
 3 SYSTEMPATH\Filters\Filters.php(173): CodeIgniter\Filters\CSRF->before(Object(CodeIgniter\HTTP\IncomingRequest), null)
 4 SYSTEMPATH\CodeIgniter.php(440): CodeIgniter\Filters\Filters->run('messages/count_notifications', 'before')
 5 SYSTEMPATH\CodeIgniter.php(349): CodeIgniter\CodeIgniter->handleRequest(null, Object(Config\Cache), false)
 6 FCPATH\index.php(80): CodeIgniter\CodeIgniter->run()
ERROR - 2025-06-03 04:44:58 --> DEBUG: $sGroupBy = Array
(
)

ERROR - 2025-06-03 04:45:39 --> DEBUG: $sGroupBy = Array
(
)

ERROR - 2025-06-03 04:47:16 --> DEBUG: $sGroupBy = Array
(
)

ERROR - 2025-06-03 04:47:17 --> DEBUG: $sGroupBy = Array
(
)

ERROR - 2025-06-03 04:47:17 --> DEBUG: $sGroupBy = Array
(
)

ERROR - 2025-06-03 04:47:18 --> DEBUG: $sGroupBy = Array
(
)

ERROR - 2025-06-03 04:47:30 --> DEBUG: $sGroupBy = Array
(
)

ERROR - 2025-06-03 04:49:06 --> DEBUG: $sGroupBy = Array
(
)

ERROR - 2025-06-03 04:49:50 --> DEBUG: $sGroupBy = Array
(
)

ERROR - 2025-06-03 04:49:53 --> DEBUG: $sGroupBy = Array
(
)

ERROR - 2025-06-03 05:01:13 --> DEBUG: $sGroupBy = Array
(
)

ERROR - 2025-06-03 05:02:26 --> DEBUG: $sGroupBy = Array
(
)

ERROR - 2025-06-03 05:03:55 --> DEBUG: $sGroupBy = Array
(
)

ERROR - 2025-06-03 05:04:48 --> DEBUG: $sGroupBy = Array
(
)

ERROR - 2025-06-03 05:04:49 --> DEBUG: $sGroupBy = Array
(
)

ERROR - 2025-06-03 05:12:00 --> DEBUG: $sGroupBy = Array
(
)

ERROR - 2025-06-03 05:13:35 --> DEBUG: $sGroupBy = Array
(
)

ERROR - 2025-06-03 05:30:25 --> DEBUG: $sGroupBy = Array
(
)

ERROR - 2025-06-03 05:30:57 --> DEBUG: $sGroupBy = Array
(
)

CRITICAL - 2025-06-03 05:31:42 --> syntax error, unexpected token "public", expecting end of file
in FCPATH\plugins\Purchase\Controllers\Purchase.php on line 4.
 1 SYSTEMPATH\Autoloader\Autoloader.php(261): CodeIgniter\Autoloader\Autoloader->includeFile('FCPATH\\plugins\\Purchase\\Controllers\\Purchase.php')
 2 SYSTEMPATH\Autoloader\Autoloader.php(239): CodeIgniter\Autoloader\Autoloader->loadInNamespace('Purchase\\Controllers\\Purchase')
 3 [internal function]: CodeIgniter\Autoloader\Autoloader->loadClass('Purchase\\Controllers\\Purchase')
 4 SYSTEMPATH\CodeIgniter.php(846): class_exists('\\Purchase\\Controllers\\Purchase', true)
 5 SYSTEMPATH\CodeIgniter.php(453): CodeIgniter\CodeIgniter->startController()
 6 SYSTEMPATH\CodeIgniter.php(349): CodeIgniter\CodeIgniter->handleRequest(null, Object(Config\Cache), false)
 7 FCPATH\index.php(80): CodeIgniter\CodeIgniter->run()
CRITICAL - 2025-06-03 05:35:22 --> Undefined property: CodeIgniter\View\View::$security
in FCPATH\plugins\Purchase\assets\js\items\commodity_list_js.php on line 11.
 1 FCPATH\plugins\Purchase\assets\js\items\commodity_list_js.php(11): CodeIgniter\Debug\Exceptions->errorHandler(2, 'Undefined property: CodeIgniter\\View\\View::$security', 'FCPATH\\plugins\\Purchase\\assets\\js\\items\\commodity_list_js.php', 11)
 2 FCPATH\plugins\Purchase\Views\items\item_list.php(137): require('FCPATH\\plugins\\Purchase\\assets\\js\\items\\commodity_list_js.php')
 3 SYSTEMPATH\View\View.php(213): include('FCPATH\\plugins\\Purchase\\Views\\items\\item_list.php')
 4 SYSTEMPATH\View\View.php(216): CodeIgniter\View\View->CodeIgniter\View\{closure}()
 5 SYSTEMPATH\Common.php(1135): CodeIgniter\View\View->render('Purchase\\Views\\items\\item_list', [], true)
 6 APPPATH\Views\layout\index.php(48): view('Purchase\\Views\\items\\item_list')
 7 SYSTEMPATH\View\View.php(213): include('APPPATH\\Views\\layout\\index.php')
 8 SYSTEMPATH\View\View.php(216): CodeIgniter\View\View->CodeIgniter\View\{closure}()
 9 SYSTEMPATH\Common.php(1135): CodeIgniter\View\View->render('layout/index', [], true)
10 APPPATH\Libraries\Template.php(38): view('layout/index', [...])
11 APPPATH\Libraries\Template.php(22): App\Libraries\Template->view('layout/index', [...])
12 FCPATH\plugins\Purchase\Controllers\Purchase.php(849): App\Libraries\Template->rander('Purchase\\Views\\items\\item_list', [...])
13 SYSTEMPATH\CodeIgniter.php(896): Purchase\Controllers\Purchase->items()
14 SYSTEMPATH\CodeIgniter.php(466): CodeIgniter\CodeIgniter->runController(Object(Purchase\Controllers\Purchase))
15 SYSTEMPATH\CodeIgniter.php(349): CodeIgniter\CodeIgniter->handleRequest(null, Object(Config\Cache), false)
16 FCPATH\index.php(80): CodeIgniter\CodeIgniter->run()
CRITICAL - 2025-06-03 05:35:24 --> Undefined property: CodeIgniter\View\View::$security
in FCPATH\plugins\Purchase\assets\js\items\commodity_list_js.php on line 11.
 1 FCPATH\plugins\Purchase\assets\js\items\commodity_list_js.php(11): CodeIgniter\Debug\Exceptions->errorHandler(2, 'Undefined property: CodeIgniter\\View\\View::$security', 'FCPATH\\plugins\\Purchase\\assets\\js\\items\\commodity_list_js.php', 11)
 2 FCPATH\plugins\Purchase\Views\items\item_list.php(137): require('FCPATH\\plugins\\Purchase\\assets\\js\\items\\commodity_list_js.php')
 3 SYSTEMPATH\View\View.php(213): include('FCPATH\\plugins\\Purchase\\Views\\items\\item_list.php')
 4 SYSTEMPATH\View\View.php(216): CodeIgniter\View\View->CodeIgniter\View\{closure}()
 5 SYSTEMPATH\Common.php(1135): CodeIgniter\View\View->render('Purchase\\Views\\items\\item_list', [], true)
 6 APPPATH\Views\layout\index.php(48): view('Purchase\\Views\\items\\item_list')
 7 SYSTEMPATH\View\View.php(213): include('APPPATH\\Views\\layout\\index.php')
 8 SYSTEMPATH\View\View.php(216): CodeIgniter\View\View->CodeIgniter\View\{closure}()
 9 SYSTEMPATH\Common.php(1135): CodeIgniter\View\View->render('layout/index', [], true)
10 APPPATH\Libraries\Template.php(38): view('layout/index', [...])
11 APPPATH\Libraries\Template.php(22): App\Libraries\Template->view('layout/index', [...])
12 FCPATH\plugins\Purchase\Controllers\Purchase.php(849): App\Libraries\Template->rander('Purchase\\Views\\items\\item_list', [...])
13 SYSTEMPATH\CodeIgniter.php(896): Purchase\Controllers\Purchase->items()
14 SYSTEMPATH\CodeIgniter.php(466): CodeIgniter\CodeIgniter->runController(Object(Purchase\Controllers\Purchase))
15 SYSTEMPATH\CodeIgniter.php(349): CodeIgniter\CodeIgniter->handleRequest(null, Object(Config\Cache), false)
16 FCPATH\index.php(80): CodeIgniter\CodeIgniter->run()
CRITICAL - 2025-06-03 05:35:32 --> Undefined property: CodeIgniter\View\View::$security
in FCPATH\plugins\Purchase\assets\js\items\commodity_list_js.php on line 11.
 1 FCPATH\plugins\Purchase\assets\js\items\commodity_list_js.php(11): CodeIgniter\Debug\Exceptions->errorHandler(2, 'Undefined property: CodeIgniter\\View\\View::$security', 'FCPATH\\plugins\\Purchase\\assets\\js\\items\\commodity_list_js.php', 11)
 2 FCPATH\plugins\Purchase\Views\items\item_list.php(137): require('FCPATH\\plugins\\Purchase\\assets\\js\\items\\commodity_list_js.php')
 3 SYSTEMPATH\View\View.php(213): include('FCPATH\\plugins\\Purchase\\Views\\items\\item_list.php')
 4 SYSTEMPATH\View\View.php(216): CodeIgniter\View\View->CodeIgniter\View\{closure}()
 5 SYSTEMPATH\Common.php(1135): CodeIgniter\View\View->render('Purchase\\Views\\items\\item_list', [], true)
 6 APPPATH\Views\layout\index.php(48): view('Purchase\\Views\\items\\item_list')
 7 SYSTEMPATH\View\View.php(213): include('APPPATH\\Views\\layout\\index.php')
 8 SYSTEMPATH\View\View.php(216): CodeIgniter\View\View->CodeIgniter\View\{closure}()
 9 SYSTEMPATH\Common.php(1135): CodeIgniter\View\View->render('layout/index', [], true)
10 APPPATH\Libraries\Template.php(38): view('layout/index', [...])
11 APPPATH\Libraries\Template.php(22): App\Libraries\Template->view('layout/index', [...])
12 FCPATH\plugins\Purchase\Controllers\Purchase.php(849): App\Libraries\Template->rander('Purchase\\Views\\items\\item_list', [...])
13 SYSTEMPATH\CodeIgniter.php(896): Purchase\Controllers\Purchase->items()
14 SYSTEMPATH\CodeIgniter.php(466): CodeIgniter\CodeIgniter->runController(Object(Purchase\Controllers\Purchase))
15 SYSTEMPATH\CodeIgniter.php(349): CodeIgniter\CodeIgniter->handleRequest(null, Object(Config\Cache), false)
16 FCPATH\index.php(80): CodeIgniter\CodeIgniter->run()
ERROR - 2025-06-03 05:35:48 --> DEBUG: $sGroupBy = Array
(
)

ERROR - 2025-06-03 05:35:59 --> DEBUG: $sGroupBy = Array
(
)

ERROR - 2025-06-03 05:37:40 --> Table 'rsra_crm.rise_tblcommodity' doesn't exist
CRITICAL - 2025-06-03 05:37:40 --> Table 'rsra_crm.rise_tblcommodity' doesn't exist
in SYSTEMPATH\Database\MySQLi\Connection.php on line 292.
 1 SYSTEMPATH\Database\MySQLi\Connection.php(292): mysqli->query('SELECT COUNT(*) AS `numrows`
FROM `rise_tblcommodity`
LEFT JOIN `rise_commodity_groups` ON `rise_commodity_groups`.`id` = `rise_tblcommodity`.`group_id`
LEFT JOIN `rise_unit_types` ON `rise_unit_types`.`unit_type_id` = `rise_tblcommodity`.`unit_id`', 0)
 2 SYSTEMPATH\Database\BaseConnection.php(695): CodeIgniter\Database\MySQLi\Connection->execute('SELECT COUNT(*) AS `numrows`
FROM `rise_tblcommodity`
LEFT JOIN `rise_commodity_groups` ON `rise_commodity_groups`.`id` = `rise_tblcommodity`.`group_id`
LEFT JOIN `rise_unit_types` ON `rise_unit_types`.`unit_type_id` = `rise_tblcommodity`.`unit_id`')
 3 SYSTEMPATH\Database\BaseConnection.php(609): CodeIgniter\Database\BaseConnection->simpleQuery('SELECT COUNT(*) AS `numrows`
FROM `rise_tblcommodity`
LEFT JOIN `rise_commodity_groups` ON `rise_commodity_groups`.`id` = `rise_tblcommodity`.`group_id`
LEFT JOIN `rise_unit_types` ON `rise_unit_types`.`unit_type_id` = `rise_tblcommodity`.`unit_id`')
 4 SYSTEMPATH\Database\BaseBuilder.php(1669): CodeIgniter\Database\BaseConnection->query('SELECT COUNT(*) AS `numrows`
FROM `rise_tblcommodity`
LEFT JOIN `rise_commodity_groups` ON `rise_commodity_groups`.`id` = `rise_tblcommodity`.`group_id`
LEFT JOIN `rise_unit_types` ON `rise_unit_types`.`unit_type_id` = `rise_tblcommodity`.`unit_id`', [], false)
 5 FCPATH\plugins\Purchase\Controllers\Purchase.php(858): CodeIgniter\Database\BaseBuilder->countAllResults(false)
 6 SYSTEMPATH\CodeIgniter.php(896): Purchase\Controllers\Purchase->table_commodity_list()
 7 SYSTEMPATH\CodeIgniter.php(466): CodeIgniter\CodeIgniter->runController(Object(Purchase\Controllers\Purchase))
 8 SYSTEMPATH\CodeIgniter.php(349): CodeIgniter\CodeIgniter->handleRequest(null, Object(Config\Cache), false)
 9 FCPATH\index.php(80): CodeIgniter\CodeIgniter->run()
ERROR - 2025-06-03 05:42:09 --> DataTable Error: Table tblcommodity does not exist
ERROR - 2025-06-03 05:43:07 --> DEBUG: $sGroupBy = Array
(
)

ERROR - 2025-06-03 05:43:56 --> DEBUG: $sGroupBy = Array
(
)

ERROR - 2025-06-03 05:43:59 --> DEBUG: $sGroupBy = Array
(
)

ERROR - 2025-06-03 05:44:02 --> DEBUG: $sGroupBy = Array
(
)

ERROR - 2025-06-03 05:44:15 --> DataTable Error: Table tblcommodity does not exist
ERROR - 2025-06-03 05:58:07 --> Unknown column 'rise_ware_unit_type.id' in 'on clause'
ERROR - 2025-06-03 05:58:07 --> DataTable Error: Unknown column 'rise_ware_unit_type.id' in 'on clause'
ERROR - 2025-06-03 06:07:17 --> Table 'rsra_crm.rise_inventory_commodity_min' doesn't exist
CRITICAL - 2025-06-03 06:07:17 --> Table 'rsra_crm.rise_inventory_commodity_min' doesn't exist
in SYSTEMPATH\Database\MySQLi\Connection.php on line 292.
 1 SYSTEMPATH\Database\MySQLi\Connection.php(292): mysqli->query('DELETE FROM `rise_inventory_commodity_min`
WHERE `commodity_id` = \'1\'', 0)
 2 SYSTEMPATH\Database\BaseConnection.php(695): CodeIgniter\Database\MySQLi\Connection->execute('DELETE FROM `rise_inventory_commodity_min`
WHERE `commodity_id` = \'1\'')
 3 SYSTEMPATH\Database\BaseConnection.php(609): CodeIgniter\Database\BaseConnection->simpleQuery('DELETE FROM `rise_inventory_commodity_min`
WHERE `commodity_id` = \'1\'')
 4 SYSTEMPATH\Database\BaseBuilder.php(2358): CodeIgniter\Database\BaseConnection->query('DELETE FROM `rise_inventory_commodity_min`
WHERE `commodity_id` = :commodity_id:', [...], false)
 5 FCPATH\plugins\Purchase\Models\Purchase_model.php(940): CodeIgniter\Database\BaseBuilder->delete()
 6 FCPATH\plugins\Purchase\Controllers\Purchase.php(1504): Purchase\Models\Purchase_model->delete_commodity('1')
 7 SYSTEMPATH\CodeIgniter.php(896): Purchase\Controllers\Purchase->delete_commodity()
 8 SYSTEMPATH\CodeIgniter.php(466): CodeIgniter\CodeIgniter->runController(Object(Purchase\Controllers\Purchase))
 9 SYSTEMPATH\CodeIgniter.php(349): CodeIgniter\CodeIgniter->handleRequest(null, Object(Config\Cache), false)
10 FCPATH\index.php(80): CodeIgniter\CodeIgniter->run()
