ERROR - 2025-06-13 00:16:02 --> Table 'rsra_db_crm.rise_ci_sessions' doesn't exist
CRITICAL - 2025-06-13 00:16:02 --> Table 'rsra_db_crm.rise_ci_sessions' doesn't exist
in SYSTEMPATH\Database\MySQLi\Connection.php on line 292.
 1 SYSTEMPATH\Database\MySQLi\Connection.php(292): mysqli->query('SELECT `data`
FROM `rise_ci_sessions`
WHERE `id` = \'2j2n84pc8js0otqkg18ssgd751hqdsg6\'', 0)
 2 SYSTEMPATH\Database\BaseConnection.php(695): CodeIgniter\Database\MySQLi\Connection->execute('SELECT `data`
FROM `rise_ci_sessions`
WHERE `id` = \'2j2n84pc8js0otqkg18ssgd751hqdsg6\'')
 3 SYSTEMPATH\Database\BaseConnection.php(609): CodeIgniter\Database\BaseConnection->simpleQuery('SELECT `data`
FROM `rise_ci_sessions`
WHERE `id` = \'2j2n84pc8js0otqkg18ssgd751hqdsg6\'')
 4 SYSTEMPATH\Database\BaseBuilder.php(1585): CodeIgniter\Database\BaseConnection->query('SELECT `data`
FROM `rise_ci_sessions`
WHERE `id` = :id:', [...], false)
 5 SYSTEMPATH\Session\Handlers\DatabaseHandler.php(126): CodeIgniter\Database\BaseBuilder->get()
 6 [internal function]: CodeIgniter\Session\Handlers\DatabaseHandler->read('2j2n84pc8js0otqkg18ssgd751hqdsg6')
 7 SYSTEMPATH\Session\Session.php(896): session_start()
 8 SYSTEMPATH\Session\Session.php(240): CodeIgniter\Session\Session->startSession()
 9 SYSTEMPATH\Config\Services.php(613): CodeIgniter\Session\Session->start()
10 SYSTEMPATH\Config\BaseService.php(251): CodeIgniter\Config\Services::session(Object(Config\App), false)
11 SYSTEMPATH\Config\BaseService.php(192): CodeIgniter\Config\BaseService::__callStatic('session', [...])
12 SYSTEMPATH\Config\Services.php(585): CodeIgniter\Config\BaseService::getSharedInstance('session', null)
13 SYSTEMPATH\Config\BaseService.php(251): CodeIgniter\Config\Services::session()
14 APPPATH\Models\Users_model.php(82): CodeIgniter\Config\BaseService::__callStatic('session', [])
15 APPPATH\Controllers\App_Controller.php(36): App\Models\Users_model->login_user_id()
16 APPPATH\Controllers\Security_Controller.php(17): App\Controllers\App_Controller->__construct()
17 APPPATH\Controllers\Dashboard.php(11): App\Controllers\Security_Controller->__construct()
18 SYSTEMPATH\CodeIgniter.php(858): App\Controllers\Dashboard->__construct()
19 SYSTEMPATH\CodeIgniter.php(457): CodeIgniter\CodeIgniter->createController()
20 SYSTEMPATH\CodeIgniter.php(349): CodeIgniter\CodeIgniter->handleRequest(null, Object(Config\Cache), false)
21 FCPATH\index.php(80): CodeIgniter\CodeIgniter->run()
ERROR - 2025-06-13 00:57:27 --> DEBUG: $sGroupBy = 
ERROR - 2025-06-13 00:58:06 --> DEBUG: $sGroupBy = 
ERROR - 2025-06-13 00:58:21 --> DEBUG: $sGroupBy = 
ERROR - 2025-06-13 00:58:44 --> DEBUG: $sGroupBy = 
ERROR - 2025-06-13 00:58:50 --> DEBUG: $sGroupBy = 
ERROR - 2025-06-13 00:59:40 --> DEBUG: $sGroupBy = 
ERROR - 2025-06-13 00:59:59 --> Email: sendWithMail throwed mail(): Failed to connect to mailserver at &quot;localhost&quot; port 25, verify your &quot;SMTP&quot; and &quot;smtp_port&quot; setting in php.ini or use ini_set()
CRITICAL - 2025-06-13 00:59:59 --> Unable to send email using PHP mail(). Your server might not be configured to send mail using this method.<br /><pre>Date: Fri, 13 Jun 2025 00:59:56 -0500
From: &lt;&gt;
Return-Path: &lt;&gt;
Reply-To: &lt;&gt;
User-Agent: CodeIgniter
X-Mailer: CodeIgniter
X-Priority: 3 (Normal)
Message-ID: &lt;684bbe5d016553.22012381&gt;
Mime-Version: 1.0
Content-Type: multipart/alternative; boundary=&quot;B_ALT_684bbe5d016780.72055455&quot;
=?UTF-8?Q?default=5Flang.request=5Fapproval?=
This is a multi-part message in MIME format.
Your email application may not support this format.

--B_ALT_684bbe5d016780.72055455
Content-Type: text/plain; charset=UTF-8
Content-Transfer-Encoding: 8bit

You receive an approval request Purchase Request
http://localhost/rsra_new/rsra/index.php/purchase/view_pur_request/15 from
Sumit Ranjan


--B_ALT_684bbe5d016780.72055455
Content-Type: text/html; charset=UTF-8
Content-Transfer-Encoding: quoted-printable

You receive an approval request Purchase Request &lt;a href=3D&quot;http://localhos=
t/rsra_new/rsra/index.php/purchase/view_pur_request/15&quot;&gt;http://localhost/rs=
ra_new/rsra/index.php/purchase/view_pur_request/15&lt;/a&gt; from Sumit Ranjan

--B_ALT_684bbe5d016780.72055455--</pre>
in APPPATH\Helpers\general_helper.php on line 662.
 1 FCPATH\plugins\Purchase\Models\Purchase_model.php(3376): send_app_mail('ananddhariwalrs@gmail.com', 'default_lang.request_approval', 'You receive an approval request Purchase Request <a href="http://localhost/rsra_new/rsra/index.php/purchase/view_pur_request/15">http://localhost/rsra_new/rsra/index.php/purchase/view_pur_request/15</a> from Sumit Ranjan')
 2 FCPATH\plugins\Purchase\Controllers\Purchase.php(2584): Purchase\Models\Purchase_model->send_mail([...])
 3 SYSTEMPATH\CodeIgniter.php(896): Purchase\Controllers\Purchase->send_mail()
 4 SYSTEMPATH\CodeIgniter.php(466): CodeIgniter\CodeIgniter->runController(Object(Purchase\Controllers\Purchase))
 5 SYSTEMPATH\CodeIgniter.php(349): CodeIgniter\CodeIgniter->handleRequest(null, Object(Config\Cache), false)
 6 FCPATH\index.php(80): CodeIgniter\CodeIgniter->run()
ERROR - 2025-06-13 01:00:21 --> DEBUG: $sGroupBy = 
ERROR - 2025-06-13 01:00:41 --> Email: sendWithMail throwed mail(): Failed to connect to mailserver at &quot;localhost&quot; port 25, verify your &quot;SMTP&quot; and &quot;smtp_port&quot; setting in php.ini or use ini_set()
CRITICAL - 2025-06-13 01:00:41 --> Unable to send email using PHP mail(). Your server might not be configured to send mail using this method.<br /><pre>Date: Fri, 13 Jun 2025 01:00:39 -0500
From: &lt;&gt;
Return-Path: &lt;&gt;
Reply-To: &lt;&gt;
User-Agent: CodeIgniter
X-Mailer: CodeIgniter
X-Priority: 3 (Normal)
Message-ID: &lt;684bbe874dca52.23471780&gt;
Mime-Version: 1.0
Content-Type: multipart/alternative; boundary=&quot;B_ALT_684bbe874dcc42.36084145&quot;
=?UTF-8?Q?default=5Flang.request=5Fapproval?=
This is a multi-part message in MIME format.
Your email application may not support this format.

--B_ALT_684bbe874dcc42.36084145
Content-Type: text/plain; charset=UTF-8
Content-Transfer-Encoding: 8bit

You receive an approval request Purchase Request
http://localhost/rsra_new/rsra/index.php/purchase/view_pur_request/15 from
Sumit Ranjan


--B_ALT_684bbe874dcc42.36084145
Content-Type: text/html; charset=UTF-8
Content-Transfer-Encoding: quoted-printable

You receive an approval request Purchase Request &lt;a href=3D&quot;http://localhos=
t/rsra_new/rsra/index.php/purchase/view_pur_request/15&quot;&gt;http://localhost/rs=
ra_new/rsra/index.php/purchase/view_pur_request/15&lt;/a&gt; from Sumit Ranjan

--B_ALT_684bbe874dcc42.36084145--</pre>
in APPPATH\Helpers\general_helper.php on line 662.
 1 FCPATH\plugins\Purchase\Models\Purchase_model.php(3376): send_app_mail('tikam60@gmail.com', 'default_lang.request_approval', 'You receive an approval request Purchase Request <a href="http://localhost/rsra_new/rsra/index.php/purchase/view_pur_request/15">http://localhost/rsra_new/rsra/index.php/purchase/view_pur_request/15</a> from Sumit Ranjan')
 2 FCPATH\plugins\Purchase\Controllers\Purchase.php(2584): Purchase\Models\Purchase_model->send_mail([...])
 3 SYSTEMPATH\CodeIgniter.php(896): Purchase\Controllers\Purchase->send_mail()
 4 SYSTEMPATH\CodeIgniter.php(466): CodeIgniter\CodeIgniter->runController(Object(Purchase\Controllers\Purchase))
 5 SYSTEMPATH\CodeIgniter.php(349): CodeIgniter\CodeIgniter->handleRequest(null, Object(Config\Cache), false)
 6 FCPATH\index.php(80): CodeIgniter\CodeIgniter->run()
ERROR - 2025-06-13 01:00:50 --> DEBUG: $sGroupBy = 
ERROR - 2025-06-13 01:01:11 --> Email: sendWithMail throwed mail(): Failed to connect to mailserver at &quot;localhost&quot; port 25, verify your &quot;SMTP&quot; and &quot;smtp_port&quot; setting in php.ini or use ini_set()
CRITICAL - 2025-06-13 01:01:11 --> Unable to send email using PHP mail(). Your server might not be configured to send mail using this method.<br /><pre>Date: Fri, 13 Jun 2025 01:01:09 -0500
From: &lt;&gt;
Return-Path: &lt;&gt;
Reply-To: &lt;&gt;
User-Agent: CodeIgniter
X-Mailer: CodeIgniter
X-Priority: 3 (Normal)
Message-ID: &lt;684bbea52b5869.46693682&gt;
Mime-Version: 1.0
Content-Type: multipart/alternative; boundary=&quot;B_ALT_684bbea52b5a65.37258224&quot;
=?UTF-8?Q?Approval=20notification?=
This is a multi-part message in MIME format.
Your email application may not support this format.

--B_ALT_684bbea52b5a65.37258224
Content-Type: text/plain; charset=UTF-8
Content-Transfer-Encoding: 8bit

default_lang.send_approve Purchase Request
http://localhost/rsra_new/rsra/index.php/purchase/view_pur_request/15 by
Tikam Singh


--B_ALT_684bbea52b5a65.37258224
Content-Type: text/html; charset=UTF-8
Content-Transfer-Encoding: quoted-printable

default_lang.send_approve Purchase Request &lt;a href=3D&quot;http://localhost/rsra=
_new/rsra/index.php/purchase/view_pur_request/15&quot;&gt;http://localhost/rsra_new=
/rsra/index.php/purchase/view_pur_request/15&lt;/a&gt;  by Tikam Singh

--B_ALT_684bbea52b5a65.37258224--</pre>
in APPPATH\Helpers\general_helper.php on line 662.
 1 FCPATH\plugins\Purchase\Models\Purchase_model.php(3406): send_app_mail('sumitranjan245@gmail.com', 'Approval notification', 'default_lang.send_approve Purchase Request <a href="http://localhost/rsra_new/rsra/index.php/purchase/view_pur_request/15">http://localhost/rsra_new/rsra/index.php/purchase/view_pur_request/15</a>  by Tikam Singh')
 2 FCPATH\plugins\Purchase\Controllers\Purchase.php(2584): Purchase\Models\Purchase_model->send_mail([...])
 3 SYSTEMPATH\CodeIgniter.php(896): Purchase\Controllers\Purchase->send_mail()
 4 SYSTEMPATH\CodeIgniter.php(466): CodeIgniter\CodeIgniter->runController(Object(Purchase\Controllers\Purchase))
 5 SYSTEMPATH\CodeIgniter.php(349): CodeIgniter\CodeIgniter->handleRequest(null, Object(Config\Cache), false)
 6 FCPATH\index.php(80): CodeIgniter\CodeIgniter->run()
ERROR - 2025-06-13 01:01:19 --> DEBUG: $sGroupBy = 
ERROR - 2025-06-13 01:02:38 --> DEBUG: $sGroupBy = 
ERROR - 2025-06-13 01:02:38 --> Got row asArray
(
    [number] => 1
    [total] => 5500.00
    [total_tax] => 0.00
    [vendor] => 1
    [pur_request] => 13
    [date] => 2025-06-08
    [expirydate] => 2025-06-08
    [status] => 2
    [id] => 1
    [invoiceid] => 
    [deleted_vendor_name] => 
    [currency] => 
    [company] => Surya Infotech
    [pur_rq_name] => #-00005-2025
    [pur_rq_code] => #-00005-2025
)

ERROR - 2025-06-13 01:02:49 --> Unknown column 'long_description' in 'field list'
CRITICAL - 2025-06-13 01:02:49 --> Unknown column 'long_description' in 'field list'
in SYSTEMPATH\Database\MySQLi\Connection.php on line 292.
 1 SYSTEMPATH\Database\MySQLi\Connection.php(292): mysqli->query('SELECT item_code, prq.unit_id as unit_id, unit_price, quantity, into_money, long_description as description, prq.tax as tax, tax_name, tax_rate, item_text, tax_value, total as total_money, total as total FROM rise_pur_request_detail prq LEFT JOIN rise_items it ON prq.item_code = it.id WHERE prq.pur_request = 15', 0)
 2 SYSTEMPATH\Database\BaseConnection.php(695): CodeIgniter\Database\MySQLi\Connection->execute('SELECT item_code, prq.unit_id as unit_id, unit_price, quantity, into_money, long_description as description, prq.tax as tax, tax_name, tax_rate, item_text, tax_value, total as total_money, total as total FROM rise_pur_request_detail prq LEFT JOIN rise_items it ON prq.item_code = it.id WHERE prq.pur_request = 15')
 3 SYSTEMPATH\Database\BaseConnection.php(609): CodeIgniter\Database\BaseConnection->simpleQuery('SELECT item_code, prq.unit_id as unit_id, unit_price, quantity, into_money, long_description as description, prq.tax as tax, tax_name, tax_rate, item_text, tax_value, total as total_money, total as total FROM rise_pur_request_detail prq LEFT JOIN rise_items it ON prq.item_code = it.id WHERE prq.pur_request = 15')
 4 FCPATH\plugins\Purchase\Models\Purchase_model.php(4829): CodeIgniter\Database\BaseConnection->query('SELECT item_code, prq.unit_id as unit_id, unit_price, quantity, into_money, long_description as description, prq.tax as tax, tax_name, tax_rate, item_text, tax_value, total as total_money, total as total FROM rise_pur_request_detail prq LEFT JOIN rise_items it ON prq.item_code = it.id WHERE prq.pur_request = 15')
 5 FCPATH\plugins\Purchase\Controllers\Purchase.php(3318): Purchase\Models\Purchase_model->get_pur_request_detail_in_estimate('15')
 6 SYSTEMPATH\CodeIgniter.php(896): Purchase\Controllers\Purchase->coppy_pur_request('15')
 7 SYSTEMPATH\CodeIgniter.php(466): CodeIgniter\CodeIgniter->runController(Object(Purchase\Controllers\Purchase))
 8 SYSTEMPATH\CodeIgniter.php(349): CodeIgniter\CodeIgniter->handleRequest(null, Object(Config\Cache), false)
 9 FCPATH\index.php(80): CodeIgniter\CodeIgniter->run()
CRITICAL - 2025-06-13 01:03:04 --> Printing DataArray
(
    [additional_discount] => 0
    [vendor] => 3
    [pur_request] => 15
    [number] => 00002
    [buyer] => 1
    [currency] => INR
    [date] => 2025-06-13
    [expirydate] => 2025-06-13
    [item_select] => 
    [from_currency] => INR
    [currency_rate] => 1
    [item_name] => 
    [unit_price] => 
    [quantity] => 
    [unit_name] => 
    [tax_value] => 
    [discount] => 
    [discount_money] => 
    [item_code] => 
    [unit_id] => 
    [total] => 
    [total_money] => 
    [into_money] => 
    [newitems] => Array
        (
            [1] => Array
                (
                    [order] => 1
                    [id] => undefined
                    [item_name] => ITEM_CABLE
                    [unit_price] => 3000.00
                    [quantity] => 1
                    [tax_select] => Array
                        (
                            [0] => Tax (10%)|10
                        )

                    [tax_value] => 300
                    [discount] => 
                    [discount_money] => 0
                    [item_code] => 12
                    [unit_id] => 5
                    [total] => 3300
                    [total_money] => 3300
                    [into_money] => 3000
                )

        )

    [total_mn] => 3000.00
    [dc_total] => 0.00
    [shipping_fee] => 0
    [grand_total] => 3300.00
    [vendornote] => GST bills are required
    [terms] => Only 50% advance will be provided
)

ERROR - 2025-06-13 01:03:05 --> DEBUG: $sGroupBy = 
ERROR - 2025-06-13 01:03:05 --> Got row asArray
(
    [number] => 1
    [total] => 5500.00
    [total_tax] => 0.00
    [vendor] => 1
    [pur_request] => 13
    [date] => 2025-06-08
    [expirydate] => 2025-06-08
    [status] => 2
    [id] => 1
    [invoiceid] => 
    [deleted_vendor_name] => 
    [currency] => 
    [company] => Surya Infotech
    [pur_rq_name] => #-00005-2025
    [pur_rq_code] => #-00005-2025
)

ERROR - 2025-06-13 01:03:05 --> Got row asArray
(
    [number] => 2
    [total] => 3300.00
    [total_tax] => 300.00
    [vendor] => 3
    [pur_request] => 15
    [date] => 2025-06-13
    [expirydate] => 2025-06-13
    [status] => 1
    [id] => 2
    [invoiceid] => 
    [deleted_vendor_name] => 
    [currency] => INR
    [company] => RDYSOLUTIONS
    [pur_rq_name] => #RAJ-00007-2025
    [pur_rq_code] => #RAJ-00007-2025
)

ERROR - 2025-06-13 01:13:16 --> DEBUG: $sGroupBy = 
ERROR - 2025-06-13 01:13:16 --> Got row asArray
(
    [number] => 1
    [total] => 5500.00
    [total_tax] => 0.00
    [vendor] => 1
    [pur_request] => 13
    [date] => 2025-06-08
    [expirydate] => 2025-06-08
    [status] => 2
    [id] => 1
    [invoiceid] => 
    [deleted_vendor_name] => 
    [currency] => 
    [company] => Surya Infotech
    [pur_rq_name] => #-00005-2025
    [pur_rq_code] => #-00005-2025
)

ERROR - 2025-06-13 01:13:16 --> Got row asArray
(
    [number] => 2
    [total] => 3300.00
    [total_tax] => 300.00
    [vendor] => 3
    [pur_request] => 15
    [date] => 2025-06-13
    [expirydate] => 2025-06-13
    [status] => 1
    [id] => 2
    [invoiceid] => 
    [deleted_vendor_name] => 
    [currency] => INR
    [company] => RDYSOLUTIONS
    [pur_rq_name] => #RAJ-00007-2025
    [pur_rq_code] => #RAJ-00007-2025
)

CRITICAL - 2025-06-13 02:17:33 --> The action you requested is not allowed.
in SYSTEMPATH\Security\Security.php on line 286.
 1 SYSTEMPATH\Security\Security.php(286): CodeIgniter\Security\Exceptions\SecurityException::forDisallowedAction()
 2 SYSTEMPATH\Filters\CSRF.php(54): CodeIgniter\Security\Security->verify(Object(CodeIgniter\HTTP\IncomingRequest))
 3 SYSTEMPATH\Filters\Filters.php(173): CodeIgniter\Filters\CSRF->before(Object(CodeIgniter\HTTP\IncomingRequest), null)
 4 SYSTEMPATH\CodeIgniter.php(440): CodeIgniter\Filters\Filters->run('messages/count_notifications', 'before')
 5 SYSTEMPATH\CodeIgniter.php(349): CodeIgniter\CodeIgniter->handleRequest(null, Object(Config\Cache), false)
 6 FCPATH\index.php(80): CodeIgniter\CodeIgniter->run()
ERROR - 2025-06-13 02:31:26 --> DEBUG: $sGroupBy = 
CRITICAL - 2025-06-13 02:31:26 --> Data Retrieved isArray
(
    [pur_order_number] => #-00001-Jun-2025-VEND001
    [vendor] => 1
    [order_date] => 2025-06-08
    [type] => opex
    [project] => 5
    [department] => 2
    [pur_order_name] => #-00001-Jun-2025
    [subtotal] => 5000.00
    [total_tax] => 500.00
    [total] => 5225.00
    [approve_status] => 2
    [delivery_date] => 2025-06-07
    [delivery_status] => 0
    [number] => 1
    [expense_convert] => 0
    [id] => 2
    [company] => Surya Infotech
    [project_name] => Robotic Cell
    [department_name] => Electrical
    [currency] => INR
)

CRITICAL - 2025-06-13 02:31:26 --> Data Retrieved isArray
(
    [pur_order_number] => #-00001-May-2025
    [vendor] => 0
    [order_date] => 2025-05-22
    [type] => capex
    [project] => 3
    [department] => 0
    [pur_order_name] => #-00001-May-2025
    [subtotal] => 0.00
    [total_tax] => 0.00
    [total] => 0.00
    [approve_status] => 2
    [delivery_date] => 2025-05-24
    [delivery_status] => 0
    [number] => 1
    [expense_convert] => 0
    [id] => 1
    [company] => 
    [project_name] => Automatice Soap Dispensor Machine Jig
    [department_name] => 
    [currency] => INR
)

ERROR - 2025-06-13 02:31:36 --> Unknown column 'long_description' in 'field list'
CRITICAL - 2025-06-13 02:31:36 --> Unknown column 'long_description' in 'field list'
in SYSTEMPATH\Database\MySQLi\Connection.php on line 292.
 1 SYSTEMPATH\Database\MySQLi\Connection.php(292): mysqli->query('SELECT item_code, prq.unit_id as unit_id, unit_price, quantity, into_money, long_description as description, prq.tax as tax, tax_name, tax_rate, item_text, tax_value, total as total_money, total as total FROM rise_pur_request_detail prq LEFT JOIN rise_items it ON prq.item_code = it.id WHERE prq.pur_request = 15', 0)
 2 SYSTEMPATH\Database\BaseConnection.php(695): CodeIgniter\Database\MySQLi\Connection->execute('SELECT item_code, prq.unit_id as unit_id, unit_price, quantity, into_money, long_description as description, prq.tax as tax, tax_name, tax_rate, item_text, tax_value, total as total_money, total as total FROM rise_pur_request_detail prq LEFT JOIN rise_items it ON prq.item_code = it.id WHERE prq.pur_request = 15')
 3 SYSTEMPATH\Database\BaseConnection.php(609): CodeIgniter\Database\BaseConnection->simpleQuery('SELECT item_code, prq.unit_id as unit_id, unit_price, quantity, into_money, long_description as description, prq.tax as tax, tax_name, tax_rate, item_text, tax_value, total as total_money, total as total FROM rise_pur_request_detail prq LEFT JOIN rise_items it ON prq.item_code = it.id WHERE prq.pur_request = 15')
 4 FCPATH\plugins\Purchase\Models\Purchase_model.php(5862): CodeIgniter\Database\BaseConnection->query('SELECT item_code, prq.unit_id as unit_id, unit_price, quantity, into_money, long_description as description, prq.tax as tax, tax_name, tax_rate, item_text, tax_value, total as total_money, total as total FROM rise_pur_request_detail prq LEFT JOIN rise_items it ON prq.item_code = it.id WHERE prq.pur_request = 15')
 5 FCPATH\plugins\Purchase\Controllers\Purchase.php(3971): Purchase\Models\Purchase_model->get_pur_request_detail_in_po('15')
 6 SYSTEMPATH\CodeIgniter.php(896): Purchase\Controllers\Purchase->coppy_pur_request_for_po('15', '3')
 7 SYSTEMPATH\CodeIgniter.php(466): CodeIgniter\CodeIgniter->runController(Object(Purchase\Controllers\Purchase))
 8 SYSTEMPATH\CodeIgniter.php(349): CodeIgniter\CodeIgniter->handleRequest(null, Object(Config\Cache), false)
 9 FCPATH\index.php(80): CodeIgniter\CodeIgniter->run()
ERROR - 2025-06-13 02:32:02 --> DEBUG: $sGroupBy = 
CRITICAL - 2025-06-13 02:32:02 --> Data Retrieved isArray
(
    [pur_order_number] => #DHE-00002-Jun-2025-VEND007
    [vendor] => 3
    [order_date] => 2025-06-13
    [type] => capex
    [project] => 5
    [department] => 2
    [pur_order_name] => #DHE-00002-Jun-2025
    [subtotal] => 3000.00
    [total_tax] => 300.00
    [total] => 3300.00
    [approve_status] => 2
    [delivery_date] => 
    [delivery_status] => 0
    [number] => 2
    [expense_convert] => 0
    [id] => 3
    [company] => RDYSOLUTIONS
    [project_name] => Robotic Cell
    [department_name] => Electrical
    [currency] => INR
)

CRITICAL - 2025-06-13 02:32:02 --> Data Retrieved isArray
(
    [pur_order_number] => #-00001-Jun-2025-VEND001
    [vendor] => 1
    [order_date] => 2025-06-08
    [type] => opex
    [project] => 5
    [department] => 2
    [pur_order_name] => #-00001-Jun-2025
    [subtotal] => 5000.00
    [total_tax] => 500.00
    [total] => 5225.00
    [approve_status] => 2
    [delivery_date] => 2025-06-07
    [delivery_status] => 0
    [number] => 1
    [expense_convert] => 0
    [id] => 2
    [company] => Surya Infotech
    [project_name] => Robotic Cell
    [department_name] => Electrical
    [currency] => INR
)

CRITICAL - 2025-06-13 02:32:02 --> Data Retrieved isArray
(
    [pur_order_number] => #-00001-May-2025
    [vendor] => 0
    [order_date] => 2025-05-22
    [type] => capex
    [project] => 3
    [department] => 0
    [pur_order_name] => #-00001-May-2025
    [subtotal] => 0.00
    [total_tax] => 0.00
    [total] => 0.00
    [approve_status] => 2
    [delivery_date] => 2025-05-24
    [delivery_status] => 0
    [number] => 1
    [expense_convert] => 0
    [id] => 1
    [company] => 
    [project_name] => Automatice Soap Dispensor Machine Jig
    [department_name] => 
    [currency] => INR
)

ERROR - 2025-06-13 02:32:42 --> DEBUG: $sGroupBy = 
CRITICAL - 2025-06-13 02:32:42 --> Data Retrieved isArray
(
    [pur_order_number] => #DHE-00002-Jun-2025-VEND007
    [vendor] => 3
    [order_date] => 2025-06-13
    [type] => capex
    [project] => 5
    [department] => 2
    [pur_order_name] => #DHE-00002-Jun-2025
    [subtotal] => 3000.00
    [total_tax] => 300.00
    [total] => 3300.00
    [approve_status] => 2
    [delivery_date] => 
    [delivery_status] => 0
    [number] => 2
    [expense_convert] => 0
    [id] => 3
    [company] => RDYSOLUTIONS
    [project_name] => Robotic Cell
    [department_name] => Electrical
    [currency] => INR
)

CRITICAL - 2025-06-13 02:32:42 --> Data Retrieved isArray
(
    [pur_order_number] => #-00001-Jun-2025-VEND001
    [vendor] => 1
    [order_date] => 2025-06-08
    [type] => opex
    [project] => 5
    [department] => 2
    [pur_order_name] => #-00001-Jun-2025
    [subtotal] => 5000.00
    [total_tax] => 500.00
    [total] => 5225.00
    [approve_status] => 2
    [delivery_date] => 2025-06-07
    [delivery_status] => 0
    [number] => 1
    [expense_convert] => 0
    [id] => 2
    [company] => Surya Infotech
    [project_name] => Robotic Cell
    [department_name] => Electrical
    [currency] => INR
)

CRITICAL - 2025-06-13 02:32:42 --> Data Retrieved isArray
(
    [pur_order_number] => #-00001-May-2025
    [vendor] => 0
    [order_date] => 2025-05-22
    [type] => capex
    [project] => 3
    [department] => 0
    [pur_order_name] => #-00001-May-2025
    [subtotal] => 0.00
    [total_tax] => 0.00
    [total] => 0.00
    [approve_status] => 2
    [delivery_date] => 2025-05-24
    [delivery_status] => 0
    [number] => 1
    [expense_convert] => 0
    [id] => 1
    [company] => 
    [project_name] => Automatice Soap Dispensor Machine Jig
    [department_name] => 
    [currency] => INR
)

ERROR - 2025-06-13 02:32:45 --> DEBUG: $sGroupBy = 
CRITICAL - 2025-06-13 02:32:45 --> Data Retrieved isArray
(
    [pur_order_number] => #DHE-00002-Jun-2025-VEND007
    [vendor] => 3
    [order_date] => 2025-06-13
    [type] => capex
    [project] => 5
    [department] => 2
    [pur_order_name] => #DHE-00002-Jun-2025
    [subtotal] => 3000.00
    [total_tax] => 300.00
    [total] => 3300.00
    [approve_status] => 2
    [delivery_date] => 
    [delivery_status] => 0
    [number] => 2
    [expense_convert] => 0
    [id] => 3
    [company] => RDYSOLUTIONS
    [project_name] => Robotic Cell
    [department_name] => Electrical
    [currency] => INR
)

ERROR - 2025-06-13 02:32:53 --> Unknown column 'long_description' in 'field list'
CRITICAL - 2025-06-13 02:32:53 --> Unknown column 'long_description' in 'field list'
in SYSTEMPATH\Database\MySQLi\Connection.php on line 292.
 1 SYSTEMPATH\Database\MySQLi\Connection.php(292): mysqli->query('SELECT item_code, prq.unit_id as unit_id, unit_price, quantity, into_money, long_description as description, prq.tax as tax, tax_name, tax_rate, item_text, tax_value, total as total_money, total as total FROM rise_pur_request_detail prq LEFT JOIN rise_items it ON prq.item_code = it.id WHERE prq.pur_request = 15', 0)
 2 SYSTEMPATH\Database\BaseConnection.php(695): CodeIgniter\Database\MySQLi\Connection->execute('SELECT item_code, prq.unit_id as unit_id, unit_price, quantity, into_money, long_description as description, prq.tax as tax, tax_name, tax_rate, item_text, tax_value, total as total_money, total as total FROM rise_pur_request_detail prq LEFT JOIN rise_items it ON prq.item_code = it.id WHERE prq.pur_request = 15')
 3 SYSTEMPATH\Database\BaseConnection.php(609): CodeIgniter\Database\BaseConnection->simpleQuery('SELECT item_code, prq.unit_id as unit_id, unit_price, quantity, into_money, long_description as description, prq.tax as tax, tax_name, tax_rate, item_text, tax_value, total as total_money, total as total FROM rise_pur_request_detail prq LEFT JOIN rise_items it ON prq.item_code = it.id WHERE prq.pur_request = 15')
 4 FCPATH\plugins\Purchase\Models\Purchase_model.php(5862): CodeIgniter\Database\BaseConnection->query('SELECT item_code, prq.unit_id as unit_id, unit_price, quantity, into_money, long_description as description, prq.tax as tax, tax_name, tax_rate, item_text, tax_value, total as total_money, total as total FROM rise_pur_request_detail prq LEFT JOIN rise_items it ON prq.item_code = it.id WHERE prq.pur_request = 15')
 5 FCPATH\plugins\Purchase\Controllers\Purchase.php(3971): Purchase\Models\Purchase_model->get_pur_request_detail_in_po('15')
 6 SYSTEMPATH\CodeIgniter.php(896): Purchase\Controllers\Purchase->coppy_pur_request_for_po('15', '3')
 7 SYSTEMPATH\CodeIgniter.php(466): CodeIgniter\CodeIgniter->runController(Object(Purchase\Controllers\Purchase))
 8 SYSTEMPATH\CodeIgniter.php(349): CodeIgniter\CodeIgniter->handleRequest(null, Object(Config\Cache), false)
 9 FCPATH\index.php(80): CodeIgniter\CodeIgniter->run()
ERROR - 2025-06-13 02:33:14 --> DEBUG: $sGroupBy = 
CRITICAL - 2025-06-13 02:33:14 --> Data Retrieved isArray
(
    [pur_order_number] => #DHE-00002-Jun-2025-VEND007
    [vendor] => 3
    [order_date] => 2025-06-13
    [type] => capex
    [project] => 5
    [department] => 2
    [pur_order_name] => #DHE-00002-Jun-2025
    [subtotal] => 3000.00
    [total_tax] => 300.00
    [total] => 3300.00
    [approve_status] => 2
    [delivery_date] => 
    [delivery_status] => 0
    [number] => 2
    [expense_convert] => 0
    [id] => 3
    [company] => RDYSOLUTIONS
    [project_name] => Robotic Cell
    [department_name] => Electrical
    [currency] => INR
)

CRITICAL - 2025-06-13 02:33:14 --> Data Retrieved isArray
(
    [pur_order_number] => #DHE-00003-Jun-2025-VEND007
    [vendor] => 3
    [order_date] => 2025-06-13
    [type] => capex
    [project] => 4
    [department] => 2
    [pur_order_name] => #DHE-00003-Jun-2025
    [subtotal] => 1000.00
    [total_tax] => 100.00
    [total] => 1100.00
    [approve_status] => 1
    [delivery_date] => 
    [delivery_status] => 0
    [number] => 3
    [expense_convert] => 0
    [id] => 4
    [company] => RDYSOLUTIONS
    [project_name] => Coffee Vending Machine
    [department_name] => Electrical
    [currency] => INR
)

CRITICAL - 2025-06-13 02:33:14 --> Data Retrieved isArray
(
    [pur_order_number] => #-00001-Jun-2025-VEND001
    [vendor] => 1
    [order_date] => 2025-06-08
    [type] => opex
    [project] => 5
    [department] => 2
    [pur_order_name] => #-00001-Jun-2025
    [subtotal] => 5000.00
    [total_tax] => 500.00
    [total] => 5225.00
    [approve_status] => 2
    [delivery_date] => 2025-06-07
    [delivery_status] => 0
    [number] => 1
    [expense_convert] => 0
    [id] => 2
    [company] => Surya Infotech
    [project_name] => Robotic Cell
    [department_name] => Electrical
    [currency] => INR
)

CRITICAL - 2025-06-13 02:33:14 --> Data Retrieved isArray
(
    [pur_order_number] => #-00001-May-2025
    [vendor] => 0
    [order_date] => 2025-05-22
    [type] => capex
    [project] => 3
    [department] => 0
    [pur_order_name] => #-00001-May-2025
    [subtotal] => 0.00
    [total_tax] => 0.00
    [total] => 0.00
    [approve_status] => 2
    [delivery_date] => 2025-05-24
    [delivery_status] => 0
    [number] => 1
    [expense_convert] => 0
    [id] => 1
    [company] => 
    [project_name] => Automatice Soap Dispensor Machine Jig
    [department_name] => 
    [currency] => INR
)

ERROR - 2025-06-13 02:33:24 --> DEBUG: $sGroupBy = 
CRITICAL - 2025-06-13 02:33:24 --> Data Retrieved isArray
(
    [pur_order_number] => #DHE-00002-Jun-2025-VEND007
    [vendor] => 3
    [order_date] => 2025-06-13
    [type] => capex
    [project] => 5
    [department] => 2
    [pur_order_name] => #DHE-00002-Jun-2025
    [subtotal] => 3000.00
    [total_tax] => 300.00
    [total] => 3300.00
    [approve_status] => 2
    [delivery_date] => 
    [delivery_status] => 0
    [number] => 2
    [expense_convert] => 0
    [id] => 3
    [company] => RDYSOLUTIONS
    [project_name] => Robotic Cell
    [department_name] => Electrical
    [currency] => INR
)

CRITICAL - 2025-06-13 02:33:24 --> Data Retrieved isArray
(
    [pur_order_number] => #DHE-00003-Jun-2025-VEND007
    [vendor] => 3
    [order_date] => 2025-06-13
    [type] => capex
    [project] => 4
    [department] => 2
    [pur_order_name] => #DHE-00003-Jun-2025
    [subtotal] => 1000.00
    [total_tax] => 100.00
    [total] => 1100.00
    [approve_status] => 1
    [delivery_date] => 
    [delivery_status] => 0
    [number] => 3
    [expense_convert] => 0
    [id] => 4
    [company] => RDYSOLUTIONS
    [project_name] => Coffee Vending Machine
    [department_name] => Electrical
    [currency] => INR
)

CRITICAL - 2025-06-13 02:33:24 --> Data Retrieved isArray
(
    [pur_order_number] => #-00001-Jun-2025-VEND001
    [vendor] => 1
    [order_date] => 2025-06-08
    [type] => opex
    [project] => 5
    [department] => 2
    [pur_order_name] => #-00001-Jun-2025
    [subtotal] => 5000.00
    [total_tax] => 500.00
    [total] => 5225.00
    [approve_status] => 2
    [delivery_date] => 2025-06-07
    [delivery_status] => 0
    [number] => 1
    [expense_convert] => 0
    [id] => 2
    [company] => Surya Infotech
    [project_name] => Robotic Cell
    [department_name] => Electrical
    [currency] => INR
)

CRITICAL - 2025-06-13 02:33:24 --> Data Retrieved isArray
(
    [pur_order_number] => #-00001-May-2025
    [vendor] => 0
    [order_date] => 2025-05-22
    [type] => capex
    [project] => 3
    [department] => 0
    [pur_order_name] => #-00001-May-2025
    [subtotal] => 0.00
    [total_tax] => 0.00
    [total] => 0.00
    [approve_status] => 2
    [delivery_date] => 2025-05-24
    [delivery_status] => 0
    [number] => 1
    [expense_convert] => 0
    [id] => 1
    [company] => 
    [project_name] => Automatice Soap Dispensor Machine Jig
    [department_name] => 
    [currency] => INR
)

ERROR - 2025-06-13 02:33:32 --> Email: sendWithMail throwed mail(): Failed to connect to mailserver at &quot;localhost&quot; port 25, verify your &quot;SMTP&quot; and &quot;smtp_port&quot; setting in php.ini or use ini_set()
CRITICAL - 2025-06-13 02:33:32 --> Unable to send email using PHP mail(). Your server might not be configured to send mail using this method.<br /><pre>Date: Fri, 13 Jun 2025 02:33:30 -0500
From: &lt;&gt;
Return-Path: &lt;&gt;
Reply-To: &lt;&gt;
User-Agent: CodeIgniter
X-Mailer: CodeIgniter
X-Priority: 3 (Normal)
Message-ID: &lt;684bd44a8ae5d0.69273468&gt;
Mime-Version: 1.0
Content-Type: multipart/alternative; boundary=&quot;B_ALT_684bd44a8ae6d9.86019322&quot;
=?UTF-8?Q?default=5Flang.request=5Fapproval?=
This is a multi-part message in MIME format.
Your email application may not support this format.

--B_ALT_684bd44a8ae6d9.86019322
Content-Type: text/plain; charset=UTF-8
Content-Transfer-Encoding: 8bit

You receive an approval request Purchase Order
http://localhost/rsra_new/rsra/index.php/purchase/purchase_order/4 from
Sumit Ranjan


--B_ALT_684bd44a8ae6d9.86019322
Content-Type: text/html; charset=UTF-8
Content-Transfer-Encoding: quoted-printable

You receive an approval request Purchase Order &lt;a href=3D&quot;http://localhost/=
rsra_new/rsra/index.php/purchase/purchase_order/4&quot;&gt;http://localhost/rsra_ne=
w/rsra/index.php/purchase/purchase_order/4&lt;/a&gt; from Sumit Ranjan

--B_ALT_684bd44a8ae6d9.86019322--</pre>
in APPPATH\Helpers\general_helper.php on line 662.
 1 FCPATH\plugins\Purchase\Models\Purchase_model.php(3376): send_app_mail('ananddhariwalrs@gmail.com', 'default_lang.request_approval', 'You receive an approval request Purchase Order <a href="http://localhost/rsra_new/rsra/index.php/purchase/purchase_order/4">http://localhost/rsra_new/rsra/index.php/purchase/purchase_order/4</a> from Sumit Ranjan')
 2 FCPATH\plugins\Purchase\Controllers\Purchase.php(2584): Purchase\Models\Purchase_model->send_mail([...])
 3 SYSTEMPATH\CodeIgniter.php(896): Purchase\Controllers\Purchase->send_mail()
 4 SYSTEMPATH\CodeIgniter.php(466): CodeIgniter\CodeIgniter->runController(Object(Purchase\Controllers\Purchase))
 5 SYSTEMPATH\CodeIgniter.php(349): CodeIgniter\CodeIgniter->handleRequest(null, Object(Config\Cache), false)
 6 FCPATH\index.php(80): CodeIgniter\CodeIgniter->run()
ERROR - 2025-06-13 02:33:40 --> DEBUG: $sGroupBy = 
CRITICAL - 2025-06-13 02:33:40 --> Data Retrieved isArray
(
    [pur_order_number] => #DHE-00002-Jun-2025-VEND007
    [vendor] => 3
    [order_date] => 2025-06-13
    [type] => capex
    [project] => 5
    [department] => 2
    [pur_order_name] => #DHE-00002-Jun-2025
    [subtotal] => 3000.00
    [total_tax] => 300.00
    [total] => 3300.00
    [approve_status] => 2
    [delivery_date] => 
    [delivery_status] => 0
    [number] => 2
    [expense_convert] => 0
    [id] => 3
    [company] => RDYSOLUTIONS
    [project_name] => Robotic Cell
    [department_name] => Electrical
    [currency] => INR
)

CRITICAL - 2025-06-13 02:33:40 --> Data Retrieved isArray
(
    [pur_order_number] => #DHE-00003-Jun-2025-VEND007
    [vendor] => 3
    [order_date] => 2025-06-13
    [type] => capex
    [project] => 4
    [department] => 2
    [pur_order_name] => #DHE-00003-Jun-2025
    [subtotal] => 1000.00
    [total_tax] => 100.00
    [total] => 1100.00
    [approve_status] => 1
    [delivery_date] => 
    [delivery_status] => 0
    [number] => 3
    [expense_convert] => 0
    [id] => 4
    [company] => RDYSOLUTIONS
    [project_name] => Coffee Vending Machine
    [department_name] => Electrical
    [currency] => INR
)

CRITICAL - 2025-06-13 02:33:40 --> Data Retrieved isArray
(
    [pur_order_number] => #-00001-Jun-2025-VEND001
    [vendor] => 1
    [order_date] => 2025-06-08
    [type] => opex
    [project] => 5
    [department] => 2
    [pur_order_name] => #-00001-Jun-2025
    [subtotal] => 5000.00
    [total_tax] => 500.00
    [total] => 5225.00
    [approve_status] => 2
    [delivery_date] => 2025-06-07
    [delivery_status] => 0
    [number] => 1
    [expense_convert] => 0
    [id] => 2
    [company] => Surya Infotech
    [project_name] => Robotic Cell
    [department_name] => Electrical
    [currency] => INR
)

CRITICAL - 2025-06-13 02:33:40 --> Data Retrieved isArray
(
    [pur_order_number] => #-00001-May-2025
    [vendor] => 0
    [order_date] => 2025-05-22
    [type] => capex
    [project] => 3
    [department] => 0
    [pur_order_name] => #-00001-May-2025
    [subtotal] => 0.00
    [total_tax] => 0.00
    [total] => 0.00
    [approve_status] => 2
    [delivery_date] => 2025-05-24
    [delivery_status] => 0
    [number] => 1
    [expense_convert] => 0
    [id] => 1
    [company] => 
    [project_name] => Automatice Soap Dispensor Machine Jig
    [department_name] => 
    [currency] => INR
)

ERROR - 2025-06-13 02:33:58 --> Email: sendWithMail throwed mail(): Failed to connect to mailserver at &quot;localhost&quot; port 25, verify your &quot;SMTP&quot; and &quot;smtp_port&quot; setting in php.ini or use ini_set()
CRITICAL - 2025-06-13 02:33:58 --> Unable to send email using PHP mail(). Your server might not be configured to send mail using this method.<br /><pre>Date: Fri, 13 Jun 2025 02:33:56 -0500
From: &lt;&gt;
Return-Path: &lt;&gt;
Reply-To: &lt;&gt;
User-Agent: CodeIgniter
X-Mailer: CodeIgniter
X-Priority: 3 (Normal)
Message-ID: &lt;684bd4643be973.74057900&gt;
Mime-Version: 1.0
Content-Type: multipart/alternative; boundary=&quot;B_ALT_684bd4643bea71.47888092&quot;
=?UTF-8?Q?Approval=20notification?=
This is a multi-part message in MIME format.
Your email application may not support this format.

--B_ALT_684bd4643bea71.47888092
Content-Type: text/plain; charset=UTF-8
Content-Transfer-Encoding: 8bit

default_lang.send_approve Purchase Order
http://localhost/rsra_new/rsra/index.php/purchase/purchase_order/4 by Anand
Dhariwal


--B_ALT_684bd4643bea71.47888092
Content-Type: text/html; charset=UTF-8
Content-Transfer-Encoding: quoted-printable

default_lang.send_approve Purchase Order &lt;a href=3D&quot;http://localhost/rsra_n=
ew/rsra/index.php/purchase/purchase_order/4&quot;&gt;http://localhost/rsra_new/rsra=
/index.php/purchase/purchase_order/4&lt;/a&gt;  by Anand Dhariwal

--B_ALT_684bd4643bea71.47888092--</pre>
in APPPATH\Helpers\general_helper.php on line 662.
 1 FCPATH\plugins\Purchase\Models\Purchase_model.php(3406): send_app_mail('sumitranjan245@gmail.com', 'Approval notification', 'default_lang.send_approve Purchase Order <a href="http://localhost/rsra_new/rsra/index.php/purchase/purchase_order/4">http://localhost/rsra_new/rsra/index.php/purchase/purchase_order/4</a>  by Anand Dhariwal')
 2 FCPATH\plugins\Purchase\Controllers\Purchase.php(2584): Purchase\Models\Purchase_model->send_mail([...])
 3 SYSTEMPATH\CodeIgniter.php(896): Purchase\Controllers\Purchase->send_mail()
 4 SYSTEMPATH\CodeIgniter.php(466): CodeIgniter\CodeIgniter->runController(Object(Purchase\Controllers\Purchase))
 5 SYSTEMPATH\CodeIgniter.php(349): CodeIgniter\CodeIgniter->handleRequest(null, Object(Config\Cache), false)
 6 FCPATH\index.php(80): CodeIgniter\CodeIgniter->run()
CRITICAL - 2025-06-13 02:48:43 --> The action you requested is not allowed.
in SYSTEMPATH\Security\Security.php on line 286.
 1 SYSTEMPATH\Security\Security.php(286): CodeIgniter\Security\Exceptions\SecurityException::forDisallowedAction()
 2 SYSTEMPATH\Filters\CSRF.php(54): CodeIgniter\Security\Security->verify(Object(CodeIgniter\HTTP\IncomingRequest))
 3 SYSTEMPATH\Filters\Filters.php(173): CodeIgniter\Filters\CSRF->before(Object(CodeIgniter\HTTP\IncomingRequest), null)
 4 SYSTEMPATH\CodeIgniter.php(440): CodeIgniter\Filters\Filters->run('messages/count_notifications', 'before')
 5 SYSTEMPATH\CodeIgniter.php(349): CodeIgniter\CodeIgniter->handleRequest(null, Object(Config\Cache), false)
 6 FCPATH\index.php(80): CodeIgniter\CodeIgniter->run()
CRITICAL - 2025-06-13 02:49:03 --> The action you requested is not allowed.
in SYSTEMPATH\Security\Security.php on line 286.
 1 SYSTEMPATH\Security\Security.php(286): CodeIgniter\Security\Exceptions\SecurityException::forDisallowedAction()
 2 SYSTEMPATH\Filters\CSRF.php(54): CodeIgniter\Security\Security->verify(Object(CodeIgniter\HTTP\IncomingRequest))
 3 SYSTEMPATH\Filters\Filters.php(173): CodeIgniter\Filters\CSRF->before(Object(CodeIgniter\HTTP\IncomingRequest), null)
 4 SYSTEMPATH\CodeIgniter.php(440): CodeIgniter\Filters\Filters->run('messages/count_notifications', 'before')
 5 SYSTEMPATH\CodeIgniter.php(349): CodeIgniter\CodeIgniter->handleRequest(null, Object(Config\Cache), false)
 6 FCPATH\index.php(80): CodeIgniter\CodeIgniter->run()
CRITICAL - 2025-06-13 04:17:33 --> The action you requested is not allowed.
in SYSTEMPATH\Security\Security.php on line 286.
 1 SYSTEMPATH\Security\Security.php(286): CodeIgniter\Security\Exceptions\SecurityException::forDisallowedAction()
 2 SYSTEMPATH\Filters\CSRF.php(54): CodeIgniter\Security\Security->verify(Object(CodeIgniter\HTTP\IncomingRequest))
 3 SYSTEMPATH\Filters\Filters.php(173): CodeIgniter\Filters\CSRF->before(Object(CodeIgniter\HTTP\IncomingRequest), null)
 4 SYSTEMPATH\CodeIgniter.php(440): CodeIgniter\Filters\Filters->run('messages/count_notifications', 'before')
 5 SYSTEMPATH\CodeIgniter.php(349): CodeIgniter\CodeIgniter->handleRequest(null, Object(Config\Cache), false)
 6 FCPATH\index.php(80): CodeIgniter\CodeIgniter->run()
ERROR - 2025-06-13 06:20:10 --> DEBUG: $sGroupBy = 
CRITICAL - 2025-06-13 06:20:10 --> Data Retrieved isArray
(
    [pur_order_number] => #DHE-00002-Jun-2025-VEND007
    [vendor] => 3
    [order_date] => 2025-06-13
    [type] => capex
    [project] => 5
    [department] => 2
    [pur_order_name] => #DHE-00002-Jun-2025
    [subtotal] => 3000.00
    [total_tax] => 300.00
    [total] => 3300.00
    [approve_status] => 2
    [delivery_date] => 
    [delivery_status] => 0
    [number] => 2
    [expense_convert] => 0
    [id] => 3
    [company] => RDYSOLUTIONS
    [project_name] => Robotic Cell
    [department_name] => Electrical
    [currency] => INR
)

CRITICAL - 2025-06-13 06:20:10 --> Data Retrieved isArray
(
    [pur_order_number] => #DHE-00003-Jun-2025-VEND007
    [vendor] => 3
    [order_date] => 2025-06-13
    [type] => capex
    [project] => 4
    [department] => 2
    [pur_order_name] => #DHE-00003-Jun-2025
    [subtotal] => 1000.00
    [total_tax] => 100.00
    [total] => 1100.00
    [approve_status] => 2
    [delivery_date] => 
    [delivery_status] => 0
    [number] => 3
    [expense_convert] => 0
    [id] => 4
    [company] => RDYSOLUTIONS
    [project_name] => Coffee Vending Machine
    [department_name] => Electrical
    [currency] => INR
)

CRITICAL - 2025-06-13 06:20:10 --> Data Retrieved isArray
(
    [pur_order_number] => #-00001-Jun-2025-VEND001
    [vendor] => 1
    [order_date] => 2025-06-08
    [type] => opex
    [project] => 5
    [department] => 2
    [pur_order_name] => #-00001-Jun-2025
    [subtotal] => 5000.00
    [total_tax] => 500.00
    [total] => 5225.00
    [approve_status] => 2
    [delivery_date] => 2025-06-07
    [delivery_status] => 0
    [number] => 1
    [expense_convert] => 0
    [id] => 2
    [company] => Surya Infotech
    [project_name] => Robotic Cell
    [department_name] => Electrical
    [currency] => INR
)

CRITICAL - 2025-06-13 06:20:10 --> Data Retrieved isArray
(
    [pur_order_number] => #-00001-May-2025
    [vendor] => 0
    [order_date] => 2025-05-22
    [type] => capex
    [project] => 3
    [department] => 0
    [pur_order_name] => #-00001-May-2025
    [subtotal] => 0.00
    [total_tax] => 0.00
    [total] => 0.00
    [approve_status] => 2
    [delivery_date] => 2025-05-24
    [delivery_status] => 0
    [number] => 1
    [expense_convert] => 0
    [id] => 1
    [company] => 
    [project_name] => Automatice Soap Dispensor Machine Jig
    [department_name] => 
    [currency] => INR
)

ERROR - 2025-06-13 06:20:41 --> DEBUG: $sGroupBy = 
CRITICAL - 2025-06-13 06:20:41 --> Data Retrieved isArray
(
    [pur_order_number] => #DHE-00002-Jun-2025-VEND007
    [vendor] => 3
    [order_date] => 2025-06-13
    [type] => capex
    [project] => 5
    [department] => 2
    [pur_order_name] => #DHE-00002-Jun-2025
    [subtotal] => 3000.00
    [total_tax] => 300.00
    [total] => 3300.00
    [approve_status] => 2
    [delivery_date] => 
    [delivery_status] => 0
    [number] => 2
    [expense_convert] => 0
    [id] => 3
    [company] => RDYSOLUTIONS
    [project_name] => Robotic Cell
    [department_name] => Electrical
    [currency] => INR
)

CRITICAL - 2025-06-13 06:20:41 --> Data Retrieved isArray
(
    [pur_order_number] => #DHE-00003-Jun-2025-VEND007
    [vendor] => 3
    [order_date] => 2025-06-13
    [type] => capex
    [project] => 4
    [department] => 2
    [pur_order_name] => #DHE-00003-Jun-2025
    [subtotal] => 1000.00
    [total_tax] => 100.00
    [total] => 1100.00
    [approve_status] => 2
    [delivery_date] => 
    [delivery_status] => 0
    [number] => 3
    [expense_convert] => 0
    [id] => 4
    [company] => RDYSOLUTIONS
    [project_name] => Coffee Vending Machine
    [department_name] => Electrical
    [currency] => INR
)

CRITICAL - 2025-06-13 06:20:41 --> Data Retrieved isArray
(
    [pur_order_number] => #-00001-Jun-2025-VEND001
    [vendor] => 1
    [order_date] => 2025-06-08
    [type] => opex
    [project] => 5
    [department] => 2
    [pur_order_name] => #-00001-Jun-2025
    [subtotal] => 5000.00
    [total_tax] => 500.00
    [total] => 5225.00
    [approve_status] => 2
    [delivery_date] => 2025-06-07
    [delivery_status] => 0
    [number] => 1
    [expense_convert] => 0
    [id] => 2
    [company] => Surya Infotech
    [project_name] => Robotic Cell
    [department_name] => Electrical
    [currency] => INR
)

CRITICAL - 2025-06-13 06:20:41 --> Data Retrieved isArray
(
    [pur_order_number] => #-00001-May-2025
    [vendor] => 0
    [order_date] => 2025-05-22
    [type] => capex
    [project] => 3
    [department] => 0
    [pur_order_name] => #-00001-May-2025
    [subtotal] => 0.00
    [total_tax] => 0.00
    [total] => 0.00
    [approve_status] => 2
    [delivery_date] => 2025-05-24
    [delivery_status] => 0
    [number] => 1
    [expense_convert] => 0
    [id] => 1
    [company] => 
    [project_name] => Automatice Soap Dispensor Machine Jig
    [department_name] => 
    [currency] => INR
)

ERROR - 2025-06-13 06:21:00 --> Unknown column 'long_description' in 'field list'
CRITICAL - 2025-06-13 06:21:00 --> Unknown column 'long_description' in 'field list'
in SYSTEMPATH\Database\MySQLi\Connection.php on line 292.
 1 SYSTEMPATH\Database\MySQLi\Connection.php(292): mysqli->query('SELECT item_code, prq.unit_id as unit_id, unit_price, quantity, into_money, long_description as description, prq.tax as tax, tax_name, tax_rate, item_text, tax_value, total as total_money, total as total FROM rise_pur_request_detail prq LEFT JOIN rise_items it ON prq.item_code = it.id WHERE prq.pur_request = 15', 0)
 2 SYSTEMPATH\Database\BaseConnection.php(695): CodeIgniter\Database\MySQLi\Connection->execute('SELECT item_code, prq.unit_id as unit_id, unit_price, quantity, into_money, long_description as description, prq.tax as tax, tax_name, tax_rate, item_text, tax_value, total as total_money, total as total FROM rise_pur_request_detail prq LEFT JOIN rise_items it ON prq.item_code = it.id WHERE prq.pur_request = 15')
 3 SYSTEMPATH\Database\BaseConnection.php(609): CodeIgniter\Database\BaseConnection->simpleQuery('SELECT item_code, prq.unit_id as unit_id, unit_price, quantity, into_money, long_description as description, prq.tax as tax, tax_name, tax_rate, item_text, tax_value, total as total_money, total as total FROM rise_pur_request_detail prq LEFT JOIN rise_items it ON prq.item_code = it.id WHERE prq.pur_request = 15')
 4 FCPATH\plugins\Purchase\Models\Purchase_model.php(5862): CodeIgniter\Database\BaseConnection->query('SELECT item_code, prq.unit_id as unit_id, unit_price, quantity, into_money, long_description as description, prq.tax as tax, tax_name, tax_rate, item_text, tax_value, total as total_money, total as total FROM rise_pur_request_detail prq LEFT JOIN rise_items it ON prq.item_code = it.id WHERE prq.pur_request = 15')
 5 FCPATH\plugins\Purchase\Controllers\Purchase.php(3971): Purchase\Models\Purchase_model->get_pur_request_detail_in_po('15')
 6 SYSTEMPATH\CodeIgniter.php(896): Purchase\Controllers\Purchase->coppy_pur_request_for_po('15', '3')
 7 SYSTEMPATH\CodeIgniter.php(466): CodeIgniter\CodeIgniter->runController(Object(Purchase\Controllers\Purchase))
 8 SYSTEMPATH\CodeIgniter.php(349): CodeIgniter\CodeIgniter->handleRequest(null, Object(Config\Cache), false)
 9 FCPATH\index.php(80): CodeIgniter\CodeIgniter->run()
ERROR - 2025-06-13 06:21:39 --> DEBUG: $sGroupBy = 
CRITICAL - 2025-06-13 06:21:39 --> Data Retrieved isArray
(
    [pur_order_number] => #DHE-00002-Jun-2025-VEND007
    [vendor] => 3
    [order_date] => 2025-06-13
    [type] => capex
    [project] => 5
    [department] => 2
    [pur_order_name] => #DHE-00002-Jun-2025
    [subtotal] => 3000.00
    [total_tax] => 300.00
    [total] => 3300.00
    [approve_status] => 2
    [delivery_date] => 
    [delivery_status] => 0
    [number] => 2
    [expense_convert] => 0
    [id] => 3
    [company] => RDYSOLUTIONS
    [project_name] => Robotic Cell
    [department_name] => Electrical
    [currency] => INR
)

CRITICAL - 2025-06-13 06:21:39 --> Data Retrieved isArray
(
    [pur_order_number] => #DHE-00003-Jun-2025-VEND007
    [vendor] => 3
    [order_date] => 2025-06-13
    [type] => capex
    [project] => 4
    [department] => 2
    [pur_order_name] => #DHE-00003-Jun-2025
    [subtotal] => 1000.00
    [total_tax] => 100.00
    [total] => 1100.00
    [approve_status] => 2
    [delivery_date] => 
    [delivery_status] => 0
    [number] => 3
    [expense_convert] => 0
    [id] => 4
    [company] => RDYSOLUTIONS
    [project_name] => Coffee Vending Machine
    [department_name] => Electrical
    [currency] => INR
)

CRITICAL - 2025-06-13 06:21:39 --> Data Retrieved isArray
(
    [pur_order_number] => #DHE-00004-Jun-2025-VEND007
    [vendor] => 3
    [order_date] => 2025-06-13
    [type] => capex
    [project] => 5
    [department] => 2
    [pur_order_name] => #DHE-00004-Jun-2025
    [subtotal] => 3000.00
    [total_tax] => 300.00
    [total] => 3300.00
    [approve_status] => 1
    [delivery_date] => 
    [delivery_status] => 0
    [number] => 4
    [expense_convert] => 0
    [id] => 5
    [company] => RDYSOLUTIONS
    [project_name] => Robotic Cell
    [department_name] => Electrical
    [currency] => INR
)

CRITICAL - 2025-06-13 06:21:39 --> Data Retrieved isArray
(
    [pur_order_number] => #-00001-Jun-2025-VEND001
    [vendor] => 1
    [order_date] => 2025-06-08
    [type] => opex
    [project] => 5
    [department] => 2
    [pur_order_name] => #-00001-Jun-2025
    [subtotal] => 5000.00
    [total_tax] => 500.00
    [total] => 5225.00
    [approve_status] => 2
    [delivery_date] => 2025-06-07
    [delivery_status] => 0
    [number] => 1
    [expense_convert] => 0
    [id] => 2
    [company] => Surya Infotech
    [project_name] => Robotic Cell
    [department_name] => Electrical
    [currency] => INR
)

CRITICAL - 2025-06-13 06:21:39 --> Data Retrieved isArray
(
    [pur_order_number] => #-00001-May-2025
    [vendor] => 0
    [order_date] => 2025-05-22
    [type] => capex
    [project] => 3
    [department] => 0
    [pur_order_name] => #-00001-May-2025
    [subtotal] => 0.00
    [total_tax] => 0.00
    [total] => 0.00
    [approve_status] => 2
    [delivery_date] => 2025-05-24
    [delivery_status] => 0
    [number] => 1
    [expense_convert] => 0
    [id] => 1
    [company] => 
    [project_name] => Automatice Soap Dispensor Machine Jig
    [department_name] => 
    [currency] => INR
)

ERROR - 2025-06-13 06:22:03 --> Email: sendWithMail throwed mail(): Failed to connect to mailserver at &quot;localhost&quot; port 25, verify your &quot;SMTP&quot; and &quot;smtp_port&quot; setting in php.ini or use ini_set()
CRITICAL - 2025-06-13 06:22:03 --> Unable to send email using PHP mail(). Your server might not be configured to send mail using this method.<br /><pre>Date: Fri, 13 Jun 2025 06:22:01 -0500
From: &lt;&gt;
Return-Path: &lt;&gt;
Reply-To: &lt;&gt;
User-Agent: CodeIgniter
X-Mailer: CodeIgniter
X-Priority: 3 (Normal)
Message-ID: &lt;684c09d9d39100.32473340&gt;
Mime-Version: 1.0
Content-Type: multipart/alternative; boundary=&quot;B_ALT_684c09d9d39983.93392017&quot;
=?UTF-8?Q?default=5Flang.request=5Fapproval?=
This is a multi-part message in MIME format.
Your email application may not support this format.

--B_ALT_684c09d9d39983.93392017
Content-Type: text/plain; charset=UTF-8
Content-Transfer-Encoding: 8bit

You receive an approval request Purchase Order
http://localhost/rsra_new/rsra/index.php/purchase/purchase_order/5 from
Sumit Ranjan


--B_ALT_684c09d9d39983.93392017
Content-Type: text/html; charset=UTF-8
Content-Transfer-Encoding: quoted-printable

You receive an approval request Purchase Order &lt;a href=3D&quot;http://localhost/=
rsra_new/rsra/index.php/purchase/purchase_order/5&quot;&gt;http://localhost/rsra_ne=
w/rsra/index.php/purchase/purchase_order/5&lt;/a&gt; from Sumit Ranjan

--B_ALT_684c09d9d39983.93392017--</pre>
in APPPATH\Helpers\general_helper.php on line 662.
 1 FCPATH\plugins\Purchase\Models\Purchase_model.php(3376): send_app_mail('ananddhariwalrs@gmail.com', 'default_lang.request_approval', 'You receive an approval request Purchase Order <a href="http://localhost/rsra_new/rsra/index.php/purchase/purchase_order/5">http://localhost/rsra_new/rsra/index.php/purchase/purchase_order/5</a> from Sumit Ranjan')
 2 FCPATH\plugins\Purchase\Controllers\Purchase.php(2584): Purchase\Models\Purchase_model->send_mail([...])
 3 SYSTEMPATH\CodeIgniter.php(896): Purchase\Controllers\Purchase->send_mail()
 4 SYSTEMPATH\CodeIgniter.php(466): CodeIgniter\CodeIgniter->runController(Object(Purchase\Controllers\Purchase))
 5 SYSTEMPATH\CodeIgniter.php(349): CodeIgniter\CodeIgniter->handleRequest(null, Object(Config\Cache), false)
 6 FCPATH\index.php(80): CodeIgniter\CodeIgniter->run()
ERROR - 2025-06-13 06:22:14 --> DEBUG: $sGroupBy = 
CRITICAL - 2025-06-13 06:22:14 --> Data Retrieved isArray
(
    [pur_order_number] => #DHE-00002-Jun-2025-VEND007
    [vendor] => 3
    [order_date] => 2025-06-13
    [type] => capex
    [project] => 5
    [department] => 2
    [pur_order_name] => #DHE-00002-Jun-2025
    [subtotal] => 3000.00
    [total_tax] => 300.00
    [total] => 3300.00
    [approve_status] => 2
    [delivery_date] => 
    [delivery_status] => 0
    [number] => 2
    [expense_convert] => 0
    [id] => 3
    [company] => RDYSOLUTIONS
    [project_name] => Robotic Cell
    [department_name] => Electrical
    [currency] => INR
)

CRITICAL - 2025-06-13 06:22:15 --> Data Retrieved isArray
(
    [pur_order_number] => #DHE-00003-Jun-2025-VEND007
    [vendor] => 3
    [order_date] => 2025-06-13
    [type] => capex
    [project] => 4
    [department] => 2
    [pur_order_name] => #DHE-00003-Jun-2025
    [subtotal] => 1000.00
    [total_tax] => 100.00
    [total] => 1100.00
    [approve_status] => 2
    [delivery_date] => 
    [delivery_status] => 0
    [number] => 3
    [expense_convert] => 0
    [id] => 4
    [company] => RDYSOLUTIONS
    [project_name] => Coffee Vending Machine
    [department_name] => Electrical
    [currency] => INR
)

CRITICAL - 2025-06-13 06:22:15 --> Data Retrieved isArray
(
    [pur_order_number] => #DHE-00004-Jun-2025-VEND007
    [vendor] => 3
    [order_date] => 2025-06-13
    [type] => capex
    [project] => 5
    [department] => 2
    [pur_order_name] => #DHE-00004-Jun-2025
    [subtotal] => 3000.00
    [total_tax] => 300.00
    [total] => 3300.00
    [approve_status] => 1
    [delivery_date] => 
    [delivery_status] => 0
    [number] => 4
    [expense_convert] => 0
    [id] => 5
    [company] => RDYSOLUTIONS
    [project_name] => Robotic Cell
    [department_name] => Electrical
    [currency] => INR
)

CRITICAL - 2025-06-13 06:22:15 --> Data Retrieved isArray
(
    [pur_order_number] => #-00001-Jun-2025-VEND001
    [vendor] => 1
    [order_date] => 2025-06-08
    [type] => opex
    [project] => 5
    [department] => 2
    [pur_order_name] => #-00001-Jun-2025
    [subtotal] => 5000.00
    [total_tax] => 500.00
    [total] => 5225.00
    [approve_status] => 2
    [delivery_date] => 2025-06-07
    [delivery_status] => 0
    [number] => 1
    [expense_convert] => 0
    [id] => 2
    [company] => Surya Infotech
    [project_name] => Robotic Cell
    [department_name] => Electrical
    [currency] => INR
)

CRITICAL - 2025-06-13 06:22:15 --> Data Retrieved isArray
(
    [pur_order_number] => #-00001-May-2025
    [vendor] => 0
    [order_date] => 2025-05-22
    [type] => capex
    [project] => 3
    [department] => 0
    [pur_order_name] => #-00001-May-2025
    [subtotal] => 0.00
    [total_tax] => 0.00
    [total] => 0.00
    [approve_status] => 2
    [delivery_date] => 2025-05-24
    [delivery_status] => 0
    [number] => 1
    [expense_convert] => 0
    [id] => 1
    [company] => 
    [project_name] => Automatice Soap Dispensor Machine Jig
    [department_name] => 
    [currency] => INR
)

ERROR - 2025-06-13 06:22:28 --> DEBUG: $sGroupBy = 
CRITICAL - 2025-06-13 06:22:28 --> Data Retrieved isArray
(
    [pur_order_number] => #DHE-00002-Jun-2025-VEND007
    [vendor] => 3
    [order_date] => 2025-06-13
    [type] => capex
    [project] => 5
    [department] => 2
    [pur_order_name] => #DHE-00002-Jun-2025
    [subtotal] => 3000.00
    [total_tax] => 300.00
    [total] => 3300.00
    [approve_status] => 2
    [delivery_date] => 
    [delivery_status] => 0
    [number] => 2
    [expense_convert] => 0
    [id] => 3
    [company] => RDYSOLUTIONS
    [project_name] => Robotic Cell
    [department_name] => Electrical
    [currency] => INR
)

CRITICAL - 2025-06-13 06:22:28 --> Data Retrieved isArray
(
    [pur_order_number] => #DHE-00003-Jun-2025-VEND007
    [vendor] => 3
    [order_date] => 2025-06-13
    [type] => capex
    [project] => 4
    [department] => 2
    [pur_order_name] => #DHE-00003-Jun-2025
    [subtotal] => 1000.00
    [total_tax] => 100.00
    [total] => 1100.00
    [approve_status] => 2
    [delivery_date] => 
    [delivery_status] => 0
    [number] => 3
    [expense_convert] => 0
    [id] => 4
    [company] => RDYSOLUTIONS
    [project_name] => Coffee Vending Machine
    [department_name] => Electrical
    [currency] => INR
)

CRITICAL - 2025-06-13 06:22:28 --> Data Retrieved isArray
(
    [pur_order_number] => #DHE-00004-Jun-2025-VEND007
    [vendor] => 3
    [order_date] => 2025-06-13
    [type] => capex
    [project] => 5
    [department] => 2
    [pur_order_name] => #DHE-00004-Jun-2025
    [subtotal] => 3000.00
    [total_tax] => 300.00
    [total] => 3300.00
    [approve_status] => 1
    [delivery_date] => 
    [delivery_status] => 0
    [number] => 4
    [expense_convert] => 0
    [id] => 5
    [company] => RDYSOLUTIONS
    [project_name] => Robotic Cell
    [department_name] => Electrical
    [currency] => INR
)

CRITICAL - 2025-06-13 06:22:28 --> Data Retrieved isArray
(
    [pur_order_number] => #-00001-Jun-2025-VEND001
    [vendor] => 1
    [order_date] => 2025-06-08
    [type] => opex
    [project] => 5
    [department] => 2
    [pur_order_name] => #-00001-Jun-2025
    [subtotal] => 5000.00
    [total_tax] => 500.00
    [total] => 5225.00
    [approve_status] => 2
    [delivery_date] => 2025-06-07
    [delivery_status] => 0
    [number] => 1
    [expense_convert] => 0
    [id] => 2
    [company] => Surya Infotech
    [project_name] => Robotic Cell
    [department_name] => Electrical
    [currency] => INR
)

CRITICAL - 2025-06-13 06:22:28 --> Data Retrieved isArray
(
    [pur_order_number] => #-00001-May-2025
    [vendor] => 0
    [order_date] => 2025-05-22
    [type] => capex
    [project] => 3
    [department] => 0
    [pur_order_name] => #-00001-May-2025
    [subtotal] => 0.00
    [total_tax] => 0.00
    [total] => 0.00
    [approve_status] => 2
    [delivery_date] => 2025-05-24
    [delivery_status] => 0
    [number] => 1
    [expense_convert] => 0
    [id] => 1
    [company] => 
    [project_name] => Automatice Soap Dispensor Machine Jig
    [department_name] => 
    [currency] => INR
)

ERROR - 2025-06-13 06:22:47 --> Email: sendWithMail throwed mail(): Failed to connect to mailserver at &quot;localhost&quot; port 25, verify your &quot;SMTP&quot; and &quot;smtp_port&quot; setting in php.ini or use ini_set()
CRITICAL - 2025-06-13 06:22:47 --> Unable to send email using PHP mail(). Your server might not be configured to send mail using this method.<br /><pre>Date: Fri, 13 Jun 2025 06:22:45 -0500
From: &lt;&gt;
Return-Path: &lt;&gt;
Reply-To: &lt;&gt;
User-Agent: CodeIgniter
X-Mailer: CodeIgniter
X-Priority: 3 (Normal)
Message-ID: &lt;684c0a054da706.86732746&gt;
Mime-Version: 1.0
Content-Type: multipart/alternative; boundary=&quot;B_ALT_684c0a054da898.87901353&quot;
=?UTF-8?Q?Approval=20notification?=
This is a multi-part message in MIME format.
Your email application may not support this format.

--B_ALT_684c0a054da898.87901353
Content-Type: text/plain; charset=UTF-8
Content-Transfer-Encoding: 8bit

default_lang.send_approve Purchase Order
http://localhost/rsra_new/rsra/index.php/purchase/purchase_order/5 by Anand
Dhariwal


--B_ALT_684c0a054da898.87901353
Content-Type: text/html; charset=UTF-8
Content-Transfer-Encoding: quoted-printable

default_lang.send_approve Purchase Order &lt;a href=3D&quot;http://localhost/rsra_n=
ew/rsra/index.php/purchase/purchase_order/5&quot;&gt;http://localhost/rsra_new/rsra=
/index.php/purchase/purchase_order/5&lt;/a&gt;  by Anand Dhariwal

--B_ALT_684c0a054da898.87901353--</pre>
in APPPATH\Helpers\general_helper.php on line 662.
 1 FCPATH\plugins\Purchase\Models\Purchase_model.php(3406): send_app_mail('sumitranjan245@gmail.com', 'Approval notification', 'default_lang.send_approve Purchase Order <a href="http://localhost/rsra_new/rsra/index.php/purchase/purchase_order/5">http://localhost/rsra_new/rsra/index.php/purchase/purchase_order/5</a>  by Anand Dhariwal')
 2 FCPATH\plugins\Purchase\Controllers\Purchase.php(2584): Purchase\Models\Purchase_model->send_mail([...])
 3 SYSTEMPATH\CodeIgniter.php(896): Purchase\Controllers\Purchase->send_mail()
 4 SYSTEMPATH\CodeIgniter.php(466): CodeIgniter\CodeIgniter->runController(Object(Purchase\Controllers\Purchase))
 5 SYSTEMPATH\CodeIgniter.php(349): CodeIgniter\CodeIgniter->handleRequest(null, Object(Config\Cache), false)
 6 FCPATH\index.php(80): CodeIgniter\CodeIgniter->run()
ERROR - 2025-06-13 06:22:49 --> DEBUG: $sGroupBy = 
CRITICAL - 2025-06-13 06:22:49 --> Data Retrieved isArray
(
    [pur_order_number] => #DHE-00002-Jun-2025-VEND007
    [vendor] => 3
    [order_date] => 2025-06-13
    [type] => capex
    [project] => 5
    [department] => 2
    [pur_order_name] => #DHE-00002-Jun-2025
    [subtotal] => 3000.00
    [total_tax] => 300.00
    [total] => 3300.00
    [approve_status] => 2
    [delivery_date] => 
    [delivery_status] => 0
    [number] => 2
    [expense_convert] => 0
    [id] => 3
    [company] => RDYSOLUTIONS
    [project_name] => Robotic Cell
    [department_name] => Electrical
    [currency] => INR
)

CRITICAL - 2025-06-13 06:22:49 --> Data Retrieved isArray
(
    [pur_order_number] => #DHE-00003-Jun-2025-VEND007
    [vendor] => 3
    [order_date] => 2025-06-13
    [type] => capex
    [project] => 4
    [department] => 2
    [pur_order_name] => #DHE-00003-Jun-2025
    [subtotal] => 1000.00
    [total_tax] => 100.00
    [total] => 1100.00
    [approve_status] => 2
    [delivery_date] => 
    [delivery_status] => 0
    [number] => 3
    [expense_convert] => 0
    [id] => 4
    [company] => RDYSOLUTIONS
    [project_name] => Coffee Vending Machine
    [department_name] => Electrical
    [currency] => INR
)

CRITICAL - 2025-06-13 06:22:49 --> Data Retrieved isArray
(
    [pur_order_number] => #DHE-00004-Jun-2025-VEND007
    [vendor] => 3
    [order_date] => 2025-06-13
    [type] => capex
    [project] => 5
    [department] => 2
    [pur_order_name] => #DHE-00004-Jun-2025
    [subtotal] => 3000.00
    [total_tax] => 300.00
    [total] => 3300.00
    [approve_status] => 2
    [delivery_date] => 
    [delivery_status] => 0
    [number] => 4
    [expense_convert] => 0
    [id] => 5
    [company] => RDYSOLUTIONS
    [project_name] => Robotic Cell
    [department_name] => Electrical
    [currency] => INR
)

CRITICAL - 2025-06-13 06:22:49 --> Data Retrieved isArray
(
    [pur_order_number] => #-00001-Jun-2025-VEND001
    [vendor] => 1
    [order_date] => 2025-06-08
    [type] => opex
    [project] => 5
    [department] => 2
    [pur_order_name] => #-00001-Jun-2025
    [subtotal] => 5000.00
    [total_tax] => 500.00
    [total] => 5225.00
    [approve_status] => 2
    [delivery_date] => 2025-06-07
    [delivery_status] => 0
    [number] => 1
    [expense_convert] => 0
    [id] => 2
    [company] => Surya Infotech
    [project_name] => Robotic Cell
    [department_name] => Electrical
    [currency] => INR
)

CRITICAL - 2025-06-13 06:22:49 --> Data Retrieved isArray
(
    [pur_order_number] => #-00001-May-2025
    [vendor] => 0
    [order_date] => 2025-05-22
    [type] => capex
    [project] => 3
    [department] => 0
    [pur_order_name] => #-00001-May-2025
    [subtotal] => 0.00
    [total_tax] => 0.00
    [total] => 0.00
    [approve_status] => 2
    [delivery_date] => 2025-05-24
    [delivery_status] => 0
    [number] => 1
    [expense_convert] => 0
    [id] => 1
    [company] => 
    [project_name] => Automatice Soap Dispensor Machine Jig
    [department_name] => 
    [currency] => INR
)

CRITICAL - 2025-06-13 22:32:00 --> The action you requested is not allowed.
in SYSTEMPATH\Security\Security.php on line 286.
 1 SYSTEMPATH\Security\Security.php(286): CodeIgniter\Security\Exceptions\SecurityException::forDisallowedAction()
 2 SYSTEMPATH\Filters\CSRF.php(54): CodeIgniter\Security\Security->verify(Object(CodeIgniter\HTTP\IncomingRequest))
 3 SYSTEMPATH\Filters\Filters.php(173): CodeIgniter\Filters\CSRF->before(Object(CodeIgniter\HTTP\IncomingRequest), null)
 4 SYSTEMPATH\CodeIgniter.php(440): CodeIgniter\Filters\Filters->run('messages/count_notifications', 'before')
 5 SYSTEMPATH\CodeIgniter.php(349): CodeIgniter\CodeIgniter->handleRequest(null, Object(Config\Cache), false)
 6 FCPATH\index.php(80): CodeIgniter\CodeIgniter->run()
CRITICAL - 2025-06-13 22:32:00 --> The action you requested is not allowed.
in SYSTEMPATH\Security\Security.php on line 286.
 1 SYSTEMPATH\Security\Security.php(286): CodeIgniter\Security\Exceptions\SecurityException::forDisallowedAction()
 2 SYSTEMPATH\Filters\CSRF.php(54): CodeIgniter\Security\Security->verify(Object(CodeIgniter\HTTP\IncomingRequest))
 3 SYSTEMPATH\Filters\Filters.php(173): CodeIgniter\Filters\CSRF->before(Object(CodeIgniter\HTTP\IncomingRequest), null)
 4 SYSTEMPATH\CodeIgniter.php(440): CodeIgniter\Filters\Filters->run('messages/count_notifications', 'before')
 5 SYSTEMPATH\CodeIgniter.php(349): CodeIgniter\CodeIgniter->handleRequest(null, Object(Config\Cache), false)
 6 FCPATH\index.php(80): CodeIgniter\CodeIgniter->run()
 