ERROR - 2025-06-12 03:42:13 --> DEBUG: $sGroupBy = 
ERROR - 2025-06-12 03:49:39 --> DEBUG: $sGroupBy = 
ERROR - 2025-06-12 03:50:00 --> DEBUG: $sGroupBy = 
ERROR - 2025-06-12 03:51:51 --> DEBUG: $sGroupBy = 
ERROR - 2025-06-12 04:03:34 --> DEBUG: $sGroupBy = 
ERROR - 2025-06-12 04:03:58 --> DEBUG: $sGroupBy = 
ERROR - 2025-06-12 04:04:02 --> DEBUG: $sGroupBy = 
ERROR - 2025-06-12 04:04:44 --> DEBUG: $sGroupBy = 
ERROR - 2025-06-12 04:07:05 --> DEBUG: $sGroupBy = 
ERROR - 2025-06-12 04:08:05 --> Email: sendWithMail throwed mail(): Failed to connect to mailserver at &quot;localhost&quot; port 25, verify your &quot;SMTP&quot; and &quot;smtp_port&quot; setting in php.ini or use ini_set()
CRITICAL - 2025-06-12 04:08:05 --> Unable to send email using PHP mail(). Your server might not be configured to send mail using this method.<br /><pre>Date: Thu, 12 Jun 2025 04:08:03 -0500
From: &lt;&gt;
Return-Path: &lt;&gt;
Reply-To: &lt;&gt;
User-Agent: CodeIgniter
X-Mailer: CodeIgniter
X-Priority: 3 (Normal)
Message-ID: &lt;684a98f36ce108.00467111&gt;
Mime-Version: 1.0
Content-Type: multipart/alternative; boundary=&quot;B_ALT_684a98f36ce305.99278377&quot;
=?UTF-8?Q?default=5Flang.request=5Fapproval?=
This is a multi-part message in MIME format.
Your email application may not support this format.

--B_ALT_684a98f36ce305.99278377
Content-Type: text/plain; charset=UTF-8
Content-Transfer-Encoding: 8bit

You receive an approval request Purchase Request
http://localhost/rsra_new/rsra/index.php/purchase/view_pur_request/15 from
Sumit Ranjan


--B_ALT_684a98f36ce305.99278377
Content-Type: text/html; charset=UTF-8
Content-Transfer-Encoding: quoted-printable

You receive an approval request Purchase Request &lt;a href=3D&quot;http://localhos=
t/rsra_new/rsra/index.php/purchase/view_pur_request/15&quot;&gt;http://localhost/rs=
ra_new/rsra/index.php/purchase/view_pur_request/15&lt;/a&gt; from Sumit Ranjan

--B_ALT_684a98f36ce305.99278377--</pre>
in APPPATH\Helpers\general_helper.php on line 662.
 1 FCPATH\plugins\Purchase\Models\Purchase_model.php(3376): send_app_mail('ananddhariwalrs@gmail.com', 'default_lang.request_approval', 'You receive an approval request Purchase Request <a href="http://localhost/rsra_new/rsra/index.php/purchase/view_pur_request/15">http://localhost/rsra_new/rsra/index.php/purchase/view_pur_request/15</a> from Sumit Ranjan')
 2 FCPATH\plugins\Purchase\Controllers\Purchase.php(2584): Purchase\Models\Purchase_model->send_mail([...])
 3 SYSTEMPATH\CodeIgniter.php(896): Purchase\Controllers\Purchase->send_mail()
 4 SYSTEMPATH\CodeIgniter.php(466): CodeIgniter\CodeIgniter->runController(Object(Purchase\Controllers\Purchase))
 5 SYSTEMPATH\CodeIgniter.php(349): CodeIgniter\CodeIgniter->handleRequest(null, Object(Config\Cache), false)
 6 FCPATH\index.php(80): CodeIgniter\CodeIgniter->run()
ERROR - 2025-06-12 04:08:16 --> DEBUG: $sGroupBy = 
ERROR - 2025-06-12 04:09:22 --> DEBUG: $sGroupBy = 
ERROR - 2025-06-12 04:10:45 --> DEBUG: $sGroupBy = 
ERROR - 2025-06-12 04:13:19 --> DEBUG: $sGroupBy = 
ERROR - 2025-06-12 04:13:33 --> Email: sendWithMail throwed mail(): Failed to connect to mailserver at &quot;localhost&quot; port 25, verify your &quot;SMTP&quot; and &quot;smtp_port&quot; setting in php.ini or use ini_set()
CRITICAL - 2025-06-12 04:13:33 --> Unable to send email using PHP mail(). Your server might not be configured to send mail using this method.<br /><pre>Date: Thu, 12 Jun 2025 04:13:30 -0500
From: &lt;&gt;
Return-Path: &lt;&gt;
Reply-To: &lt;&gt;
User-Agent: CodeIgniter
X-Mailer: CodeIgniter
X-Priority: 3 (Normal)
Message-ID: &lt;684a9a3aef7e44.61525677&gt;
Mime-Version: 1.0
Content-Type: multipart/alternative; boundary=&quot;B_ALT_684a9a3aef7fb7.23663540&quot;
=?UTF-8?Q?default=5Flang.request=5Fapproval?=
This is a multi-part message in MIME format.
Your email application may not support this format.

--B_ALT_684a9a3aef7fb7.23663540
Content-Type: text/plain; charset=UTF-8
Content-Transfer-Encoding: 8bit

You receive an approval request Purchase Request
http://localhost/rsra_new/rsra/index.php/purchase/view_pur_request/15 from
Sumit Ranjan


--B_ALT_684a9a3aef7fb7.23663540
Content-Type: text/html; charset=UTF-8
Content-Transfer-Encoding: quoted-printable

You receive an approval request Purchase Request &lt;a href=3D&quot;http://localhos=
t/rsra_new/rsra/index.php/purchase/view_pur_request/15&quot;&gt;http://localhost/rs=
ra_new/rsra/index.php/purchase/view_pur_request/15&lt;/a&gt; from Sumit Ranjan

--B_ALT_684a9a3aef7fb7.23663540--</pre>
in APPPATH\Helpers\general_helper.php on line 662.
 1 FCPATH\plugins\Purchase\Models\Purchase_model.php(3376): send_app_mail('tikam60@gmail.com', 'default_lang.request_approval', 'You receive an approval request Purchase Request <a href="http://localhost/rsra_new/rsra/index.php/purchase/view_pur_request/15">http://localhost/rsra_new/rsra/index.php/purchase/view_pur_request/15</a> from Sumit Ranjan')
 2 FCPATH\plugins\Purchase\Controllers\Purchase.php(2584): Purchase\Models\Purchase_model->send_mail([...])
 3 SYSTEMPATH\CodeIgniter.php(896): Purchase\Controllers\Purchase->send_mail()
 4 SYSTEMPATH\CodeIgniter.php(466): CodeIgniter\CodeIgniter->runController(Object(Purchase\Controllers\Purchase))
 5 SYSTEMPATH\CodeIgniter.php(349): CodeIgniter\CodeIgniter->handleRequest(null, Object(Config\Cache), false)
 6 FCPATH\index.php(80): CodeIgniter\CodeIgniter->run()
ERROR - 2025-06-12 04:13:42 --> DEBUG: $sGroupBy = 
ERROR - 2025-06-12 04:13:59 --> Email: sendWithMail throwed mail(): Failed to connect to mailserver at &quot;localhost&quot; port 25, verify your &quot;SMTP&quot; and &quot;smtp_port&quot; setting in php.ini or use ini_set()
CRITICAL - 2025-06-12 04:13:59 --> Unable to send email using PHP mail(). Your server might not be configured to send mail using this method.<br /><pre>Date: Thu, 12 Jun 2025 04:13:57 -0500
From: &lt;&gt;
Return-Path: &lt;&gt;
Reply-To: &lt;&gt;
User-Agent: CodeIgniter
X-Mailer: CodeIgniter
X-Priority: 3 (Normal)
Message-ID: &lt;684a9a55aee810.74293160&gt;
Mime-Version: 1.0
Content-Type: multipart/alternative; boundary=&quot;B_ALT_684a9a55aeea91.93732443&quot;
=?UTF-8?Q?Approval=20notification?=
This is a multi-part message in MIME format.
Your email application may not support this format.

--B_ALT_684a9a55aeea91.93732443
Content-Type: text/plain; charset=UTF-8
Content-Transfer-Encoding: 8bit

default_lang.send_approve Purchase Request
http://localhost/rsra_new/rsra/index.php/purchase/view_pur_request/15 by
Tikam Singh


--B_ALT_684a9a55aeea91.93732443
Content-Type: text/html; charset=UTF-8
Content-Transfer-Encoding: quoted-printable

default_lang.send_approve Purchase Request &lt;a href=3D&quot;http://localhost/rsra=
_new/rsra/index.php/purchase/view_pur_request/15&quot;&gt;http://localhost/rsra_new=
/rsra/index.php/purchase/view_pur_request/15&lt;/a&gt;  by Tikam Singh

--B_ALT_684a9a55aeea91.93732443--</pre>
in APPPATH\Helpers\general_helper.php on line 662.
 1 FCPATH\plugins\Purchase\Models\Purchase_model.php(3406): send_app_mail('sumitranjan245@gmail.com', 'Approval notification', 'default_lang.send_approve Purchase Request <a href="http://localhost/rsra_new/rsra/index.php/purchase/view_pur_request/15">http://localhost/rsra_new/rsra/index.php/purchase/view_pur_request/15</a>  by Tikam Singh')
 2 FCPATH\plugins\Purchase\Controllers\Purchase.php(2584): Purchase\Models\Purchase_model->send_mail([...])
 3 SYSTEMPATH\CodeIgniter.php(896): Purchase\Controllers\Purchase->send_mail()
 4 SYSTEMPATH\CodeIgniter.php(466): CodeIgniter\CodeIgniter->runController(Object(Purchase\Controllers\Purchase))
 5 SYSTEMPATH\CodeIgniter.php(349): CodeIgniter\CodeIgniter->handleRequest(null, Object(Config\Cache), false)
 6 FCPATH\index.php(80): CodeIgniter\CodeIgniter->run()
ERROR - 2025-06-12 04:14:09 --> DEBUG: $sGroupBy = 
ERROR - 2025-06-12 04:14:09 --> Got row asArray
(
    [number] => 1
    [total] => 5500.00
    [total_tax] => 0.00
    [vendor] => 1
    [pur_request] => 13
    [date] => 2025-06-08
    [expirydate] => 2025-06-08
    [status] => 2
    [id] => 1
    [invoiceid] => 
    [deleted_vendor_name] => 
    [currency] => 
    [company] => Surya Infotech
    [pur_rq_name] => #-00005-2025
    [pur_rq_code] => #-00005-2025
)

ERROR - 2025-06-12 04:14:33 --> DEBUG: $sGroupBy = 
ERROR - 2025-06-12 04:14:33 --> Got row asArray
(
    [number] => 1
    [total] => 5500.00
    [total_tax] => 0.00
    [vendor] => 1
    [pur_request] => 13
    [date] => 2025-06-08
    [expirydate] => 2025-06-08
    [status] => 2
    [id] => 1
    [invoiceid] => 
    [deleted_vendor_name] => 
    [currency] => 
    [company] => Surya Infotech
    [pur_rq_name] => #-00005-2025
    [pur_rq_code] => #-00005-2025
)

ERROR - 2025-06-12 04:14:45 --> Unknown column 'long_description' in 'field list'
CRITICAL - 2025-06-12 04:14:45 --> Unknown column 'long_description' in 'field list'
in SYSTEMPATH\Database\MySQLi\Connection.php on line 292.
 1 SYSTEMPATH\Database\MySQLi\Connection.php(292): mysqli->query('SELECT item_code, prq.unit_id as unit_id, unit_price, quantity, into_money, long_description as description, prq.tax as tax, tax_name, tax_rate, item_text, tax_value, total as total_money, total as total FROM rise_pur_request_detail prq LEFT JOIN rise_items it ON prq.item_code = it.id WHERE prq.pur_request = 15', 0)
 2 SYSTEMPATH\Database\BaseConnection.php(695): CodeIgniter\Database\MySQLi\Connection->execute('SELECT item_code, prq.unit_id as unit_id, unit_price, quantity, into_money, long_description as description, prq.tax as tax, tax_name, tax_rate, item_text, tax_value, total as total_money, total as total FROM rise_pur_request_detail prq LEFT JOIN rise_items it ON prq.item_code = it.id WHERE prq.pur_request = 15')
 3 SYSTEMPATH\Database\BaseConnection.php(609): CodeIgniter\Database\BaseConnection->simpleQuery('SELECT item_code, prq.unit_id as unit_id, unit_price, quantity, into_money, long_description as description, prq.tax as tax, tax_name, tax_rate, item_text, tax_value, total as total_money, total as total FROM rise_pur_request_detail prq LEFT JOIN rise_items it ON prq.item_code = it.id WHERE prq.pur_request = 15')
 4 FCPATH\plugins\Purchase\Models\Purchase_model.php(4829): CodeIgniter\Database\BaseConnection->query('SELECT item_code, prq.unit_id as unit_id, unit_price, quantity, into_money, long_description as description, prq.tax as tax, tax_name, tax_rate, item_text, tax_value, total as total_money, total as total FROM rise_pur_request_detail prq LEFT JOIN rise_items it ON prq.item_code = it.id WHERE prq.pur_request = 15')
 5 FCPATH\plugins\Purchase\Controllers\Purchase.php(3318): Purchase\Models\Purchase_model->get_pur_request_detail_in_estimate('15')
 6 SYSTEMPATH\CodeIgniter.php(896): Purchase\Controllers\Purchase->coppy_pur_request('15')
 7 SYSTEMPATH\CodeIgniter.php(466): CodeIgniter\CodeIgniter->runController(Object(Purchase\Controllers\Purchase))
 8 SYSTEMPATH\CodeIgniter.php(349): CodeIgniter\CodeIgniter->handleRequest(null, Object(Config\Cache), false)
 9 FCPATH\index.php(80): CodeIgniter\CodeIgniter->run()
CRITICAL - 2025-06-12 04:15:03 --> Printing DataArray
(
    [additional_discount] => 0
    [vendor] => 3
    [pur_request] => 15
    [number] => 00002
    [buyer] => 1
    [currency] => HRK
    [date] => 2025-06-12
    [expirydate] => 2025-06-12
    [item_select] => 
    [from_currency] => INR
    [currency_rate] => 1
    [item_name] => 
    [unit_price] => 
    [quantity] => 
    [unit_name] => 
    [tax_value] => 
    [discount] => 
    [discount_money] => 
    [item_code] => 
    [unit_id] => 
    [total] => 
    [total_money] => 
    [into_money] => 
    [newitems] => Array
        (
            [1] => Array
                (
                    [order] => 1
                    [id] => undefined
                    [item_name] => ABCD_ITEMTEST
                    [unit_price] => 1233.00
                    [quantity] => 1
                    [tax_select] => Array
                        (
                            [0] => Tax (10%)|10
                        )

                    [tax_value] => 123.3
                    [discount] => 
                    [discount_money] => 0
                    [item_code] => 12
                    [unit_id] => 2
                    [total] => 1356.3
                    [total_money] => 1356.3
                    [into_money] => 1233
                )

        )

    [total_mn] => 1233.00
    [dc_total] => 0.00
    [shipping_fee] => 0
    [grand_total] => 1356.30
    [vendornote] => Shipping and logistics would be billed by vendor
    [terms] => Only 50%  advance
)

ERROR - 2025-06-12 04:15:04 --> DEBUG: $sGroupBy = 
ERROR - 2025-06-12 04:15:04 --> Got row asArray
(
    [number] => 1
    [total] => 5500.00
    [total_tax] => 0.00
    [vendor] => 1
    [pur_request] => 13
    [date] => 2025-06-08
    [expirydate] => 2025-06-08
    [status] => 2
    [id] => 1
    [invoiceid] => 
    [deleted_vendor_name] => 
    [currency] => 
    [company] => Surya Infotech
    [pur_rq_name] => #-00005-2025
    [pur_rq_code] => #-00005-2025
)

ERROR - 2025-06-12 04:15:04 --> Got row asArray
(
    [number] => 2
    [total] => 1356.30
    [total_tax] => 123.30
    [vendor] => 3
    [pur_request] => 15
    [date] => 2025-06-12
    [expirydate] => 2025-06-12
    [status] => 2
    [id] => 2
    [invoiceid] => 
    [deleted_vendor_name] => 
    [currency] => HRK
    [company] => OM JAI ELECTRICALS
    [pur_rq_name] => #RAJ-00007-2025
    [pur_rq_code] => #RAJ-00007-2025
)

ERROR - 2025-06-12 04:16:54 --> DEBUG: $sGroupBy = 
CRITICAL - 2025-06-12 04:16:54 --> Data Retrieved isArray
(
    [pur_order_number] => #-00001-Jun-2025-VEND001
    [vendor] => 1
    [order_date] => 2025-06-08
    [type] => opex
    [project] => 5
    [department] => 2
    [pur_order_name] => #-00001-Jun-2025
    [subtotal] => 5000.00
    [total_tax] => 500.00
    [total] => 5225.00
    [approve_status] => 2
    [delivery_date] => 2025-06-07
    [delivery_status] => 0
    [number] => 1
    [expense_convert] => 0
    [id] => 2
    [company] => Surya Infotech
    [project_name] => Robotic Cell
    [department_name] => Electrical
    [currency] => INR
)

CRITICAL - 2025-06-12 04:16:54 --> Data Retrieved isArray
(
    [pur_order_number] => #-00001-May-2025
    [vendor] => 0
    [order_date] => 2025-05-22
    [type] => capex
    [project] => 3
    [department] => 0
    [pur_order_name] => #-00001-May-2025
    [subtotal] => 0.00
    [total_tax] => 0.00
    [total] => 0.00
    [approve_status] => 2
    [delivery_date] => 2025-05-24
    [delivery_status] => 0
    [number] => 1
    [expense_convert] => 0
    [id] => 1
    [company] => 
    [project_name] => Automatice Soap Dispensor Machine Jig
    [department_name] => 
    [currency] => INR
)

ERROR - 2025-06-12 04:16:59 --> DEBUG: $sGroupBy = 
CRITICAL - 2025-06-12 04:16:59 --> Data Retrieved isArray
(
    [pur_order_number] => #-00001-Jun-2025-VEND001
    [vendor] => 1
    [order_date] => 2025-06-08
    [type] => opex
    [project] => 5
    [department] => 2
    [pur_order_name] => #-00001-Jun-2025
    [subtotal] => 5000.00
    [total_tax] => 500.00
    [total] => 5225.00
    [approve_status] => 2
    [delivery_date] => 2025-06-07
    [delivery_status] => 0
    [number] => 1
    [expense_convert] => 0
    [id] => 2
    [company] => Surya Infotech
    [project_name] => Robotic Cell
    [department_name] => Electrical
    [currency] => INR
)

CRITICAL - 2025-06-12 04:16:59 --> Data Retrieved isArray
(
    [pur_order_number] => #-00001-May-2025
    [vendor] => 0
    [order_date] => 2025-05-22
    [type] => capex
    [project] => 3
    [department] => 0
    [pur_order_name] => #-00001-May-2025
    [subtotal] => 0.00
    [total_tax] => 0.00
    [total] => 0.00
    [approve_status] => 2
    [delivery_date] => 2025-05-24
    [delivery_status] => 0
    [number] => 1
    [expense_convert] => 0
    [id] => 1
    [company] => 
    [project_name] => Automatice Soap Dispensor Machine Jig
    [department_name] => 
    [currency] => INR
)

ERROR - 2025-06-12 04:17:45 --> DEBUG: $sGroupBy = 
CRITICAL - 2025-06-12 04:17:45 --> Data Retrieved isArray
(
    [pur_order_number] => #-00001-Jun-2025-VEND001
    [vendor] => 1
    [order_date] => 2025-06-08
    [type] => opex
    [project] => 5
    [department] => 2
    [pur_order_name] => #-00001-Jun-2025
    [subtotal] => 5000.00
    [total_tax] => 500.00
    [total] => 5225.00
    [approve_status] => 2
    [delivery_date] => 2025-06-07
    [delivery_status] => 0
    [number] => 1
    [expense_convert] => 0
    [id] => 2
    [company] => Surya Infotech
    [project_name] => Robotic Cell
    [department_name] => Electrical
    [currency] => INR
)

CRITICAL - 2025-06-12 04:17:45 --> Data Retrieved isArray
(
    [pur_order_number] => #-00001-May-2025
    [vendor] => 0
    [order_date] => 2025-05-22
    [type] => capex
    [project] => 3
    [department] => 0
    [pur_order_name] => #-00001-May-2025
    [subtotal] => 0.00
    [total_tax] => 0.00
    [total] => 0.00
    [approve_status] => 2
    [delivery_date] => 2025-05-24
    [delivery_status] => 0
    [number] => 1
    [expense_convert] => 0
    [id] => 1
    [company] => 
    [project_name] => Automatice Soap Dispensor Machine Jig
    [department_name] => 
    [currency] => INR
)

ERROR - 2025-06-12 04:17:55 --> Unknown column 'long_description' in 'field list'
CRITICAL - 2025-06-12 04:17:55 --> Unknown column 'long_description' in 'field list'
in SYSTEMPATH\Database\MySQLi\Connection.php on line 292.
 1 SYSTEMPATH\Database\MySQLi\Connection.php(292): mysqli->query('SELECT item_code, prq.unit_id as unit_id, unit_price, quantity, into_money, long_description as description, prq.tax as tax, tax_name, tax_rate, item_text, tax_value, total as total_money, total as total FROM rise_pur_request_detail prq LEFT JOIN rise_items it ON prq.item_code = it.id WHERE prq.pur_request = 15', 0)
 2 SYSTEMPATH\Database\BaseConnection.php(695): CodeIgniter\Database\MySQLi\Connection->execute('SELECT item_code, prq.unit_id as unit_id, unit_price, quantity, into_money, long_description as description, prq.tax as tax, tax_name, tax_rate, item_text, tax_value, total as total_money, total as total FROM rise_pur_request_detail prq LEFT JOIN rise_items it ON prq.item_code = it.id WHERE prq.pur_request = 15')
 3 SYSTEMPATH\Database\BaseConnection.php(609): CodeIgniter\Database\BaseConnection->simpleQuery('SELECT item_code, prq.unit_id as unit_id, unit_price, quantity, into_money, long_description as description, prq.tax as tax, tax_name, tax_rate, item_text, tax_value, total as total_money, total as total FROM rise_pur_request_detail prq LEFT JOIN rise_items it ON prq.item_code = it.id WHERE prq.pur_request = 15')
 4 FCPATH\plugins\Purchase\Models\Purchase_model.php(5862): CodeIgniter\Database\BaseConnection->query('SELECT item_code, prq.unit_id as unit_id, unit_price, quantity, into_money, long_description as description, prq.tax as tax, tax_name, tax_rate, item_text, tax_value, total as total_money, total as total FROM rise_pur_request_detail prq LEFT JOIN rise_items it ON prq.item_code = it.id WHERE prq.pur_request = 15')
 5 FCPATH\plugins\Purchase\Controllers\Purchase.php(3971): Purchase\Models\Purchase_model->get_pur_request_detail_in_po('15')
 6 SYSTEMPATH\CodeIgniter.php(896): Purchase\Controllers\Purchase->coppy_pur_request_for_po('15', '3')
 7 SYSTEMPATH\CodeIgniter.php(466): CodeIgniter\CodeIgniter->runController(Object(Purchase\Controllers\Purchase))
 8 SYSTEMPATH\CodeIgniter.php(349): CodeIgniter\CodeIgniter->handleRequest(null, Object(Config\Cache), false)
 9 FCPATH\index.php(80): CodeIgniter\CodeIgniter->run()
ERROR - 2025-06-12 04:18:34 --> DEBUG: $sGroupBy = 
CRITICAL - 2025-06-12 04:18:34 --> Data Retrieved isArray
(
    [pur_order_number] => #DHE-00002-Jun-2025-VEND003
    [vendor] => 3
    [order_date] => 2025-06-12
    [type] => opex
    [project] => 5
    [department] => 2
    [pur_order_name] => #DHE-00002-Jun-2025
    [subtotal] => 1233.00
    [total_tax] => 123.30
    [total] => 1356.30
    [approve_status] => 1
    [delivery_date] => 2025-06-21
    [delivery_status] => 0
    [number] => 2
    [expense_convert] => 0
    [id] => 3
    [company] => OM JAI ELECTRICALS
    [project_name] => Robotic Cell
    [department_name] => Electrical
    [currency] => INR
)

CRITICAL - 2025-06-12 04:18:34 --> Data Retrieved isArray
(
    [pur_order_number] => #-00001-Jun-2025-VEND001
    [vendor] => 1
    [order_date] => 2025-06-08
    [type] => opex
    [project] => 5
    [department] => 2
    [pur_order_name] => #-00001-Jun-2025
    [subtotal] => 5000.00
    [total_tax] => 500.00
    [total] => 5225.00
    [approve_status] => 2
    [delivery_date] => 2025-06-07
    [delivery_status] => 0
    [number] => 1
    [expense_convert] => 0
    [id] => 2
    [company] => Surya Infotech
    [project_name] => Robotic Cell
    [department_name] => Electrical
    [currency] => INR
)

CRITICAL - 2025-06-12 04:18:34 --> Data Retrieved isArray
(
    [pur_order_number] => #-00001-May-2025
    [vendor] => 0
    [order_date] => 2025-05-22
    [type] => capex
    [project] => 3
    [department] => 0
    [pur_order_name] => #-00001-May-2025
    [subtotal] => 0.00
    [total_tax] => 0.00
    [total] => 0.00
    [approve_status] => 2
    [delivery_date] => 2025-05-24
    [delivery_status] => 0
    [number] => 1
    [expense_convert] => 0
    [id] => 1
    [company] => 
    [project_name] => Automatice Soap Dispensor Machine Jig
    [department_name] => 
    [currency] => INR
)

ERROR - 2025-06-12 04:18:48 --> DEBUG: $sGroupBy = 
CRITICAL - 2025-06-12 04:18:48 --> Data Retrieved isArray
(
    [pur_order_number] => #DHE-00002-Jun-2025-VEND003
    [vendor] => 3
    [order_date] => 2025-06-12
    [type] => opex
    [project] => 5
    [department] => 2
    [pur_order_name] => #DHE-00002-Jun-2025
    [subtotal] => 1233.00
    [total_tax] => 123.30
    [total] => 1356.30
    [approve_status] => 1
    [delivery_date] => 2025-06-21
    [delivery_status] => 0
    [number] => 2
    [expense_convert] => 0
    [id] => 3
    [company] => OM JAI ELECTRICALS
    [project_name] => Robotic Cell
    [department_name] => Electrical
    [currency] => INR
)

CRITICAL - 2025-06-12 04:18:48 --> Data Retrieved isArray
(
    [pur_order_number] => #-00001-Jun-2025-VEND001
    [vendor] => 1
    [order_date] => 2025-06-08
    [type] => opex
    [project] => 5
    [department] => 2
    [pur_order_name] => #-00001-Jun-2025
    [subtotal] => 5000.00
    [total_tax] => 500.00
    [total] => 5225.00
    [approve_status] => 2
    [delivery_date] => 2025-06-07
    [delivery_status] => 0
    [number] => 1
    [expense_convert] => 0
    [id] => 2
    [company] => Surya Infotech
    [project_name] => Robotic Cell
    [department_name] => Electrical
    [currency] => INR
)

CRITICAL - 2025-06-12 04:18:48 --> Data Retrieved isArray
(
    [pur_order_number] => #-00001-May-2025
    [vendor] => 0
    [order_date] => 2025-05-22
    [type] => capex
    [project] => 3
    [department] => 0
    [pur_order_name] => #-00001-May-2025
    [subtotal] => 0.00
    [total_tax] => 0.00
    [total] => 0.00
    [approve_status] => 2
    [delivery_date] => 2025-05-24
    [delivery_status] => 0
    [number] => 1
    [expense_convert] => 0
    [id] => 1
    [company] => 
    [project_name] => Automatice Soap Dispensor Machine Jig
    [department_name] => 
    [currency] => INR
)

CRITICAL - 2025-06-12 04:18:54 --> explode(): Passing null to parameter #2 ($string) of type string is deprecated
in FCPATH\plugins\Purchase\Views\purchase_orders\pur_order.php on line 199.
 1 [internal function]: CodeIgniter\Debug\Exceptions->errorHandler(8192, 'explode(): Passing null to parameter #2 ($string) of type string is deprecated', 'FCPATH\\plugins\\Purchase\\Views\\purchase_orders\\pur_order.php', 199)
 2 FCPATH\plugins\Purchase\Views\purchase_orders\pur_order.php(199): explode(',', null)
 3 SYSTEMPATH\View\View.php(213): include('FCPATH\\plugins\\Purchase\\Views\\purchase_orders\\pur_order.php')
 4 SYSTEMPATH\View\View.php(216): CodeIgniter\View\View->CodeIgniter\View\{closure}()
 5 SYSTEMPATH\Common.php(1135): CodeIgniter\View\View->render('Purchase\\Views\\purchase_orders\\pur_order', [], true)
 6 APPPATH\Views\layout\index.php(48): view('Purchase\\Views\\purchase_orders\\pur_order')
 7 SYSTEMPATH\View\View.php(213): include('APPPATH\\Views\\layout\\index.php')
 8 SYSTEMPATH\View\View.php(216): CodeIgniter\View\View->CodeIgniter\View\{closure}()
 9 SYSTEMPATH\Common.php(1135): CodeIgniter\View\View->render('layout/index', [], true)
10 APPPATH\Libraries\Template.php(38): view('layout/index', [...])
11 APPPATH\Libraries\Template.php(22): App\Libraries\Template->view('layout/index', [...])
12 FCPATH\plugins\Purchase\Controllers\Purchase.php(3596): App\Libraries\Template->rander('Purchase\\Views\\purchase_orders\\pur_order', [...])
13 SYSTEMPATH\CodeIgniter.php(896): Purchase\Controllers\Purchase->pur_order('3')
14 SYSTEMPATH\CodeIgniter.php(466): CodeIgniter\CodeIgniter->runController(Object(Purchase\Controllers\Purchase))
15 SYSTEMPATH\CodeIgniter.php(349): CodeIgniter\CodeIgniter->handleRequest(null, Object(Config\Cache), false)
16 FCPATH\index.php(80): CodeIgniter\CodeIgniter->run()
ERROR - 2025-06-12 04:18:58 --> DEBUG: $sGroupBy = 
CRITICAL - 2025-06-12 04:18:58 --> Data Retrieved isArray
(
    [pur_order_number] => #DHE-00002-Jun-2025-VEND003
    [vendor] => 3
    [order_date] => 2025-06-12
    [type] => opex
    [project] => 5
    [department] => 2
    [pur_order_name] => #DHE-00002-Jun-2025
    [subtotal] => 1233.00
    [total_tax] => 123.30
    [total] => 1356.30
    [approve_status] => 1
    [delivery_date] => 2025-06-21
    [delivery_status] => 0
    [number] => 2
    [expense_convert] => 0
    [id] => 3
    [company] => OM JAI ELECTRICALS
    [project_name] => Robotic Cell
    [department_name] => Electrical
    [currency] => INR
)

CRITICAL - 2025-06-12 04:18:58 --> Data Retrieved isArray
(
    [pur_order_number] => #-00001-Jun-2025-VEND001
    [vendor] => 1
    [order_date] => 2025-06-08
    [type] => opex
    [project] => 5
    [department] => 2
    [pur_order_name] => #-00001-Jun-2025
    [subtotal] => 5000.00
    [total_tax] => 500.00
    [total] => 5225.00
    [approve_status] => 2
    [delivery_date] => 2025-06-07
    [delivery_status] => 0
    [number] => 1
    [expense_convert] => 0
    [id] => 2
    [company] => Surya Infotech
    [project_name] => Robotic Cell
    [department_name] => Electrical
    [currency] => INR
)

CRITICAL - 2025-06-12 04:18:58 --> Data Retrieved isArray
(
    [pur_order_number] => #-00001-May-2025
    [vendor] => 0
    [order_date] => 2025-05-22
    [type] => capex
    [project] => 3
    [department] => 0
    [pur_order_name] => #-00001-May-2025
    [subtotal] => 0.00
    [total_tax] => 0.00
    [total] => 0.00
    [approve_status] => 2
    [delivery_date] => 2025-05-24
    [delivery_status] => 0
    [number] => 1
    [expense_convert] => 0
    [id] => 1
    [company] => 
    [project_name] => Automatice Soap Dispensor Machine Jig
    [department_name] => 
    [currency] => INR
)

CRITICAL - 2025-06-12 04:19:00 --> Call to undefined function maybe_add_http()
in FCPATH\plugins\Purchase\Views\vendors\groups\profile.php on line 46.
 1 SYSTEMPATH\View\View.php(213): include()
 2 SYSTEMPATH\View\View.php(216): CodeIgniter\View\View->CodeIgniter\View\{closure}()
 3 SYSTEMPATH\Common.php(1135): CodeIgniter\View\View->render('Purchase\\Views\\vendors\\groups\\profile', [], true)
 4 FCPATH\plugins\Purchase\Views\vendors\vendor.php(39): view('Purchase\\Views\\vendors\\groups\\profile')
 5 SYSTEMPATH\View\View.php(213): include('FCPATH\\plugins\\Purchase\\Views\\vendors\\vendor.php')
 6 SYSTEMPATH\View\View.php(216): CodeIgniter\View\View->CodeIgniter\View\{closure}()
 7 SYSTEMPATH\Common.php(1135): CodeIgniter\View\View->render('Purchase\\Views\\vendors\\vendor', [], true)
 8 APPPATH\Views\layout\index.php(48): view('Purchase\\Views\\vendors\\vendor')
 9 SYSTEMPATH\View\View.php(213): include('APPPATH\\Views\\layout\\index.php')
10 SYSTEMPATH\View\View.php(216): CodeIgniter\View\View->CodeIgniter\View\{closure}()
11 SYSTEMPATH\Common.php(1135): CodeIgniter\View\View->render('layout/index', [], true)
12 APPPATH\Libraries\Template.php(38): view('layout/index', [...])
13 APPPATH\Libraries\Template.php(22): App\Libraries\Template->view('layout/index', [...])
14 FCPATH\plugins\Purchase\Controllers\Purchase.php(1763): App\Libraries\Template->rander('Purchase\\Views\\vendors\\vendor', [...])
15 SYSTEMPATH\CodeIgniter.php(896): Purchase\Controllers\Purchase->vendor('3')
16 SYSTEMPATH\CodeIgniter.php(466): CodeIgniter\CodeIgniter->runController(Object(Purchase\Controllers\Purchase))
17 SYSTEMPATH\CodeIgniter.php(349): CodeIgniter\CodeIgniter->handleRequest(null, Object(Config\Cache), false)
18 FCPATH\index.php(80): CodeIgniter\CodeIgniter->run()
ERROR - 2025-06-12 04:19:04 --> DEBUG: $sGroupBy = 
CRITICAL - 2025-06-12 04:19:04 --> Data Retrieved isArray
(
    [pur_order_number] => #DHE-00002-Jun-2025-VEND003
    [vendor] => 3
    [order_date] => 2025-06-12
    [type] => opex
    [project] => 5
    [department] => 2
    [pur_order_name] => #DHE-00002-Jun-2025
    [subtotal] => 1233.00
    [total_tax] => 123.30
    [total] => 1356.30
    [approve_status] => 1
    [delivery_date] => 2025-06-21
    [delivery_status] => 0
    [number] => 2
    [expense_convert] => 0
    [id] => 3
    [company] => OM JAI ELECTRICALS
    [project_name] => Robotic Cell
    [department_name] => Electrical
    [currency] => INR
)

CRITICAL - 2025-06-12 04:19:04 --> Data Retrieved isArray
(
    [pur_order_number] => #-00001-Jun-2025-VEND001
    [vendor] => 1
    [order_date] => 2025-06-08
    [type] => opex
    [project] => 5
    [department] => 2
    [pur_order_name] => #-00001-Jun-2025
    [subtotal] => 5000.00
    [total_tax] => 500.00
    [total] => 5225.00
    [approve_status] => 2
    [delivery_date] => 2025-06-07
    [delivery_status] => 0
    [number] => 1
    [expense_convert] => 0
    [id] => 2
    [company] => Surya Infotech
    [project_name] => Robotic Cell
    [department_name] => Electrical
    [currency] => INR
)

CRITICAL - 2025-06-12 04:19:04 --> Data Retrieved isArray
(
    [pur_order_number] => #-00001-May-2025
    [vendor] => 0
    [order_date] => 2025-05-22
    [type] => capex
    [project] => 3
    [department] => 0
    [pur_order_name] => #-00001-May-2025
    [subtotal] => 0.00
    [total_tax] => 0.00
    [total] => 0.00
    [approve_status] => 2
    [delivery_date] => 2025-05-24
    [delivery_status] => 0
    [number] => 1
    [expense_convert] => 0
    [id] => 1
    [company] => 
    [project_name] => Automatice Soap Dispensor Machine Jig
    [department_name] => 
    [currency] => INR
)

CRITICAL - 2025-06-12 04:19:23 --> html_entity_decode(): Passing null to parameter #1 ($string) of type string is deprecated
in FCPATH\plugins\Purchase\Views\purchase_orders\_view_pur_order.php on line 377.
 1 [internal function]: CodeIgniter\Debug\Exceptions->errorHandler(8192, 'html_entity_decode(): Passing null to parameter #1 ($string) of type string is deprecated', 'FCPATH\\plugins\\Purchase\\Views\\purchase_orders\\_view_pur_order.php', 377)
 2 FCPATH\plugins\Purchase\Views\purchase_orders\_view_pur_order.php(377): html_entity_decode(null)
 3 SYSTEMPATH\View\View.php(213): include('FCPATH\\plugins\\Purchase\\Views\\purchase_orders\\_view_pur_order.php')
 4 SYSTEMPATH\View\View.php(216): CodeIgniter\View\View->CodeIgniter\View\{closure}()
 5 SYSTEMPATH\Common.php(1135): CodeIgniter\View\View->render('Purchase\\Views\\purchase_orders\\_view_pur_order', [], true)
 6 APPPATH\Views\layout\index.php(48): view('Purchase\\Views\\purchase_orders\\_view_pur_order')
 7 SYSTEMPATH\View\View.php(213): include('APPPATH\\Views\\layout\\index.php')
 8 SYSTEMPATH\View\View.php(216): CodeIgniter\View\View->CodeIgniter\View\{closure}()
 9 SYSTEMPATH\Common.php(1135): CodeIgniter\View\View->render('layout/index', [], true)
10 APPPATH\Libraries\Template.php(38): view('layout/index', [...])
11 APPPATH\Libraries\Template.php(22): App\Libraries\Template->view('layout/index', [...])
12 FCPATH\plugins\Purchase\Controllers\Purchase.php(3682): App\Libraries\Template->rander('Purchase\\Views\\purchase_orders\\_view_pur_order', [...])
13 SYSTEMPATH\CodeIgniter.php(896): Purchase\Controllers\Purchase->view_pur_order('3')
14 SYSTEMPATH\CodeIgniter.php(466): CodeIgniter\CodeIgniter->runController(Object(Purchase\Controllers\Purchase))
15 SYSTEMPATH\CodeIgniter.php(349): CodeIgniter\CodeIgniter->handleRequest(null, Object(Config\Cache), false)
16 FCPATH\index.php(80): CodeIgniter\CodeIgniter->run()
ERROR - 2025-06-12 04:22:01 --> DEBUG: $sGroupBy = 
CRITICAL - 2025-06-12 04:22:01 --> Data Retrieved isArray
(
    [pur_order_number] => #DHE-00002-Jun-2025-VEND003
    [vendor] => 3
    [order_date] => 2025-06-12
    [type] => opex
    [project] => 5
    [department] => 2
    [pur_order_name] => #DHE-00002-Jun-2025
    [subtotal] => 1233.00
    [total_tax] => 123.30
    [total] => 1356.30
    [approve_status] => 1
    [delivery_date] => 2025-06-21
    [delivery_status] => 0
    [number] => 2
    [expense_convert] => 0
    [id] => 3
    [company] => OM JAI ELECTRICALS
    [project_name] => Robotic Cell
    [department_name] => Electrical
    [currency] => INR
)

CRITICAL - 2025-06-12 04:22:01 --> Data Retrieved isArray
(
    [pur_order_number] => #-00001-Jun-2025-VEND001
    [vendor] => 1
    [order_date] => 2025-06-08
    [type] => opex
    [project] => 5
    [department] => 2
    [pur_order_name] => #-00001-Jun-2025
    [subtotal] => 5000.00
    [total_tax] => 500.00
    [total] => 5225.00
    [approve_status] => 2
    [delivery_date] => 2025-06-07
    [delivery_status] => 0
    [number] => 1
    [expense_convert] => 0
    [id] => 2
    [company] => Surya Infotech
    [project_name] => Robotic Cell
    [department_name] => Electrical
    [currency] => INR
)

CRITICAL - 2025-06-12 04:22:01 --> Data Retrieved isArray
(
    [pur_order_number] => #-00001-May-2025
    [vendor] => 0
    [order_date] => 2025-05-22
    [type] => capex
    [project] => 3
    [department] => 0
    [pur_order_name] => #-00001-May-2025
    [subtotal] => 0.00
    [total_tax] => 0.00
    [total] => 0.00
    [approve_status] => 2
    [delivery_date] => 2025-05-24
    [delivery_status] => 0
    [number] => 1
    [expense_convert] => 0
    [id] => 1
    [company] => 
    [project_name] => Automatice Soap Dispensor Machine Jig
    [department_name] => 
    [currency] => INR
)

ERROR - 2025-06-12 04:22:24 --> Email: sendWithMail throwed mail(): Failed to connect to mailserver at &quot;localhost&quot; port 25, verify your &quot;SMTP&quot; and &quot;smtp_port&quot; setting in php.ini or use ini_set()
CRITICAL - 2025-06-12 04:22:24 --> Unable to send email using PHP mail(). Your server might not be configured to send mail using this method.<br /><pre>Date: Thu, 12 Jun 2025 04:22:22 -0500
From: &lt;&gt;
Return-Path: &lt;&gt;
Reply-To: &lt;&gt;
User-Agent: CodeIgniter
X-Mailer: CodeIgniter
X-Priority: 3 (Normal)
Message-ID: &lt;684a9c4eb4b4b2.05982476&gt;
Mime-Version: 1.0
Content-Type: multipart/alternative; boundary=&quot;B_ALT_684a9c4eb4b5a7.08529746&quot;
=?UTF-8?Q?Approval=20notification?=
This is a multi-part message in MIME format.
Your email application may not support this format.

--B_ALT_684a9c4eb4b5a7.08529746
Content-Type: text/plain; charset=UTF-8
Content-Transfer-Encoding: 8bit

default_lang.send_approve Purchase Order
http://localhost/rsra_new/rsra/index.php/purchase/purchase_order/3 by Anand
Dhariwal


--B_ALT_684a9c4eb4b5a7.08529746
Content-Type: text/html; charset=UTF-8
Content-Transfer-Encoding: quoted-printable

default_lang.send_approve Purchase Order &lt;a href=3D&quot;http://localhost/rsra_n=
ew/rsra/index.php/purchase/purchase_order/3&quot;&gt;http://localhost/rsra_new/rsra=
/index.php/purchase/purchase_order/3&lt;/a&gt;  by Anand Dhariwal

--B_ALT_684a9c4eb4b5a7.08529746--</pre>
in APPPATH\Helpers\general_helper.php on line 662.
 1 FCPATH\plugins\Purchase\Models\Purchase_model.php(3406): send_app_mail('sumitranjan245@gmail.com', 'Approval notification', 'default_lang.send_approve Purchase Order <a href="http://localhost/rsra_new/rsra/index.php/purchase/purchase_order/3">http://localhost/rsra_new/rsra/index.php/purchase/purchase_order/3</a>  by Anand Dhariwal')
 2 FCPATH\plugins\Purchase\Controllers\Purchase.php(2584): Purchase\Models\Purchase_model->send_mail([...])
 3 SYSTEMPATH\CodeIgniter.php(896): Purchase\Controllers\Purchase->send_mail()
 4 SYSTEMPATH\CodeIgniter.php(466): CodeIgniter\CodeIgniter->runController(Object(Purchase\Controllers\Purchase))
 5 SYSTEMPATH\CodeIgniter.php(349): CodeIgniter\CodeIgniter->handleRequest(null, Object(Config\Cache), false)
 6 FCPATH\index.php(80): CodeIgniter\CodeIgniter->run()
ERROR - 2025-06-12 04:53:04 --> DEBUG: $sGroupBy = 
ERROR - 2025-06-12 04:53:58 --> DEBUG: $sGroupBy = 
ERROR - 2025-06-12 04:54:10 --> DEBUG: $sGroupBy = 
ERROR - 2025-06-12 04:54:11 --> DEBUG: $sGroupBy = 
ERROR - 2025-06-12 04:54:33 --> DEBUG: $sGroupBy = 
ERROR - 2025-06-12 04:54:39 --> DEBUG: $sGroupBy = 
ERROR - 2025-06-12 04:55:33 --> DEBUG: $sGroupBy = 
ERROR - 2025-06-12 04:55:56 --> Email: sendWithMail throwed mail(): Failed to connect to mailserver at &quot;localhost&quot; port 25, verify your &quot;SMTP&quot; and &quot;smtp_port&quot; setting in php.ini or use ini_set()
CRITICAL - 2025-06-12 04:55:56 --> Unable to send email using PHP mail(). Your server might not be configured to send mail using this method.<br /><pre>Date: Thu, 12 Jun 2025 04:55:54 -0500
From: &lt;&gt;
Return-Path: &lt;&gt;
Reply-To: &lt;&gt;
User-Agent: CodeIgniter
X-Mailer: CodeIgniter
X-Priority: 3 (Normal)
Message-ID: &lt;684aa42abb04a6.72157665&gt;
Mime-Version: 1.0
Content-Type: multipart/alternative; boundary=&quot;B_ALT_684aa42abb0646.12115448&quot;
=?UTF-8?Q?default=5Flang.request=5Fapproval?=
This is a multi-part message in MIME format.
Your email application may not support this format.

--B_ALT_684aa42abb0646.12115448
Content-Type: text/plain; charset=UTF-8
Content-Transfer-Encoding: 8bit

You receive an approval request Purchase Request
http://localhost/rsra_new/rsra/index.php/purchase/view_pur_request/16 from
Sumit Ranjan


--B_ALT_684aa42abb0646.12115448
Content-Type: text/html; charset=UTF-8
Content-Transfer-Encoding: quoted-printable

You receive an approval request Purchase Request &lt;a href=3D&quot;http://localhos=
t/rsra_new/rsra/index.php/purchase/view_pur_request/16&quot;&gt;http://localhost/rs=
ra_new/rsra/index.php/purchase/view_pur_request/16&lt;/a&gt; from Sumit Ranjan

--B_ALT_684aa42abb0646.12115448--</pre>
in APPPATH\Helpers\general_helper.php on line 662.
 1 FCPATH\plugins\Purchase\Models\Purchase_model.php(3376): send_app_mail('ananddhariwalrs@gmail.com', 'default_lang.request_approval', 'You receive an approval request Purchase Request <a href="http://localhost/rsra_new/rsra/index.php/purchase/view_pur_request/16">http://localhost/rsra_new/rsra/index.php/purchase/view_pur_request/16</a> from Sumit Ranjan')
 2 FCPATH\plugins\Purchase\Controllers\Purchase.php(2584): Purchase\Models\Purchase_model->send_mail([...])
 3 SYSTEMPATH\CodeIgniter.php(896): Purchase\Controllers\Purchase->send_mail()
 4 SYSTEMPATH\CodeIgniter.php(466): CodeIgniter\CodeIgniter->runController(Object(Purchase\Controllers\Purchase))
 5 SYSTEMPATH\CodeIgniter.php(349): CodeIgniter\CodeIgniter->handleRequest(null, Object(Config\Cache), false)
 6 FCPATH\index.php(80): CodeIgniter\CodeIgniter->run()
ERROR - 2025-06-12 04:56:22 --> DEBUG: $sGroupBy = 
ERROR - 2025-06-12 04:56:45 --> Email: sendWithMail throwed mail(): Failed to connect to mailserver at &quot;localhost&quot; port 25, verify your &quot;SMTP&quot; and &quot;smtp_port&quot; setting in php.ini or use ini_set()
CRITICAL - 2025-06-12 04:56:45 --> Unable to send email using PHP mail(). Your server might not be configured to send mail using this method.<br /><pre>Date: Thu, 12 Jun 2025 04:56:43 -0500
From: &lt;&gt;
Return-Path: &lt;&gt;
Reply-To: &lt;&gt;
User-Agent: CodeIgniter
X-Mailer: CodeIgniter
X-Priority: 3 (Normal)
Message-ID: &lt;684aa45bdb4448.11388636&gt;
Mime-Version: 1.0
Content-Type: multipart/alternative; boundary=&quot;B_ALT_684aa45bdb45d2.06164430&quot;
=?UTF-8?Q?default=5Flang.request=5Fapproval?=
This is a multi-part message in MIME format.
Your email application may not support this format.

--B_ALT_684aa45bdb45d2.06164430
Content-Type: text/plain; charset=UTF-8
Content-Transfer-Encoding: 8bit

You receive an approval request Purchase Request
http://localhost/rsra_new/rsra/index.php/purchase/view_pur_request/16 from
Sumit Ranjan


--B_ALT_684aa45bdb45d2.06164430
Content-Type: text/html; charset=UTF-8
Content-Transfer-Encoding: quoted-printable

You receive an approval request Purchase Request &lt;a href=3D&quot;http://localhos=
t/rsra_new/rsra/index.php/purchase/view_pur_request/16&quot;&gt;http://localhost/rs=
ra_new/rsra/index.php/purchase/view_pur_request/16&lt;/a&gt; from Sumit Ranjan

--B_ALT_684aa45bdb45d2.06164430--</pre>
in APPPATH\Helpers\general_helper.php on line 662.
 1 FCPATH\plugins\Purchase\Models\Purchase_model.php(3376): send_app_mail('tikam60@gmail.com', 'default_lang.request_approval', 'You receive an approval request Purchase Request <a href="http://localhost/rsra_new/rsra/index.php/purchase/view_pur_request/16">http://localhost/rsra_new/rsra/index.php/purchase/view_pur_request/16</a> from Sumit Ranjan')
 2 FCPATH\plugins\Purchase\Controllers\Purchase.php(2584): Purchase\Models\Purchase_model->send_mail([...])
 3 SYSTEMPATH\CodeIgniter.php(896): Purchase\Controllers\Purchase->send_mail()
 4 SYSTEMPATH\CodeIgniter.php(466): CodeIgniter\CodeIgniter->runController(Object(Purchase\Controllers\Purchase))
 5 SYSTEMPATH\CodeIgniter.php(349): CodeIgniter\CodeIgniter->handleRequest(null, Object(Config\Cache), false)
 6 FCPATH\index.php(80): CodeIgniter\CodeIgniter->run()
ERROR - 2025-06-12 04:57:00 --> DEBUG: $sGroupBy = 
ERROR - 2025-06-12 04:57:19 --> Email: sendWithMail throwed mail(): Failed to connect to mailserver at &quot;localhost&quot; port 25, verify your &quot;SMTP&quot; and &quot;smtp_port&quot; setting in php.ini or use ini_set()
CRITICAL - 2025-06-12 04:57:19 --> Unable to send email using PHP mail(). Your server might not be configured to send mail using this method.<br /><pre>Date: Thu, 12 Jun 2025 04:57:17 -0500
From: &lt;&gt;
Return-Path: &lt;&gt;
Reply-To: &lt;&gt;
User-Agent: CodeIgniter
X-Mailer: CodeIgniter
X-Priority: 3 (Normal)
Message-ID: &lt;684aa47d6f8736.93067169&gt;
Mime-Version: 1.0
Content-Type: multipart/alternative; boundary=&quot;B_ALT_684aa47d6f88e2.59747497&quot;
=?UTF-8?Q?Approval=20notification?=
This is a multi-part message in MIME format.
Your email application may not support this format.

--B_ALT_684aa47d6f88e2.59747497
Content-Type: text/plain; charset=UTF-8
Content-Transfer-Encoding: 8bit

default_lang.send_approve Purchase Request
http://localhost/rsra_new/rsra/index.php/purchase/view_pur_request/16 by
Tikam Singh


--B_ALT_684aa47d6f88e2.59747497
Content-Type: text/html; charset=UTF-8
Content-Transfer-Encoding: quoted-printable

default_lang.send_approve Purchase Request &lt;a href=3D&quot;http://localhost/rsra=
_new/rsra/index.php/purchase/view_pur_request/16&quot;&gt;http://localhost/rsra_new=
/rsra/index.php/purchase/view_pur_request/16&lt;/a&gt;  by Tikam Singh

--B_ALT_684aa47d6f88e2.59747497--</pre>
in APPPATH\Helpers\general_helper.php on line 662.
 1 FCPATH\plugins\Purchase\Models\Purchase_model.php(3406): send_app_mail('sumitranjan245@gmail.com', 'Approval notification', 'default_lang.send_approve Purchase Request <a href="http://localhost/rsra_new/rsra/index.php/purchase/view_pur_request/16">http://localhost/rsra_new/rsra/index.php/purchase/view_pur_request/16</a>  by Tikam Singh')
 2 FCPATH\plugins\Purchase\Controllers\Purchase.php(2584): Purchase\Models\Purchase_model->send_mail([...])
 3 SYSTEMPATH\CodeIgniter.php(896): Purchase\Controllers\Purchase->send_mail()
 4 SYSTEMPATH\CodeIgniter.php(466): CodeIgniter\CodeIgniter->runController(Object(Purchase\Controllers\Purchase))
 5 SYSTEMPATH\CodeIgniter.php(349): CodeIgniter\CodeIgniter->handleRequest(null, Object(Config\Cache), false)
 6 FCPATH\index.php(80): CodeIgniter\CodeIgniter->run()
ERROR - 2025-06-12 05:07:44 --> DEBUG: $sGroupBy = 
ERROR - 2025-06-12 05:08:33 --> DEBUG: $sGroupBy = 
ERROR - 2025-06-12 05:08:49 --> DEBUG: $sGroupBy = 
ERROR - 2025-06-12 05:09:10 --> DEBUG: $sGroupBy = 
ERROR - 2025-06-12 05:09:16 --> DEBUG: $sGroupBy = 
ERROR - 2025-06-12 05:09:53 --> DEBUG: $sGroupBy = 
ERROR - 2025-06-12 05:10:04 --> Email: sendWithMail throwed mail(): Failed to connect to mailserver at &quot;localhost&quot; port 25, verify your &quot;SMTP&quot; and &quot;smtp_port&quot; setting in php.ini or use ini_set()
CRITICAL - 2025-06-12 05:10:04 --> Unable to send email using PHP mail(). Your server might not be configured to send mail using this method.<br /><pre>Date: Thu, 12 Jun 2025 05:10:02 -0500
From: &lt;&gt;
Return-Path: &lt;&gt;
Reply-To: &lt;&gt;
User-Agent: CodeIgniter
X-Mailer: CodeIgniter
X-Priority: 3 (Normal)
Message-ID: &lt;684aa77a7b23d5.19269141&gt;
Mime-Version: 1.0
Content-Type: multipart/alternative; boundary=&quot;B_ALT_684aa77a7b2590.51240652&quot;
=?UTF-8?Q?default=5Flang.request=5Fapproval?=
This is a multi-part message in MIME format.
Your email application may not support this format.

--B_ALT_684aa77a7b2590.51240652
Content-Type: text/plain; charset=UTF-8
Content-Transfer-Encoding: 8bit

You receive an approval request Purchase Request
http://localhost/rsra_new/rsra/index.php/purchase/view_pur_request/17 from
Sumit Ranjan


--B_ALT_684aa77a7b2590.51240652
Content-Type: text/html; charset=UTF-8
Content-Transfer-Encoding: quoted-printable

You receive an approval request Purchase Request &lt;a href=3D&quot;http://localhos=
t/rsra_new/rsra/index.php/purchase/view_pur_request/17&quot;&gt;http://localhost/rs=
ra_new/rsra/index.php/purchase/view_pur_request/17&lt;/a&gt; from Sumit Ranjan

--B_ALT_684aa77a7b2590.51240652--</pre>
in APPPATH\Helpers\general_helper.php on line 662.
 1 FCPATH\plugins\Purchase\Models\Purchase_model.php(3376): send_app_mail('ananddhariwalrs@gmail.com', 'default_lang.request_approval', 'You receive an approval request Purchase Request <a href="http://localhost/rsra_new/rsra/index.php/purchase/view_pur_request/17">http://localhost/rsra_new/rsra/index.php/purchase/view_pur_request/17</a> from Sumit Ranjan')
 2 FCPATH\plugins\Purchase\Controllers\Purchase.php(2584): Purchase\Models\Purchase_model->send_mail([...])
 3 SYSTEMPATH\CodeIgniter.php(896): Purchase\Controllers\Purchase->send_mail()
 4 SYSTEMPATH\CodeIgniter.php(466): CodeIgniter\CodeIgniter->runController(Object(Purchase\Controllers\Purchase))
 5 SYSTEMPATH\CodeIgniter.php(349): CodeIgniter\CodeIgniter->handleRequest(null, Object(Config\Cache), false)
 6 FCPATH\index.php(80): CodeIgniter\CodeIgniter->run()
ERROR - 2025-06-12 05:10:17 --> DEBUG: $sGroupBy = 
ERROR - 2025-06-12 05:10:41 --> Email: sendWithMail throwed mail(): Failed to connect to mailserver at &quot;localhost&quot; port 25, verify your &quot;SMTP&quot; and &quot;smtp_port&quot; setting in php.ini or use ini_set()
CRITICAL - 2025-06-12 05:10:41 --> Unable to send email using PHP mail(). Your server might not be configured to send mail using this method.<br /><pre>Date: Thu, 12 Jun 2025 05:10:39 -0500
From: &lt;&gt;
Return-Path: &lt;&gt;
Reply-To: &lt;&gt;
User-Agent: CodeIgniter
X-Mailer: CodeIgniter
X-Priority: 3 (Normal)
Message-ID: &lt;684aa79fb6d702.61468372&gt;
Mime-Version: 1.0
Content-Type: multipart/alternative; boundary=&quot;B_ALT_684aa79fb6d811.70839901&quot;
=?UTF-8?Q?default=5Flang.request=5Fapproval?=
This is a multi-part message in MIME format.
Your email application may not support this format.

--B_ALT_684aa79fb6d811.70839901
Content-Type: text/plain; charset=UTF-8
Content-Transfer-Encoding: 8bit

You receive an approval request Purchase Request
http://localhost/rsra_new/rsra/index.php/purchase/view_pur_request/17 from
Sumit Ranjan


--B_ALT_684aa79fb6d811.70839901
Content-Type: text/html; charset=UTF-8
Content-Transfer-Encoding: quoted-printable

You receive an approval request Purchase Request &lt;a href=3D&quot;http://localhos=
t/rsra_new/rsra/index.php/purchase/view_pur_request/17&quot;&gt;http://localhost/rs=
ra_new/rsra/index.php/purchase/view_pur_request/17&lt;/a&gt; from Sumit Ranjan

--B_ALT_684aa79fb6d811.70839901--</pre>
in APPPATH\Helpers\general_helper.php on line 662.
 1 FCPATH\plugins\Purchase\Models\Purchase_model.php(3376): send_app_mail('tikam60@gmail.com', 'default_lang.request_approval', 'You receive an approval request Purchase Request <a href="http://localhost/rsra_new/rsra/index.php/purchase/view_pur_request/17">http://localhost/rsra_new/rsra/index.php/purchase/view_pur_request/17</a> from Sumit Ranjan')
 2 FCPATH\plugins\Purchase\Controllers\Purchase.php(2584): Purchase\Models\Purchase_model->send_mail([...])
 3 SYSTEMPATH\CodeIgniter.php(896): Purchase\Controllers\Purchase->send_mail()
 4 SYSTEMPATH\CodeIgniter.php(466): CodeIgniter\CodeIgniter->runController(Object(Purchase\Controllers\Purchase))
 5 SYSTEMPATH\CodeIgniter.php(349): CodeIgniter\CodeIgniter->handleRequest(null, Object(Config\Cache), false)
 6 FCPATH\index.php(80): CodeIgniter\CodeIgniter->run()
ERROR - 2025-06-12 05:10:52 --> DEBUG: $sGroupBy = 
ERROR - 2025-06-12 05:11:13 --> Email: sendWithMail throwed mail(): Failed to connect to mailserver at &quot;localhost&quot; port 25, verify your &quot;SMTP&quot; and &quot;smtp_port&quot; setting in php.ini or use ini_set()
CRITICAL - 2025-06-12 05:11:13 --> Unable to send email using PHP mail(). Your server might not be configured to send mail using this method.<br /><pre>Date: Thu, 12 Jun 2025 05:11:11 -0500
From: &lt;&gt;
Return-Path: &lt;&gt;
Reply-To: &lt;&gt;
User-Agent: CodeIgniter
X-Mailer: CodeIgniter
X-Priority: 3 (Normal)
Message-ID: &lt;684aa7bf1f6971.49856386&gt;
Mime-Version: 1.0
Content-Type: multipart/alternative; boundary=&quot;B_ALT_684aa7bf1f6a92.95876254&quot;
=?UTF-8?Q?Approval=20notification?=
This is a multi-part message in MIME format.
Your email application may not support this format.

--B_ALT_684aa7bf1f6a92.95876254
Content-Type: text/plain; charset=UTF-8
Content-Transfer-Encoding: 8bit

default_lang.send_approve Purchase Request
http://localhost/rsra_new/rsra/index.php/purchase/view_pur_request/17 by
Tikam Singh


--B_ALT_684aa7bf1f6a92.95876254
Content-Type: text/html; charset=UTF-8
Content-Transfer-Encoding: quoted-printable

default_lang.send_approve Purchase Request &lt;a href=3D&quot;http://localhost/rsra=
_new/rsra/index.php/purchase/view_pur_request/17&quot;&gt;http://localhost/rsra_new=
/rsra/index.php/purchase/view_pur_request/17&lt;/a&gt;  by Tikam Singh

--B_ALT_684aa7bf1f6a92.95876254--</pre>
in APPPATH\Helpers\general_helper.php on line 662.
 1 FCPATH\plugins\Purchase\Models\Purchase_model.php(3406): send_app_mail('sumitranjan245@gmail.com', 'Approval notification', 'default_lang.send_approve Purchase Request <a href="http://localhost/rsra_new/rsra/index.php/purchase/view_pur_request/17">http://localhost/rsra_new/rsra/index.php/purchase/view_pur_request/17</a>  by Tikam Singh')
 2 FCPATH\plugins\Purchase\Controllers\Purchase.php(2584): Purchase\Models\Purchase_model->send_mail([...])
 3 SYSTEMPATH\CodeIgniter.php(896): Purchase\Controllers\Purchase->send_mail()
 4 SYSTEMPATH\CodeIgniter.php(466): CodeIgniter\CodeIgniter->runController(Object(Purchase\Controllers\Purchase))
 5 SYSTEMPATH\CodeIgniter.php(349): CodeIgniter\CodeIgniter->handleRequest(null, Object(Config\Cache), false)
 6 FCPATH\index.php(80): CodeIgniter\CodeIgniter->run()
ERROR - 2025-06-12 05:11:17 --> DEBUG: $sGroupBy = 
ERROR - 2025-06-12 05:14:58 --> DEBUG: $sGroupBy = 
ERROR - 2025-06-12 05:15:58 --> DEBUG: $sGroupBy = 
ERROR - 2025-06-12 05:16:18 --> DEBUG: $sGroupBy = 
ERROR - 2025-06-12 05:16:39 --> DEBUG: $sGroupBy = 
ERROR - 2025-06-12 05:16:47 --> DEBUG: $sGroupBy = 
ERROR - 2025-06-12 05:17:39 --> DEBUG: $sGroupBy = 
ERROR - 2025-06-12 05:17:57 --> Email: sendWithMail throwed mail(): Failed to connect to mailserver at &quot;localhost&quot; port 25, verify your &quot;SMTP&quot; and &quot;smtp_port&quot; setting in php.ini or use ini_set()
CRITICAL - 2025-06-12 05:17:57 --> Unable to send email using PHP mail(). Your server might not be configured to send mail using this method.<br /><pre>Date: Thu, 12 Jun 2025 05:17:55 -0500
From: &lt;&gt;
Return-Path: &lt;&gt;
Reply-To: &lt;&gt;
User-Agent: CodeIgniter
X-Mailer: CodeIgniter
X-Priority: 3 (Normal)
Message-ID: &lt;684aa953e85ce3.36497876&gt;
Mime-Version: 1.0
Content-Type: multipart/alternative; boundary=&quot;B_ALT_684aa953e85e46.85425153&quot;
=?UTF-8?Q?default=5Flang.request=5Fapproval?=
This is a multi-part message in MIME format.
Your email application may not support this format.

--B_ALT_684aa953e85e46.85425153
Content-Type: text/plain; charset=UTF-8
Content-Transfer-Encoding: 8bit

You receive an approval request Purchase Request
http://localhost/rsra_new/rsra/index.php/purchase/view_pur_request/18 from
Sumit Ranjan


--B_ALT_684aa953e85e46.85425153
Content-Type: text/html; charset=UTF-8
Content-Transfer-Encoding: quoted-printable

You receive an approval request Purchase Request &lt;a href=3D&quot;http://localhos=
t/rsra_new/rsra/index.php/purchase/view_pur_request/18&quot;&gt;http://localhost/rs=
ra_new/rsra/index.php/purchase/view_pur_request/18&lt;/a&gt; from Sumit Ranjan

--B_ALT_684aa953e85e46.85425153--</pre>
in APPPATH\Helpers\general_helper.php on line 662.
 1 FCPATH\plugins\Purchase\Models\Purchase_model.php(3376): send_app_mail('ananddhariwalrs@gmail.com', 'default_lang.request_approval', 'You receive an approval request Purchase Request <a href="http://localhost/rsra_new/rsra/index.php/purchase/view_pur_request/18">http://localhost/rsra_new/rsra/index.php/purchase/view_pur_request/18</a> from Sumit Ranjan')
 2 FCPATH\plugins\Purchase\Controllers\Purchase.php(2584): Purchase\Models\Purchase_model->send_mail([...])
 3 SYSTEMPATH\CodeIgniter.php(896): Purchase\Controllers\Purchase->send_mail()
 4 SYSTEMPATH\CodeIgniter.php(466): CodeIgniter\CodeIgniter->runController(Object(Purchase\Controllers\Purchase))
 5 SYSTEMPATH\CodeIgniter.php(349): CodeIgniter\CodeIgniter->handleRequest(null, Object(Config\Cache), false)
 6 FCPATH\index.php(80): CodeIgniter\CodeIgniter->run()
ERROR - 2025-06-12 05:18:23 --> DEBUG: $sGroupBy = 
ERROR - 2025-06-12 05:18:40 --> Email: sendWithMail throwed mail(): Failed to connect to mailserver at &quot;localhost&quot; port 25, verify your &quot;SMTP&quot; and &quot;smtp_port&quot; setting in php.ini or use ini_set()
CRITICAL - 2025-06-12 05:18:40 --> Unable to send email using PHP mail(). Your server might not be configured to send mail using this method.<br /><pre>Date: Thu, 12 Jun 2025 05:18:38 -0500
From: &lt;&gt;
Return-Path: &lt;&gt;
Reply-To: &lt;&gt;
User-Agent: CodeIgniter
X-Mailer: CodeIgniter
X-Priority: 3 (Normal)
Message-ID: &lt;684aa97ecd14c0.47808712&gt;
Mime-Version: 1.0
Content-Type: multipart/alternative; boundary=&quot;B_ALT_684aa97ecd1733.50325256&quot;
=?UTF-8?Q?default=5Flang.request=5Fapproval?=
This is a multi-part message in MIME format.
Your email application may not support this format.

--B_ALT_684aa97ecd1733.50325256
Content-Type: text/plain; charset=UTF-8
Content-Transfer-Encoding: 8bit

You receive an approval request Purchase Request
http://localhost/rsra_new/rsra/index.php/purchase/view_pur_request/18 from
Sumit Ranjan


--B_ALT_684aa97ecd1733.50325256
Content-Type: text/html; charset=UTF-8
Content-Transfer-Encoding: quoted-printable

You receive an approval request Purchase Request &lt;a href=3D&quot;http://localhos=
t/rsra_new/rsra/index.php/purchase/view_pur_request/18&quot;&gt;http://localhost/rs=
ra_new/rsra/index.php/purchase/view_pur_request/18&lt;/a&gt; from Sumit Ranjan

--B_ALT_684aa97ecd1733.50325256--</pre>
in APPPATH\Helpers\general_helper.php on line 662.
 1 FCPATH\plugins\Purchase\Models\Purchase_model.php(3376): send_app_mail('tikam60@gmail.com', 'default_lang.request_approval', 'You receive an approval request Purchase Request <a href="http://localhost/rsra_new/rsra/index.php/purchase/view_pur_request/18">http://localhost/rsra_new/rsra/index.php/purchase/view_pur_request/18</a> from Sumit Ranjan')
 2 FCPATH\plugins\Purchase\Controllers\Purchase.php(2584): Purchase\Models\Purchase_model->send_mail([...])
 3 SYSTEMPATH\CodeIgniter.php(896): Purchase\Controllers\Purchase->send_mail()
 4 SYSTEMPATH\CodeIgniter.php(466): CodeIgniter\CodeIgniter->runController(Object(Purchase\Controllers\Purchase))
 5 SYSTEMPATH\CodeIgniter.php(349): CodeIgniter\CodeIgniter->handleRequest(null, Object(Config\Cache), false)
 6 FCPATH\index.php(80): CodeIgniter\CodeIgniter->run()
ERROR - 2025-06-12 05:18:50 --> DEBUG: $sGroupBy = 
ERROR - 2025-06-12 05:19:12 --> Email: sendWithMail throwed mail(): Failed to connect to mailserver at &quot;localhost&quot; port 25, verify your &quot;SMTP&quot; and &quot;smtp_port&quot; setting in php.ini or use ini_set()
CRITICAL - 2025-06-12 05:19:12 --> Unable to send email using PHP mail(). Your server might not be configured to send mail using this method.<br /><pre>Date: Thu, 12 Jun 2025 05:19:10 -0500
From: &lt;&gt;
Return-Path: &lt;&gt;
Reply-To: &lt;&gt;
User-Agent: CodeIgniter
X-Mailer: CodeIgniter
X-Priority: 3 (Normal)
Message-ID: &lt;684aa99ec59269.14789660&gt;
Mime-Version: 1.0
Content-Type: multipart/alternative; boundary=&quot;B_ALT_684aa99ec593c4.57259565&quot;
=?UTF-8?Q?Approval=20notification?=
This is a multi-part message in MIME format.
Your email application may not support this format.

--B_ALT_684aa99ec593c4.57259565
Content-Type: text/plain; charset=UTF-8
Content-Transfer-Encoding: 8bit

default_lang.send_approve Purchase Request
http://localhost/rsra_new/rsra/index.php/purchase/view_pur_request/18 by
Tikam Singh


--B_ALT_684aa99ec593c4.57259565
Content-Type: text/html; charset=UTF-8
Content-Transfer-Encoding: quoted-printable

default_lang.send_approve Purchase Request &lt;a href=3D&quot;http://localhost/rsra=
_new/rsra/index.php/purchase/view_pur_request/18&quot;&gt;http://localhost/rsra_new=
/rsra/index.php/purchase/view_pur_request/18&lt;/a&gt;  by Tikam Singh

--B_ALT_684aa99ec593c4.57259565--</pre>
in APPPATH\Helpers\general_helper.php on line 662.
 1 FCPATH\plugins\Purchase\Models\Purchase_model.php(3406): send_app_mail('sumitranjan245@gmail.com', 'Approval notification', 'default_lang.send_approve Purchase Request <a href="http://localhost/rsra_new/rsra/index.php/purchase/view_pur_request/18">http://localhost/rsra_new/rsra/index.php/purchase/view_pur_request/18</a>  by Tikam Singh')
 2 FCPATH\plugins\Purchase\Controllers\Purchase.php(2584): Purchase\Models\Purchase_model->send_mail([...])
 3 SYSTEMPATH\CodeIgniter.php(896): Purchase\Controllers\Purchase->send_mail()
 4 SYSTEMPATH\CodeIgniter.php(466): CodeIgniter\CodeIgniter->runController(Object(Purchase\Controllers\Purchase))
 5 SYSTEMPATH\CodeIgniter.php(349): CodeIgniter\CodeIgniter->handleRequest(null, Object(Config\Cache), false)
 6 FCPATH\index.php(80): CodeIgniter\CodeIgniter->run()
ERROR - 2025-06-12 05:19:22 --> DEBUG: $sGroupBy = 
ERROR - 2025-06-12 05:19:32 --> DEBUG: $sGroupBy = 
ERROR - 2025-06-12 05:19:32 --> Got row asArray
(
    [number] => 1
    [total] => 5500.00
    [total_tax] => 0.00
    [vendor] => 1
    [pur_request] => 13
    [date] => 2025-06-08
    [expirydate] => 2025-06-08
    [status] => 2
    [id] => 1
    [invoiceid] => 
    [deleted_vendor_name] => 
    [currency] => 
    [company] => Surya Infotech
    [pur_rq_name] => #-00005-2025
    [pur_rq_code] => #-00005-2025
)

ERROR - 2025-06-12 05:19:32 --> Got row asArray
(
    [number] => 2
    [total] => 1356.30
    [total_tax] => 123.30
    [vendor] => 3
    [pur_request] => 15
    [date] => 2025-06-12
    [expirydate] => 2025-06-12
    [status] => 2
    [id] => 2
    [invoiceid] => 
    [deleted_vendor_name] => 
    [currency] => HRK
    [company] => OM JAI ELECTRICALS
    [pur_rq_name] => #RAJ-00007-2025
    [pur_rq_code] => #RAJ-00007-2025
)

ERROR - 2025-06-12 05:19:42 --> Unknown column 'long_description' in 'field list'
CRITICAL - 2025-06-12 05:19:42 --> Unknown column 'long_description' in 'field list'
in SYSTEMPATH\Database\MySQLi\Connection.php on line 292.
 1 SYSTEMPATH\Database\MySQLi\Connection.php(292): mysqli->query('SELECT item_code, prq.unit_id as unit_id, unit_price, quantity, into_money, long_description as description, prq.tax as tax, tax_name, tax_rate, item_text, tax_value, total as total_money, total as total FROM rise_pur_request_detail prq LEFT JOIN rise_items it ON prq.item_code = it.id WHERE prq.pur_request = 16', 0)
 2 SYSTEMPATH\Database\BaseConnection.php(695): CodeIgniter\Database\MySQLi\Connection->execute('SELECT item_code, prq.unit_id as unit_id, unit_price, quantity, into_money, long_description as description, prq.tax as tax, tax_name, tax_rate, item_text, tax_value, total as total_money, total as total FROM rise_pur_request_detail prq LEFT JOIN rise_items it ON prq.item_code = it.id WHERE prq.pur_request = 16')
 3 SYSTEMPATH\Database\BaseConnection.php(609): CodeIgniter\Database\BaseConnection->simpleQuery('SELECT item_code, prq.unit_id as unit_id, unit_price, quantity, into_money, long_description as description, prq.tax as tax, tax_name, tax_rate, item_text, tax_value, total as total_money, total as total FROM rise_pur_request_detail prq LEFT JOIN rise_items it ON prq.item_code = it.id WHERE prq.pur_request = 16')
 4 FCPATH\plugins\Purchase\Models\Purchase_model.php(4829): CodeIgniter\Database\BaseConnection->query('SELECT item_code, prq.unit_id as unit_id, unit_price, quantity, into_money, long_description as description, prq.tax as tax, tax_name, tax_rate, item_text, tax_value, total as total_money, total as total FROM rise_pur_request_detail prq LEFT JOIN rise_items it ON prq.item_code = it.id WHERE prq.pur_request = 16')
 5 FCPATH\plugins\Purchase\Controllers\Purchase.php(3318): Purchase\Models\Purchase_model->get_pur_request_detail_in_estimate('16')
 6 SYSTEMPATH\CodeIgniter.php(896): Purchase\Controllers\Purchase->coppy_pur_request('16')
 7 SYSTEMPATH\CodeIgniter.php(466): CodeIgniter\CodeIgniter->runController(Object(Purchase\Controllers\Purchase))
 8 SYSTEMPATH\CodeIgniter.php(349): CodeIgniter\CodeIgniter->handleRequest(null, Object(Config\Cache), false)
 9 FCPATH\index.php(80): CodeIgniter\CodeIgniter->run()
ERROR - 2025-06-12 05:19:46 --> Unknown column 'long_description' in 'field list'
CRITICAL - 2025-06-12 05:19:46 --> Unknown column 'long_description' in 'field list'
in SYSTEMPATH\Database\MySQLi\Connection.php on line 292.
 1 SYSTEMPATH\Database\MySQLi\Connection.php(292): mysqli->query('SELECT item_code, prq.unit_id as unit_id, unit_price, quantity, into_money, long_description as description, prq.tax as tax, tax_name, tax_rate, item_text, tax_value, total as total_money, total as total FROM rise_pur_request_detail prq LEFT JOIN rise_items it ON prq.item_code = it.id WHERE prq.pur_request = 18', 0)
 2 SYSTEMPATH\Database\BaseConnection.php(695): CodeIgniter\Database\MySQLi\Connection->execute('SELECT item_code, prq.unit_id as unit_id, unit_price, quantity, into_money, long_description as description, prq.tax as tax, tax_name, tax_rate, item_text, tax_value, total as total_money, total as total FROM rise_pur_request_detail prq LEFT JOIN rise_items it ON prq.item_code = it.id WHERE prq.pur_request = 18')
 3 SYSTEMPATH\Database\BaseConnection.php(609): CodeIgniter\Database\BaseConnection->simpleQuery('SELECT item_code, prq.unit_id as unit_id, unit_price, quantity, into_money, long_description as description, prq.tax as tax, tax_name, tax_rate, item_text, tax_value, total as total_money, total as total FROM rise_pur_request_detail prq LEFT JOIN rise_items it ON prq.item_code = it.id WHERE prq.pur_request = 18')
 4 FCPATH\plugins\Purchase\Models\Purchase_model.php(4829): CodeIgniter\Database\BaseConnection->query('SELECT item_code, prq.unit_id as unit_id, unit_price, quantity, into_money, long_description as description, prq.tax as tax, tax_name, tax_rate, item_text, tax_value, total as total_money, total as total FROM rise_pur_request_detail prq LEFT JOIN rise_items it ON prq.item_code = it.id WHERE prq.pur_request = 18')
 5 FCPATH\plugins\Purchase\Controllers\Purchase.php(3318): Purchase\Models\Purchase_model->get_pur_request_detail_in_estimate('18')
 6 SYSTEMPATH\CodeIgniter.php(896): Purchase\Controllers\Purchase->coppy_pur_request('18')
 7 SYSTEMPATH\CodeIgniter.php(466): CodeIgniter\CodeIgniter->runController(Object(Purchase\Controllers\Purchase))
 8 SYSTEMPATH\CodeIgniter.php(349): CodeIgniter\CodeIgniter->handleRequest(null, Object(Config\Cache), false)
 9 FCPATH\index.php(80): CodeIgniter\CodeIgniter->run()
CRITICAL - 2025-06-12 05:20:02 --> Printing DataArray
(
    [additional_discount] => 0
    [vendor] => 6
    [pur_request] => 18
    [number] => 00003
    [buyer] => 1
    [currency] => INR
    [date] => 2025-06-12
    [expirydate] => 2025-06-12
    [item_select] => 
    [from_currency] => INR
    [currency_rate] => 1
    [item_name] => 
    [unit_price] => 
    [quantity] => 
    [unit_name] => 
    [tax_value] => 
    [discount] => 
    [discount_money] => 
    [item_code] => 
    [unit_id] => 
    [total] => 
    [total_money] => 
    [into_money] => 
    [newitems] => Array
        (
            [1] => Array
                (
                    [order] => 1
                    [id] => undefined
                    [item_name] => TESTMETER_Test Meter
                    [unit_price] => 1234.00
                    [quantity] => 1
                    [tax_select] => Array
                        (
                            [0] => Tax (10%)|10
                        )

                    [tax_value] => 123.4
                    [discount] => 
                    [discount_money] => 0
                    [item_code] => 14
                    [unit_id] => 7
                    [total] => 1357.4
                    [total_money] => 1357.4
                    [into_money] => 1234
                )

        )

    [total_mn] => 1234.00
    [dc_total] => 0.00
    [shipping_fee] => 0
    [grand_total] => 1357.40
    [vendornote] => Shipping and logistics would be billed by vendor
    [terms] => Only 50%  advance and rest after delivery
)

ERROR - 2025-06-12 05:20:03 --> DEBUG: $sGroupBy = 
ERROR - 2025-06-12 05:20:03 --> Got row asArray
(
    [number] => 1
    [total] => 5500.00
    [total_tax] => 0.00
    [vendor] => 1
    [pur_request] => 13
    [date] => 2025-06-08
    [expirydate] => 2025-06-08
    [status] => 2
    [id] => 1
    [invoiceid] => 
    [deleted_vendor_name] => 
    [currency] => 
    [company] => Surya Infotech
    [pur_rq_name] => #-00005-2025
    [pur_rq_code] => #-00005-2025
)

ERROR - 2025-06-12 05:20:03 --> Got row asArray
(
    [number] => 2
    [total] => 1356.30
    [total_tax] => 123.30
    [vendor] => 3
    [pur_request] => 15
    [date] => 2025-06-12
    [expirydate] => 2025-06-12
    [status] => 2
    [id] => 2
    [invoiceid] => 
    [deleted_vendor_name] => 
    [currency] => HRK
    [company] => OM JAI ELECTRICALS
    [pur_rq_name] => #RAJ-00007-2025
    [pur_rq_code] => #RAJ-00007-2025
)

ERROR - 2025-06-12 05:20:03 --> Got row asArray
(
    [number] => 3
    [total] => 1357.40
    [total_tax] => 123.40
    [vendor] => 6
    [pur_request] => 18
    [date] => 2025-06-12
    [expirydate] => 2025-06-12
    [status] => 1
    [id] => 3
    [invoiceid] => 
    [deleted_vendor_name] => 
    [currency] => INR
    [company] => RDYsOLUTIONS
    [pur_rq_name] => #RAJ-00010-2025
    [pur_rq_code] => #RAJ-00010-2025
)

ERROR - 2025-06-12 05:20:14 --> DEBUG: $sGroupBy = 
ERROR - 2025-06-12 05:20:14 --> Got row asArray
(
    [number] => 1
    [total] => 5500.00
    [total_tax] => 0.00
    [vendor] => 1
    [pur_request] => 13
    [date] => 2025-06-08
    [expirydate] => 2025-06-08
    [status] => 2
    [id] => 1
    [invoiceid] => 
    [deleted_vendor_name] => 
    [currency] => 
    [company] => Surya Infotech
    [pur_rq_name] => #-00005-2025
    [pur_rq_code] => #-00005-2025
)

ERROR - 2025-06-12 05:20:14 --> Got row asArray
(
    [number] => 2
    [total] => 1356.30
    [total_tax] => 123.30
    [vendor] => 3
    [pur_request] => 15
    [date] => 2025-06-12
    [expirydate] => 2025-06-12
    [status] => 2
    [id] => 2
    [invoiceid] => 
    [deleted_vendor_name] => 
    [currency] => HRK
    [company] => OM JAI ELECTRICALS
    [pur_rq_name] => #RAJ-00007-2025
    [pur_rq_code] => #RAJ-00007-2025
)

ERROR - 2025-06-12 05:20:14 --> Got row asArray
(
    [number] => 3
    [total] => 1357.40
    [total_tax] => 123.40
    [vendor] => 6
    [pur_request] => 18
    [date] => 2025-06-12
    [expirydate] => 2025-06-12
    [status] => 1
    [id] => 3
    [invoiceid] => 
    [deleted_vendor_name] => 
    [currency] => INR
    [company] => RDYsOLUTIONS
    [pur_rq_name] => #RAJ-00010-2025
    [pur_rq_code] => #RAJ-00010-2025
)

ERROR - 2025-06-12 05:22:07 --> DEBUG: $sGroupBy = 
ERROR - 2025-06-12 05:22:21 --> DEBUG: $sGroupBy = 
ERROR - 2025-06-12 05:22:25 --> DEBUG: $sGroupBy = 
ERROR - 2025-06-12 05:22:29 --> DEBUG: $sGroupBy = 
ERROR - 2025-06-12 05:22:33 --> DEBUG: $sGroupBy = 
ERROR - 2025-06-12 05:22:38 --> DEBUG: $sGroupBy = 
ERROR - 2025-06-12 05:22:42 --> DEBUG: $sGroupBy = 
ERROR - 2025-06-12 05:22:49 --> DEBUG: $sGroupBy = 
ERROR - 2025-06-12 05:22:49 --> Got row asArray
(
    [number] => 1
    [total] => 5500.00
    [total_tax] => 0.00
    [vendor] => 1
    [pur_request] => 13
    [date] => 2025-06-08
    [expirydate] => 2025-06-08
    [status] => 2
    [id] => 1
    [invoiceid] => 
    [deleted_vendor_name] => 
    [currency] => 
    [company] => Surya Infotech
    [pur_rq_name] => #-00005-2025
    [pur_rq_code] => #-00005-2025
)

ERROR - 2025-06-12 05:22:49 --> Got row asArray
(
    [number] => 2
    [total] => 1356.30
    [total_tax] => 123.30
    [vendor] => 3
    [pur_request] => 15
    [date] => 2025-06-12
    [expirydate] => 2025-06-12
    [status] => 2
    [id] => 2
    [invoiceid] => 
    [deleted_vendor_name] => 
    [currency] => HRK
    [company] => OM JAI ELECTRICALS
    [pur_rq_name] => #RAJ-00007-2025
    [pur_rq_code] => #RAJ-00007-2025
)

ERROR - 2025-06-12 05:22:49 --> Got row asArray
(
    [number] => 3
    [total] => 1357.40
    [total_tax] => 123.40
    [vendor] => 6
    [pur_request] => 18
    [date] => 2025-06-12
    [expirydate] => 2025-06-12
    [status] => 1
    [id] => 3
    [invoiceid] => 
    [deleted_vendor_name] => 
    [currency] => INR
    [company] => 
    [pur_rq_name] => 
    [pur_rq_code] => 
)

ERROR - 2025-06-12 05:22:55 --> DEBUG: $sGroupBy = 
ERROR - 2025-06-12 05:22:55 --> Got row asArray
(
    [number] => 1
    [total] => 5500.00
    [total_tax] => 0.00
    [vendor] => 1
    [pur_request] => 13
    [date] => 2025-06-08
    [expirydate] => 2025-06-08
    [status] => 2
    [id] => 1
    [invoiceid] => 
    [deleted_vendor_name] => 
    [currency] => 
    [company] => Surya Infotech
    [pur_rq_name] => #-00005-2025
    [pur_rq_code] => #-00005-2025
)

ERROR - 2025-06-12 05:22:55 --> Got row asArray
(
    [number] => 2
    [total] => 1356.30
    [total_tax] => 123.30
    [vendor] => 3
    [pur_request] => 15
    [date] => 2025-06-12
    [expirydate] => 2025-06-12
    [status] => 2
    [id] => 2
    [invoiceid] => 
    [deleted_vendor_name] => 
    [currency] => HRK
    [company] => OM JAI ELECTRICALS
    [pur_rq_name] => #RAJ-00007-2025
    [pur_rq_code] => #RAJ-00007-2025
)

ERROR - 2025-06-12 05:25:04 --> DEBUG: $sGroupBy = 
ERROR - 2025-06-12 05:28:56 --> DEBUG: $sGroupBy = 
ERROR - 2025-06-12 05:29:12 --> DEBUG: $sGroupBy = 
ERROR - 2025-06-12 05:29:30 --> DEBUG: $sGroupBy = 
ERROR - 2025-06-12 05:29:36 --> DEBUG: $sGroupBy = 
ERROR - 2025-06-12 05:30:17 --> DEBUG: $sGroupBy = 
ERROR - 2025-06-12 05:30:29 --> Email: sendWithMail throwed mail(): Failed to connect to mailserver at &quot;localhost&quot; port 25, verify your &quot;SMTP&quot; and &quot;smtp_port&quot; setting in php.ini or use ini_set()
CRITICAL - 2025-06-12 05:30:29 --> Unable to send email using PHP mail(). Your server might not be configured to send mail using this method.<br /><pre>Date: Thu, 12 Jun 2025 05:30:27 -0500
From: &lt;&gt;
Return-Path: &lt;&gt;
Reply-To: &lt;&gt;
User-Agent: CodeIgniter
X-Mailer: CodeIgniter
X-Priority: 3 (Normal)
Message-ID: &lt;684aac430fabc2.90433923&gt;
Mime-Version: 1.0
Content-Type: multipart/alternative; boundary=&quot;B_ALT_684aac430fad64.28643633&quot;
=?UTF-8?Q?default=5Flang.request=5Fapproval?=
This is a multi-part message in MIME format.
Your email application may not support this format.

--B_ALT_684aac430fad64.28643633
Content-Type: text/plain; charset=UTF-8
Content-Transfer-Encoding: 8bit

You receive an approval request Purchase Request
http://localhost/rsra_new/rsra/index.php/purchase/view_pur_request/19 from
Sumit Ranjan


--B_ALT_684aac430fad64.28643633
Content-Type: text/html; charset=UTF-8
Content-Transfer-Encoding: quoted-printable

You receive an approval request Purchase Request &lt;a href=3D&quot;http://localhos=
t/rsra_new/rsra/index.php/purchase/view_pur_request/19&quot;&gt;http://localhost/rs=
ra_new/rsra/index.php/purchase/view_pur_request/19&lt;/a&gt; from Sumit Ranjan

--B_ALT_684aac430fad64.28643633--</pre>
in APPPATH\Helpers\general_helper.php on line 662.
 1 FCPATH\plugins\Purchase\Models\Purchase_model.php(3376): send_app_mail('ananddhariwalrs@gmail.com', 'default_lang.request_approval', 'You receive an approval request Purchase Request <a href="http://localhost/rsra_new/rsra/index.php/purchase/view_pur_request/19">http://localhost/rsra_new/rsra/index.php/purchase/view_pur_request/19</a> from Sumit Ranjan')
 2 FCPATH\plugins\Purchase\Controllers\Purchase.php(2584): Purchase\Models\Purchase_model->send_mail([...])
 3 SYSTEMPATH\CodeIgniter.php(896): Purchase\Controllers\Purchase->send_mail()
 4 SYSTEMPATH\CodeIgniter.php(466): CodeIgniter\CodeIgniter->runController(Object(Purchase\Controllers\Purchase))
 5 SYSTEMPATH\CodeIgniter.php(349): CodeIgniter\CodeIgniter->handleRequest(null, Object(Config\Cache), false)
 6 FCPATH\index.php(80): CodeIgniter\CodeIgniter->run()
ERROR - 2025-06-12 05:30:37 --> DEBUG: $sGroupBy = 
ERROR - 2025-06-12 05:30:56 --> Email: sendWithMail throwed mail(): Failed to connect to mailserver at &quot;localhost&quot; port 25, verify your &quot;SMTP&quot; and &quot;smtp_port&quot; setting in php.ini or use ini_set()
CRITICAL - 2025-06-12 05:30:56 --> Unable to send email using PHP mail(). Your server might not be configured to send mail using this method.<br /><pre>Date: Thu, 12 Jun 2025 05:30:54 -0500
From: &lt;&gt;
Return-Path: &lt;&gt;
Reply-To: &lt;&gt;
User-Agent: CodeIgniter
X-Mailer: CodeIgniter
X-Priority: 3 (Normal)
Message-ID: &lt;684aac5e4c4725.05870563&gt;
Mime-Version: 1.0
Content-Type: multipart/alternative; boundary=&quot;B_ALT_684aac5e4c4893.37091978&quot;
=?UTF-8?Q?default=5Flang.request=5Fapproval?=
This is a multi-part message in MIME format.
Your email application may not support this format.

--B_ALT_684aac5e4c4893.37091978
Content-Type: text/plain; charset=UTF-8
Content-Transfer-Encoding: 8bit

You receive an approval request Purchase Request
http://localhost/rsra_new/rsra/index.php/purchase/view_pur_request/19 from
Sumit Ranjan


--B_ALT_684aac5e4c4893.37091978
Content-Type: text/html; charset=UTF-8
Content-Transfer-Encoding: quoted-printable

You receive an approval request Purchase Request &lt;a href=3D&quot;http://localhos=
t/rsra_new/rsra/index.php/purchase/view_pur_request/19&quot;&gt;http://localhost/rs=
ra_new/rsra/index.php/purchase/view_pur_request/19&lt;/a&gt; from Sumit Ranjan

--B_ALT_684aac5e4c4893.37091978--</pre>
in APPPATH\Helpers\general_helper.php on line 662.
 1 FCPATH\plugins\Purchase\Models\Purchase_model.php(3376): send_app_mail('tikam60@gmail.com', 'default_lang.request_approval', 'You receive an approval request Purchase Request <a href="http://localhost/rsra_new/rsra/index.php/purchase/view_pur_request/19">http://localhost/rsra_new/rsra/index.php/purchase/view_pur_request/19</a> from Sumit Ranjan')
 2 FCPATH\plugins\Purchase\Controllers\Purchase.php(2584): Purchase\Models\Purchase_model->send_mail([...])
 3 SYSTEMPATH\CodeIgniter.php(896): Purchase\Controllers\Purchase->send_mail()
 4 SYSTEMPATH\CodeIgniter.php(466): CodeIgniter\CodeIgniter->runController(Object(Purchase\Controllers\Purchase))
 5 SYSTEMPATH\CodeIgniter.php(349): CodeIgniter\CodeIgniter->handleRequest(null, Object(Config\Cache), false)
 6 FCPATH\index.php(80): CodeIgniter\CodeIgniter->run()
ERROR - 2025-06-12 05:31:03 --> DEBUG: $sGroupBy = 
ERROR - 2025-06-12 05:31:27 --> Email: sendWithMail throwed mail(): Failed to connect to mailserver at &quot;localhost&quot; port 25, verify your &quot;SMTP&quot; and &quot;smtp_port&quot; setting in php.ini or use ini_set()
CRITICAL - 2025-06-12 05:31:27 --> Unable to send email using PHP mail(). Your server might not be configured to send mail using this method.<br /><pre>Date: Thu, 12 Jun 2025 05:31:25 -0500
From: &lt;&gt;
Return-Path: &lt;&gt;
Reply-To: &lt;&gt;
User-Agent: CodeIgniter
X-Mailer: CodeIgniter
X-Priority: 3 (Normal)
Message-ID: &lt;684aac7d005d30.25387081&gt;
Mime-Version: 1.0
Content-Type: multipart/alternative; boundary=&quot;B_ALT_684aac7d005e91.73755671&quot;
=?UTF-8?Q?Approval=20notification?=
This is a multi-part message in MIME format.
Your email application may not support this format.

--B_ALT_684aac7d005e91.73755671
Content-Type: text/plain; charset=UTF-8
Content-Transfer-Encoding: 8bit

default_lang.send_approve Purchase Request
http://localhost/rsra_new/rsra/index.php/purchase/view_pur_request/19 by
Tikam Singh


--B_ALT_684aac7d005e91.73755671
Content-Type: text/html; charset=UTF-8
Content-Transfer-Encoding: quoted-printable

default_lang.send_approve Purchase Request &lt;a href=3D&quot;http://localhost/rsra=
_new/rsra/index.php/purchase/view_pur_request/19&quot;&gt;http://localhost/rsra_new=
/rsra/index.php/purchase/view_pur_request/19&lt;/a&gt;  by Tikam Singh

--B_ALT_684aac7d005e91.73755671--</pre>
in APPPATH\Helpers\general_helper.php on line 662.
 1 FCPATH\plugins\Purchase\Models\Purchase_model.php(3406): send_app_mail('sumitranjan245@gmail.com', 'Approval notification', 'default_lang.send_approve Purchase Request <a href="http://localhost/rsra_new/rsra/index.php/purchase/view_pur_request/19">http://localhost/rsra_new/rsra/index.php/purchase/view_pur_request/19</a>  by Tikam Singh')
 2 FCPATH\plugins\Purchase\Controllers\Purchase.php(2584): Purchase\Models\Purchase_model->send_mail([...])
 3 SYSTEMPATH\CodeIgniter.php(896): Purchase\Controllers\Purchase->send_mail()
 4 SYSTEMPATH\CodeIgniter.php(466): CodeIgniter\CodeIgniter->runController(Object(Purchase\Controllers\Purchase))
 5 SYSTEMPATH\CodeIgniter.php(349): CodeIgniter\CodeIgniter->handleRequest(null, Object(Config\Cache), false)
 6 FCPATH\index.php(80): CodeIgniter\CodeIgniter->run()
ERROR - 2025-06-12 05:31:30 --> DEBUG: $sGroupBy = 
ERROR - 2025-06-12 05:34:51 --> Error connecting to the database: No connection could be made because the target machine actively refused it
CRITICAL - 2025-06-12 05:34:51 --> Unable to connect to the database.
Main connection [MySQLi]: No connection could be made because the target machine actively refused it
in SYSTEMPATH\Database\BaseConnection.php on line 416.
 1 SYSTEMPATH\Database\BaseConnection.php(586): CodeIgniter\Database\BaseConnection->initialize()
 2 APPPATH\Models\Crud_model.php(27): CodeIgniter\Database\BaseConnection->query('SET sql_mode = \'\'')
 3 APPPATH\Models\Settings_model.php(11): App\Models\Crud_model->__construct('settings')
 4 SYSTEMPATH\Config\Factories.php(126): App\Models\Settings_model->__construct(null)
 5 SYSTEMPATH\Config\Factories.php(83): CodeIgniter\Config\Factories::__callStatic('models', [...])
 6 SYSTEMPATH\Common.php(811): CodeIgniter\Config\Factories::models('App\\Models\\Settings_model', [...], null)
 7 APPPATH\Controllers\App_Controller.php(33): model('App\\Models\\Settings_model')
 8 APPPATH\Controllers\Security_Controller.php(17): App\Controllers\App_Controller->__construct()
 9 FCPATH\plugins\Purchase\Controllers\Purchase.php(20): App\Controllers\Security_Controller->__construct()
10 SYSTEMPATH\CodeIgniter.php(858): Purchase\Controllers\Purchase->__construct()
11 SYSTEMPATH\CodeIgniter.php(457): CodeIgniter\CodeIgniter->createController()
12 SYSTEMPATH\CodeIgniter.php(349): CodeIgniter\CodeIgniter->handleRequest(null, Object(Config\Cache), false)
13 FCPATH\index.php(80): CodeIgniter\CodeIgniter->run()
ERROR - 2025-06-12 05:36:19 --> Error connecting to the database: No connection could be made because the target machine actively refused it
CRITICAL - 2025-06-12 05:36:19 --> Unable to connect to the database.
Main connection [MySQLi]: No connection could be made because the target machine actively refused it
in SYSTEMPATH\Database\BaseConnection.php on line 416.
 1 SYSTEMPATH\Database\BaseConnection.php(586): CodeIgniter\Database\BaseConnection->initialize()
 2 APPPATH\Models\Crud_model.php(27): CodeIgniter\Database\BaseConnection->query('SET sql_mode = \'\'')
 3 APPPATH\Models\Settings_model.php(11): App\Models\Crud_model->__construct('settings')
 4 SYSTEMPATH\Config\Factories.php(126): App\Models\Settings_model->__construct(null)
 5 SYSTEMPATH\Config\Factories.php(83): CodeIgniter\Config\Factories::__callStatic('models', [...])
 6 SYSTEMPATH\Common.php(811): CodeIgniter\Config\Factories::models('App\\Models\\Settings_model', [...], null)
 7 APPPATH\Controllers\App_Controller.php(33): model('App\\Models\\Settings_model')
 8 APPPATH\Controllers\Security_Controller.php(17): App\Controllers\App_Controller->__construct()
 9 APPPATH\Controllers\Dashboard.php(11): App\Controllers\Security_Controller->__construct()
10 SYSTEMPATH\CodeIgniter.php(858): App\Controllers\Dashboard->__construct()
11 SYSTEMPATH\CodeIgniter.php(457): CodeIgniter\CodeIgniter->createController()
12 SYSTEMPATH\CodeIgniter.php(349): CodeIgniter\CodeIgniter->handleRequest(null, Object(Config\Cache), false)
13 FCPATH\index.php(80): CodeIgniter\CodeIgniter->run()
ERROR - 2025-06-12 05:38:00 --> Error connecting to the database: No connection could be made because the target machine actively refused it
CRITICAL - 2025-06-12 05:38:00 --> Unable to connect to the database.
Main connection [MySQLi]: No connection could be made because the target machine actively refused it
in SYSTEMPATH\Database\BaseConnection.php on line 416.
 1 SYSTEMPATH\Database\BaseConnection.php(586): CodeIgniter\Database\BaseConnection->initialize()
 2 APPPATH\Models\Crud_model.php(27): CodeIgniter\Database\BaseConnection->query('SET sql_mode = \'\'')
 3 APPPATH\Models\Settings_model.php(11): App\Models\Crud_model->__construct('settings')
 4 SYSTEMPATH\Config\Factories.php(126): App\Models\Settings_model->__construct(null)
 5 SYSTEMPATH\Config\Factories.php(83): CodeIgniter\Config\Factories::__callStatic('models', [...])
 6 SYSTEMPATH\Common.php(811): CodeIgniter\Config\Factories::models('App\\Models\\Settings_model', [...], null)
 7 APPPATH\Controllers\App_Controller.php(33): model('App\\Models\\Settings_model')
 8 APPPATH\Controllers\Security_Controller.php(17): App\Controllers\App_Controller->__construct()
 9 FCPATH\plugins\Purchase\Controllers\Purchase.php(20): App\Controllers\Security_Controller->__construct()
10 SYSTEMPATH\CodeIgniter.php(858): Purchase\Controllers\Purchase->__construct()
11 SYSTEMPATH\CodeIgniter.php(457): CodeIgniter\CodeIgniter->createController()
12 SYSTEMPATH\CodeIgniter.php(349): CodeIgniter\CodeIgniter->handleRequest(null, Object(Config\Cache), false)
13 FCPATH\index.php(80): CodeIgniter\CodeIgniter->run()
ERROR - 2025-06-12 05:38:11 --> Error connecting to the database: No connection could be made because the target machine actively refused it
CRITICAL - 2025-06-12 05:38:11 --> Unable to connect to the database.
Main connection [MySQLi]: No connection could be made because the target machine actively refused it
in SYSTEMPATH\Database\BaseConnection.php on line 416.
 1 SYSTEMPATH\Database\BaseConnection.php(586): CodeIgniter\Database\BaseConnection->initialize()
 2 APPPATH\Models\Crud_model.php(27): CodeIgniter\Database\BaseConnection->query('SET sql_mode = \'\'')
 3 APPPATH\Models\Settings_model.php(11): App\Models\Crud_model->__construct('settings')
 4 SYSTEMPATH\Config\Factories.php(126): App\Models\Settings_model->__construct(null)
 5 SYSTEMPATH\Config\Factories.php(83): CodeIgniter\Config\Factories::__callStatic('models', [...])
 6 SYSTEMPATH\Common.php(811): CodeIgniter\Config\Factories::models('App\\Models\\Settings_model', [...], null)
 7 APPPATH\Controllers\App_Controller.php(33): model('App\\Models\\Settings_model')
 8 APPPATH\Controllers\Security_Controller.php(17): App\Controllers\App_Controller->__construct()
 9 FCPATH\plugins\Purchase\Controllers\Purchase.php(20): App\Controllers\Security_Controller->__construct()
10 SYSTEMPATH\CodeIgniter.php(858): Purchase\Controllers\Purchase->__construct()
11 SYSTEMPATH\CodeIgniter.php(457): CodeIgniter\CodeIgniter->createController()
12 SYSTEMPATH\CodeIgniter.php(349): CodeIgniter\CodeIgniter->handleRequest(null, Object(Config\Cache), false)
13 FCPATH\index.php(80): CodeIgniter\CodeIgniter->run()
ERROR - 2025-06-12 06:41:40 --> Table 'rsra_db_crm.rise_ci_sessions' doesn't exist in engine
CRITICAL - 2025-06-12 06:41:40 --> Table 'rsra_db_crm.rise_ci_sessions' doesn't exist in engine
in SYSTEMPATH\Database\MySQLi\Connection.php on line 292.
 1 SYSTEMPATH\Database\MySQLi\Connection.php(292): mysqli->query('SELECT `data`
FROM `rise_ci_sessions`
WHERE `id` = \'qu3ne2vkht48dbrleahqt6tamj4mqb9t\'', 0)
 2 SYSTEMPATH\Database\BaseConnection.php(695): CodeIgniter\Database\MySQLi\Connection->execute('SELECT `data`
FROM `rise_ci_sessions`
WHERE `id` = \'qu3ne2vkht48dbrleahqt6tamj4mqb9t\'')
 3 SYSTEMPATH\Database\BaseConnection.php(609): CodeIgniter\Database\BaseConnection->simpleQuery('SELECT `data`
FROM `rise_ci_sessions`
WHERE `id` = \'qu3ne2vkht48dbrleahqt6tamj4mqb9t\'')
 4 SYSTEMPATH\Database\BaseBuilder.php(1585): CodeIgniter\Database\BaseConnection->query('SELECT `data`
FROM `rise_ci_sessions`
WHERE `id` = :id:', [...], false)
 5 SYSTEMPATH\Session\Handlers\DatabaseHandler.php(126): CodeIgniter\Database\BaseBuilder->get()
 6 [internal function]: CodeIgniter\Session\Handlers\DatabaseHandler->read('qu3ne2vkht48dbrleahqt6tamj4mqb9t')
 7 SYSTEMPATH\Session\Session.php(896): session_start()
 8 SYSTEMPATH\Session\Session.php(240): CodeIgniter\Session\Session->startSession()
 9 SYSTEMPATH\Config\Services.php(613): CodeIgniter\Session\Session->start()
10 SYSTEMPATH\Config\BaseService.php(251): CodeIgniter\Config\Services::session(Object(Config\App), false)
11 SYSTEMPATH\Config\BaseService.php(192): CodeIgniter\Config\BaseService::__callStatic('session', [...])
12 SYSTEMPATH\Config\Services.php(585): CodeIgniter\Config\BaseService::getSharedInstance('session', null)
13 SYSTEMPATH\Config\BaseService.php(251): CodeIgniter\Config\Services::session()
14 APPPATH\Models\Users_model.php(82): CodeIgniter\Config\BaseService::__callStatic('session', [])
15 APPPATH\Controllers\App_Controller.php(36): App\Models\Users_model->login_user_id()
16 APPPATH\Controllers\Security_Controller.php(17): App\Controllers\App_Controller->__construct()
17 APPPATH\Controllers\Dashboard.php(11): App\Controllers\Security_Controller->__construct()
18 SYSTEMPATH\CodeIgniter.php(858): App\Controllers\Dashboard->__construct()
19 SYSTEMPATH\CodeIgniter.php(457): CodeIgniter\CodeIgniter->createController()
20 SYSTEMPATH\CodeIgniter.php(349): CodeIgniter\CodeIgniter->handleRequest(null, Object(Config\Cache), false)
21 FCPATH\index.php(80): CodeIgniter\CodeIgniter->run()
ERROR - 2025-06-12 11:15:14 --> Table 'rsra_db_crm.rise_ci_sessions' doesn't exist in engine
CRITICAL - 2025-06-12 11:15:14 --> Table 'rsra_db_crm.rise_ci_sessions' doesn't exist in engine
in SYSTEMPATH\Database\MySQLi\Connection.php on line 292.
 1 SYSTEMPATH\Database\MySQLi\Connection.php(292): mysqli->query('SELECT `data`
FROM `rise_ci_sessions`
WHERE `id` = \'hi0vfmc1gv939a6894hvm7govdiicra0\'', 0)
 2 SYSTEMPATH\Database\BaseConnection.php(695): CodeIgniter\Database\MySQLi\Connection->execute('SELECT `data`
FROM `rise_ci_sessions`
WHERE `id` = \'hi0vfmc1gv939a6894hvm7govdiicra0\'')
 3 SYSTEMPATH\Database\BaseConnection.php(609): CodeIgniter\Database\BaseConnection->simpleQuery('SELECT `data`
FROM `rise_ci_sessions`
WHERE `id` = \'hi0vfmc1gv939a6894hvm7govdiicra0\'')
 4 SYSTEMPATH\Database\BaseBuilder.php(1585): CodeIgniter\Database\BaseConnection->query('SELECT `data`
FROM `rise_ci_sessions`
WHERE `id` = :id:', [...], false)
 5 SYSTEMPATH\Session\Handlers\DatabaseHandler.php(126): CodeIgniter\Database\BaseBuilder->get()
 6 [internal function]: CodeIgniter\Session\Handlers\DatabaseHandler->read('hi0vfmc1gv939a6894hvm7govdiicra0')
 7 SYSTEMPATH\Session\Session.php(896): session_start()
 8 SYSTEMPATH\Session\Session.php(240): CodeIgniter\Session\Session->startSession()
 9 SYSTEMPATH\Config\Services.php(613): CodeIgniter\Session\Session->start()
10 SYSTEMPATH\Config\BaseService.php(251): CodeIgniter\Config\Services::session(Object(Config\App), false)
11 SYSTEMPATH\Config\BaseService.php(192): CodeIgniter\Config\BaseService::__callStatic('session', [...])
12 SYSTEMPATH\Config\Services.php(585): CodeIgniter\Config\BaseService::getSharedInstance('session', null)
13 SYSTEMPATH\Config\BaseService.php(251): CodeIgniter\Config\Services::session()
14 APPPATH\Models\Users_model.php(82): CodeIgniter\Config\BaseService::__callStatic('session', [])
15 APPPATH\Controllers\App_Controller.php(36): App\Models\Users_model->login_user_id()
16 APPPATH\Controllers\Security_Controller.php(17): App\Controllers\App_Controller->__construct()
17 APPPATH\Controllers\Dashboard.php(11): App\Controllers\Security_Controller->__construct()
18 SYSTEMPATH\CodeIgniter.php(858): App\Controllers\Dashboard->__construct()
19 SYSTEMPATH\CodeIgniter.php(457): CodeIgniter\CodeIgniter->createController()
20 SYSTEMPATH\CodeIgniter.php(349): CodeIgniter\CodeIgniter->handleRequest(null, Object(Config\Cache), false)
21 FCPATH\index.php(80): CodeIgniter\CodeIgniter->run()
